<?xml version="1.0" encoding="UTF-8"?>
<testsuite xmlns:xsi="http://www.w3.org/2001/XMLSchema-instance" xsi:noNamespaceSchemaLocation="https://maven.apache.org/surefire/maven-surefire-plugin/xsd/surefire-test-report-3.0.xsd" version="3.0" name="TestSuite" time="776.174" tests="1" errors="0" skipped="0" failures="0">
  <properties>
    <property name="sun.desktop" value="windows"/>
    <property name="awt.toolkit" value="sun.awt.windows.WToolkit"/>
    <property name="file.encoding.pkg" value="sun.io"/>
    <property name="java.specification.version" value="1.8"/>
    <property name="webdriver.chrome.driver" value="C:\Users\Murugan\.cache\selenium\chromedriver\win32\98.0.4758.102\chromedriver.exe"/>
    <property name="sun.cpu.isalist" value="amd64"/>
    <property name="sun.jnu.encoding" value="Cp1252"/>
    <property name="java.class.path" value="D:\Workspace\Amazon_Relay_TR_Pagination\target\test-classes;D:\Workspace\Amazon_Relay_TR_Pagination\target\classes;C:\Users\Murugan\.m2\repository\org\seleniumhq\selenium\selenium-java\3.141.59\selenium-java-3.141.59.jar;C:\Users\Murugan\.m2\repository\org\seleniumhq\selenium\selenium-api\3.141.59\selenium-api-3.141.59.jar;C:\Users\Murugan\.m2\repository\org\seleniumhq\selenium\selenium-chrome-driver\3.141.59\selenium-chrome-driver-3.141.59.jar;C:\Users\Murugan\.m2\repository\org\seleniumhq\selenium\selenium-edge-driver\3.141.59\selenium-edge-driver-3.141.59.jar;C:\Users\Murugan\.m2\repository\org\seleniumhq\selenium\selenium-firefox-driver\3.141.59\selenium-firefox-driver-3.141.59.jar;C:\Users\Murugan\.m2\repository\org\seleniumhq\selenium\selenium-ie-driver\3.141.59\selenium-ie-driver-3.141.59.jar;C:\Users\Murugan\.m2\repository\org\seleniumhq\selenium\selenium-opera-driver\3.141.59\selenium-opera-driver-3.141.59.jar;C:\Users\Murugan\.m2\repository\org\seleniumhq\selenium\selenium-remote-driver\3.141.59\selenium-remote-driver-3.141.59.jar;C:\Users\Murugan\.m2\repository\org\seleniumhq\selenium\selenium-safari-driver\3.141.59\selenium-safari-driver-3.141.59.jar;C:\Users\Murugan\.m2\repository\org\seleniumhq\selenium\selenium-support\3.141.59\selenium-support-3.141.59.jar;C:\Users\Murugan\.m2\repository\net\bytebuddy\byte-buddy\1.8.15\byte-buddy-1.8.15.jar;C:\Users\Murugan\.m2\repository\org\apache\commons\commons-exec\1.3\commons-exec-1.3.jar;C:\Users\Murugan\.m2\repository\com\google\guava\guava\25.0-jre\guava-25.0-jre.jar;C:\Users\Murugan\.m2\repository\com\google\code\findbugs\jsr305\1.3.9\jsr305-1.3.9.jar;C:\Users\Murugan\.m2\repository\org\checkerframework\checker-compat-qual\2.0.0\checker-compat-qual-2.0.0.jar;C:\Users\Murugan\.m2\repository\com\google\errorprone\error_prone_annotations\2.1.3\error_prone_annotations-2.1.3.jar;C:\Users\Murugan\.m2\repository\com\google\j2objc\j2objc-annotations\1.1\j2objc-annotations-1.1.jar;C:\Users\Murugan\.m2\repository\org\codehaus\mojo\animal-sniffer-annotations\1.14\animal-sniffer-annotations-1.14.jar;C:\Users\Murugan\.m2\repository\com\squareup\okhttp3\okhttp\3.11.0\okhttp-3.11.0.jar;C:\Users\Murugan\.m2\repository\com\squareup\okio\okio\1.14.0\okio-1.14.0.jar;C:\Users\Murugan\.m2\repository\io\github\bonigarcia\webdrivermanager\4.4.0\webdrivermanager-4.4.0.jar;C:\Users\Murugan\.m2\repository\org\slf4j\slf4j-api\1.7.30\slf4j-api-1.7.30.jar;C:\Users\Murugan\.m2\repository\commons-io\commons-io\2.8.0\commons-io-2.8.0.jar;C:\Users\Murugan\.m2\repository\com\google\code\gson\gson\2.8.6\gson-2.8.6.jar;C:\Users\Murugan\.m2\repository\org\apache\commons\commons-lang3\3.12.0\commons-lang3-3.12.0.jar;C:\Users\Murugan\.m2\repository\org\apache\httpcomponents\client5\httpclient5\5.0.3\httpclient5-5.0.3.jar;C:\Users\Murugan\.m2\repository\org\apache\httpcomponents\core5\httpcore5\5.0.2\httpcore5-5.0.2.jar;C:\Users\Murugan\.m2\repository\org\apache\httpcomponents\core5\httpcore5-h2\5.0.2\httpcore5-h2-5.0.2.jar;C:\Users\Murugan\.m2\repository\org\rauschig\jarchivelib\1.1.0\jarchivelib-1.1.0.jar;C:\Users\Murugan\.m2\repository\org\jsoup\jsoup\1.13.1\jsoup-1.13.1.jar;C:\Users\Murugan\.m2\repository\org\testng\testng\6.14.3\testng-6.14.3.jar;C:\Users\Murugan\.m2\repository\org\apache-extras\beanshell\bsh\2.0b6\bsh-2.0b6.jar;C:\Users\Murugan\.m2\repository\com\beust\jcommander\1.72\jcommander-1.72.jar;C:\Users\Murugan\.m2\repository\junit\junit\4.12\junit-4.12.jar;C:\Users\Murugan\.m2\repository\org\hamcrest\hamcrest-core\1.3\hamcrest-core-1.3.jar;C:\Users\Murugan\.m2\repository\org\hamcrest\hamcrest-all\1.3\hamcrest-all-1.3.jar;C:\Users\Murugan\.m2\repository\io\rest-assured\rest-assured\4.3.0\rest-assured-4.3.0.jar;C:\Users\Murugan\.m2\repository\org\codehaus\groovy\groovy\3.0.2\groovy-3.0.2.jar;C:\Users\Murugan\.m2\repository\org\codehaus\groovy\groovy-xml\3.0.2\groovy-xml-3.0.2.jar;C:\Users\Murugan\.m2\repository\org\apache\httpcomponents\httpclient\4.5.3\httpclient-4.5.3.jar;C:\Users\Murugan\.m2\repository\org\apache\httpcomponents\httpcore\4.4.6\httpcore-4.4.6.jar;C:\Users\Murugan\.m2\repository\commons-logging\commons-logging\1.2\commons-logging-1.2.jar;C:\Users\Murugan\.m2\repository\org\apache\httpcomponents\httpmime\4.5.3\httpmime-4.5.3.jar;C:\Users\Murugan\.m2\repository\org\hamcrest\hamcrest\2.1\hamcrest-2.1.jar;C:\Users\Murugan\.m2\repository\org\ccil\cowan\tagsoup\tagsoup\1.2.1\tagsoup-1.2.1.jar;C:\Users\Murugan\.m2\repository\io\rest-assured\json-path\4.3.0\json-path-4.3.0.jar;C:\Users\Murugan\.m2\repository\org\codehaus\groovy\groovy-json\3.0.2\groovy-json-3.0.2.jar;C:\Users\Murugan\.m2\repository\io\rest-assured\rest-assured-common\4.3.0\rest-assured-common-4.3.0.jar;C:\Users\Murugan\.m2\repository\io\rest-assured\xml-path\4.3.0\xml-path-4.3.0.jar;C:\Users\Murugan\.m2\repository\jakarta\xml\bind\jakarta.xml.bind-api\2.3.2\jakarta.xml.bind-api-2.3.2.jar;C:\Users\Murugan\.m2\repository\jakarta\activation\jakarta.activation-api\1.2.1\jakarta.activation-api-1.2.1.jar;C:\Users\Murugan\.m2\repository\com\sun\xml\bind\jaxb-osgi\2.3.0.1\jaxb-osgi-2.3.0.1.jar;C:\Users\Murugan\.m2\repository\org\apache\sling\org.apache.sling.javax.activation\0.1.0\org.apache.sling.javax.activation-0.1.0.jar;C:\Users\Murugan\.m2\repository\javax\activation\activation\1.1.1\activation-1.1.1.jar;C:\Users\Murugan\.m2\repository\com\googlecode\json-simple\json-simple\1.1.1\json-simple-1.1.1.jar;C:\Users\Murugan\.m2\repository\com\mashape\unirest\unirest-java\1.4.9\unirest-java-1.4.9.jar;C:\Users\Murugan\.m2\repository\org\apache\httpcomponents\httpasyncclient\4.1.1\httpasyncclient-4.1.1.jar;C:\Users\Murugan\.m2\repository\org\apache\httpcomponents\httpcore-nio\4.4.4\httpcore-nio-4.4.4.jar;C:\Users\Murugan\.m2\repository\org\json\json\20160212\json-20160212.jar;C:\Users\Murugan\.m2\repository\org\apache\poi\poi\5.0.0\poi-5.0.0.jar;C:\Users\Murugan\.m2\repository\org\slf4j\jcl-over-slf4j\1.7.30\jcl-over-slf4j-1.7.30.jar;C:\Users\Murugan\.m2\repository\commons-codec\commons-codec\1.15\commons-codec-1.15.jar;C:\Users\Murugan\.m2\repository\org\apache\commons\commons-collections4\4.4\commons-collections4-4.4.jar;C:\Users\Murugan\.m2\repository\org\apache\commons\commons-math3\3.6.1\commons-math3-3.6.1.jar;C:\Users\Murugan\.m2\repository\com\zaxxer\SparseBitSet\1.2\SparseBitSet-1.2.jar;C:\Users\Murugan\.m2\repository\org\apache\poi\poi-ooxml\5.0.0\poi-ooxml-5.0.0.jar;C:\Users\Murugan\.m2\repository\org\apache\poi\poi-ooxml-lite\5.0.0\poi-ooxml-lite-5.0.0.jar;C:\Users\Murugan\.m2\repository\org\apache\xmlbeans\xmlbeans\4.0.0\xmlbeans-4.0.0.jar;C:\Users\Murugan\.m2\repository\xml-apis\xml-apis\1.4.01\xml-apis-1.4.01.jar;C:\Users\Murugan\.m2\repository\org\apache\commons\commons-compress\1.20\commons-compress-1.20.jar;C:\Users\Murugan\.m2\repository\com\github\virtuald\curvesapi\1.06\curvesapi-1.06.jar;C:\Users\Murugan\.m2\repository\org\bouncycastle\bcpkix-jdk15on\1.68\bcpkix-jdk15on-1.68.jar;C:\Users\Murugan\.m2\repository\org\bouncycastle\bcprov-jdk15on\1.68\bcprov-jdk15on-1.68.jar;C:\Users\Murugan\.m2\repository\org\apache\santuario\xmlsec\2.2.1\xmlsec-2.2.1.jar;C:\Users\Murugan\.m2\repository\com\fasterxml\woodstox\woodstox-core\5.2.1\woodstox-core-5.2.1.jar;C:\Users\Murugan\.m2\repository\org\codehaus\woodstox\stax2-api\4.2\stax2-api-4.2.jar;C:\Users\Murugan\.m2\repository\org\apache\xmlgraphics\batik-all\1.13\batik-all-1.13.jar;C:\Users\Murugan\.m2\repository\org\apache\xmlgraphics\batik-anim\1.13\batik-anim-1.13.jar;C:\Users\Murugan\.m2\repository\org\apache\xmlgraphics\batik-shared-resources\1.13\batik-shared-resources-1.13.jar;C:\Users\Murugan\.m2\repository\xml-apis\xml-apis-ext\1.3.04\xml-apis-ext-1.3.04.jar;C:\Users\Murugan\.m2\repository\org\apache\xmlgraphics\batik-awt-util\1.13\batik-awt-util-1.13.jar;C:\Users\Murugan\.m2\repository\org\apache\xmlgraphics\xmlgraphics-commons\2.4\xmlgraphics-commons-2.4.jar;C:\Users\Murugan\.m2\repository\org\apache\xmlgraphics\batik-bridge\1.13\batik-bridge-1.13.jar;C:\Users\Murugan\.m2\repository\org\apache\xmlgraphics\batik-codec\1.13\batik-codec-1.13.jar;C:\Users\Murugan\.m2\repository\org\apache\xmlgraphics\batik-constants\1.13\batik-constants-1.13.jar;C:\Users\Murugan\.m2\repository\org\apache\xmlgraphics\batik-css\1.13\batik-css-1.13.jar;C:\Users\Murugan\.m2\repository\org\apache\xmlgraphics\batik-dom\1.13\batik-dom-1.13.jar;C:\Users\Murugan\.m2\repository\xalan\xalan\2.7.2\xalan-2.7.2.jar;C:\Users\Murugan\.m2\repository\xalan\serializer\2.7.2\serializer-2.7.2.jar;C:\Users\Murugan\.m2\repository\org\apache\xmlgraphics\batik-ext\1.13\batik-ext-1.13.jar;C:\Users\Murugan\.m2\repository\org\apache\xmlgraphics\batik-extension\1.13\batik-extension-1.13.jar;C:\Users\Murugan\.m2\repository\org\apache\xmlgraphics\batik-gui-util\1.13\batik-gui-util-1.13.jar;C:\Users\Murugan\.m2\repository\org\apache\xmlgraphics\batik-gvt\1.13\batik-gvt-1.13.jar;C:\Users\Murugan\.m2\repository\org\apache\xmlgraphics\batik-i18n\1.13\batik-i18n-1.13.jar;C:\Users\Murugan\.m2\repository\org\apache\xmlgraphics\batik-parser\1.13\batik-parser-1.13.jar;C:\Users\Murugan\.m2\repository\org\apache\xmlgraphics\batik-rasterizer-ext\1.13\batik-rasterizer-ext-1.13.jar;C:\Users\Murugan\.m2\repository\org\apache\xmlgraphics\batik-rasterizer\1.13\batik-rasterizer-1.13.jar;C:\Users\Murugan\.m2\repository\org\apache\xmlgraphics\batik-script\1.13\batik-script-1.13.jar;C:\Users\Murugan\.m2\repository\org\apache\xmlgraphics\batik-slideshow\1.13\batik-slideshow-1.13.jar;C:\Users\Murugan\.m2\repository\org\apache\xmlgraphics\batik-squiggle-ext\1.13\batik-squiggle-ext-1.13.jar;C:\Users\Murugan\.m2\repository\org\apache\xmlgraphics\batik-squiggle\1.13\batik-squiggle-1.13.jar;C:\Users\Murugan\.m2\repository\org\apache\xmlgraphics\batik-svg-dom\1.13\batik-svg-dom-1.13.jar;C:\Users\Murugan\.m2\repository\org\apache\xmlgraphics\batik-svgbrowser\1.13\batik-svgbrowser-1.13.jar;C:\Users\Murugan\.m2\repository\org\apache\xmlgraphics\batik-svggen\1.13\batik-svggen-1.13.jar;C:\Users\Murugan\.m2\repository\org\apache\xmlgraphics\batik-svgpp\1.13\batik-svgpp-1.13.jar;C:\Users\Murugan\.m2\repository\org\apache\xmlgraphics\batik-svgrasterizer\1.13\batik-svgrasterizer-1.13.jar;C:\Users\Murugan\.m2\repository\org\apache\xmlgraphics\batik-swing\1.13\batik-swing-1.13.jar;C:\Users\Murugan\.m2\repository\org\apache\xmlgraphics\batik-transcoder\1.13\batik-transcoder-1.13.jar;C:\Users\Murugan\.m2\repository\org\apache\xmlgraphics\batik-util\1.13\batik-util-1.13.jar;C:\Users\Murugan\.m2\repository\org\apache\xmlgraphics\batik-ttf2svg\1.13\batik-ttf2svg-1.13.jar;C:\Users\Murugan\.m2\repository\org\apache\xmlgraphics\batik-xml\1.13\batik-xml-1.13.jar;C:\Users\Murugan\.m2\repository\de\rototor\pdfbox\graphics2d\0.30\graphics2d-0.30.jar;C:\Users\Murugan\.m2\repository\org\apache\pdfbox\pdfbox\2.0.22\pdfbox-2.0.22.jar;C:\Users\Murugan\.m2\repository\org\apache\pdfbox\fontbox\2.0.22\fontbox-2.0.22.jar;"/>
    <property name="java.vm.vendor" value="Oracle Corporation"/>
    <property name="sun.arch.data.model" value="64"/>
    <property name="user.variant" value=""/>
    <property name="java.vendor.url" value="http://java.oracle.com/"/>
    <property name="user.timezone" value="Asia/Calcutta"/>
    <property name="java.vm.specification.version" value="1.8"/>
    <property name="os.name" value="Windows 10"/>
    <property name="user.country" value="US"/>
    <property name="sun.java.launcher" value="SUN_STANDARD"/>
    <property name="sun.boot.library.path" value="C:\Program Files\Java\jre1.8.0_281\bin"/>
    <property name="sun.java.command" value="C:\Users\Murugan\AppData\Local\Temp\surefire830283920819995323\surefirebooter610515484779758393.jar C:\Users\Murugan\AppData\Local\Temp\surefire830283920819995323 2022-02-27T13-39-53_952-jvmRun1 surefire3817683863279582060tmp surefire_08465645343010534364tmp"/>
    <property name="surefire.test.class.path" value="D:\Workspace\Amazon_Relay_TR_Pagination\target\test-classes;D:\Workspace\Amazon_Relay_TR_Pagination\target\classes;C:\Users\Murugan\.m2\repository\org\seleniumhq\selenium\selenium-java\3.141.59\selenium-java-3.141.59.jar;C:\Users\Murugan\.m2\repository\org\seleniumhq\selenium\selenium-api\3.141.59\selenium-api-3.141.59.jar;C:\Users\Murugan\.m2\repository\org\seleniumhq\selenium\selenium-chrome-driver\3.141.59\selenium-chrome-driver-3.141.59.jar;C:\Users\Murugan\.m2\repository\org\seleniumhq\selenium\selenium-edge-driver\3.141.59\selenium-edge-driver-3.141.59.jar;C:\Users\Murugan\.m2\repository\org\seleniumhq\selenium\selenium-firefox-driver\3.141.59\selenium-firefox-driver-3.141.59.jar;C:\Users\Murugan\.m2\repository\org\seleniumhq\selenium\selenium-ie-driver\3.141.59\selenium-ie-driver-3.141.59.jar;C:\Users\Murugan\.m2\repository\org\seleniumhq\selenium\selenium-opera-driver\3.141.59\selenium-opera-driver-3.141.59.jar;C:\Users\Murugan\.m2\repository\org\seleniumhq\selenium\selenium-remote-driver\3.141.59\selenium-remote-driver-3.141.59.jar;C:\Users\Murugan\.m2\repository\org\seleniumhq\selenium\selenium-safari-driver\3.141.59\selenium-safari-driver-3.141.59.jar;C:\Users\Murugan\.m2\repository\org\seleniumhq\selenium\selenium-support\3.141.59\selenium-support-3.141.59.jar;C:\Users\Murugan\.m2\repository\net\bytebuddy\byte-buddy\1.8.15\byte-buddy-1.8.15.jar;C:\Users\Murugan\.m2\repository\org\apache\commons\commons-exec\1.3\commons-exec-1.3.jar;C:\Users\Murugan\.m2\repository\com\google\guava\guava\25.0-jre\guava-25.0-jre.jar;C:\Users\Murugan\.m2\repository\com\google\code\findbugs\jsr305\1.3.9\jsr305-1.3.9.jar;C:\Users\Murugan\.m2\repository\org\checkerframework\checker-compat-qual\2.0.0\checker-compat-qual-2.0.0.jar;C:\Users\Murugan\.m2\repository\com\google\errorprone\error_prone_annotations\2.1.3\error_prone_annotations-2.1.3.jar;C:\Users\Murugan\.m2\repository\com\google\j2objc\j2objc-annotations\1.1\j2objc-annotations-1.1.jar;C:\Users\Murugan\.m2\repository\org\codehaus\mojo\animal-sniffer-annotations\1.14\animal-sniffer-annotations-1.14.jar;C:\Users\Murugan\.m2\repository\com\squareup\okhttp3\okhttp\3.11.0\okhttp-3.11.0.jar;C:\Users\Murugan\.m2\repository\com\squareup\okio\okio\1.14.0\okio-1.14.0.jar;C:\Users\Murugan\.m2\repository\io\github\bonigarcia\webdrivermanager\4.4.0\webdrivermanager-4.4.0.jar;C:\Users\Murugan\.m2\repository\org\slf4j\slf4j-api\1.7.30\slf4j-api-1.7.30.jar;C:\Users\Murugan\.m2\repository\commons-io\commons-io\2.8.0\commons-io-2.8.0.jar;C:\Users\Murugan\.m2\repository\com\google\code\gson\gson\2.8.6\gson-2.8.6.jar;C:\Users\Murugan\.m2\repository\org\apache\commons\commons-lang3\3.12.0\commons-lang3-3.12.0.jar;C:\Users\Murugan\.m2\repository\org\apache\httpcomponents\client5\httpclient5\5.0.3\httpclient5-5.0.3.jar;C:\Users\Murugan\.m2\repository\org\apache\httpcomponents\core5\httpcore5\5.0.2\httpcore5-5.0.2.jar;C:\Users\Murugan\.m2\repository\org\apache\httpcomponents\core5\httpcore5-h2\5.0.2\httpcore5-h2-5.0.2.jar;C:\Users\Murugan\.m2\repository\org\rauschig\jarchivelib\1.1.0\jarchivelib-1.1.0.jar;C:\Users\Murugan\.m2\repository\org\jsoup\jsoup\1.13.1\jsoup-1.13.1.jar;C:\Users\Murugan\.m2\repository\org\testng\testng\6.14.3\testng-6.14.3.jar;C:\Users\Murugan\.m2\repository\org\apache-extras\beanshell\bsh\2.0b6\bsh-2.0b6.jar;C:\Users\Murugan\.m2\repository\com\beust\jcommander\1.72\jcommander-1.72.jar;C:\Users\Murugan\.m2\repository\junit\junit\4.12\junit-4.12.jar;C:\Users\Murugan\.m2\repository\org\hamcrest\hamcrest-core\1.3\hamcrest-core-1.3.jar;C:\Users\Murugan\.m2\repository\org\hamcrest\hamcrest-all\1.3\hamcrest-all-1.3.jar;C:\Users\Murugan\.m2\repository\io\rest-assured\rest-assured\4.3.0\rest-assured-4.3.0.jar;C:\Users\Murugan\.m2\repository\org\codehaus\groovy\groovy\3.0.2\groovy-3.0.2.jar;C:\Users\Murugan\.m2\repository\org\codehaus\groovy\groovy-xml\3.0.2\groovy-xml-3.0.2.jar;C:\Users\Murugan\.m2\repository\org\apache\httpcomponents\httpclient\4.5.3\httpclient-4.5.3.jar;C:\Users\Murugan\.m2\repository\org\apache\httpcomponents\httpcore\4.4.6\httpcore-4.4.6.jar;C:\Users\Murugan\.m2\repository\commons-logging\commons-logging\1.2\commons-logging-1.2.jar;C:\Users\Murugan\.m2\repository\org\apache\httpcomponents\httpmime\4.5.3\httpmime-4.5.3.jar;C:\Users\Murugan\.m2\repository\org\hamcrest\hamcrest\2.1\hamcrest-2.1.jar;C:\Users\Murugan\.m2\repository\org\ccil\cowan\tagsoup\tagsoup\1.2.1\tagsoup-1.2.1.jar;C:\Users\Murugan\.m2\repository\io\rest-assured\json-path\4.3.0\json-path-4.3.0.jar;C:\Users\Murugan\.m2\repository\org\codehaus\groovy\groovy-json\3.0.2\groovy-json-3.0.2.jar;C:\Users\Murugan\.m2\repository\io\rest-assured\rest-assured-common\4.3.0\rest-assured-common-4.3.0.jar;C:\Users\Murugan\.m2\repository\io\rest-assured\xml-path\4.3.0\xml-path-4.3.0.jar;C:\Users\Murugan\.m2\repository\jakarta\xml\bind\jakarta.xml.bind-api\2.3.2\jakarta.xml.bind-api-2.3.2.jar;C:\Users\Murugan\.m2\repository\jakarta\activation\jakarta.activation-api\1.2.1\jakarta.activation-api-1.2.1.jar;C:\Users\Murugan\.m2\repository\com\sun\xml\bind\jaxb-osgi\2.3.0.1\jaxb-osgi-2.3.0.1.jar;C:\Users\Murugan\.m2\repository\org\apache\sling\org.apache.sling.javax.activation\0.1.0\org.apache.sling.javax.activation-0.1.0.jar;C:\Users\Murugan\.m2\repository\javax\activation\activation\1.1.1\activation-1.1.1.jar;C:\Users\Murugan\.m2\repository\com\googlecode\json-simple\json-simple\1.1.1\json-simple-1.1.1.jar;C:\Users\Murugan\.m2\repository\com\mashape\unirest\unirest-java\1.4.9\unirest-java-1.4.9.jar;C:\Users\Murugan\.m2\repository\org\apache\httpcomponents\httpasyncclient\4.1.1\httpasyncclient-4.1.1.jar;C:\Users\Murugan\.m2\repository\org\apache\httpcomponents\httpcore-nio\4.4.4\httpcore-nio-4.4.4.jar;C:\Users\Murugan\.m2\repository\org\json\json\20160212\json-20160212.jar;C:\Users\Murugan\.m2\repository\org\apache\poi\poi\5.0.0\poi-5.0.0.jar;C:\Users\Murugan\.m2\repository\org\slf4j\jcl-over-slf4j\1.7.30\jcl-over-slf4j-1.7.30.jar;C:\Users\Murugan\.m2\repository\commons-codec\commons-codec\1.15\commons-codec-1.15.jar;C:\Users\Murugan\.m2\repository\org\apache\commons\commons-collections4\4.4\commons-collections4-4.4.jar;C:\Users\Murugan\.m2\repository\org\apache\commons\commons-math3\3.6.1\commons-math3-3.6.1.jar;C:\Users\Murugan\.m2\repository\com\zaxxer\SparseBitSet\1.2\SparseBitSet-1.2.jar;C:\Users\Murugan\.m2\repository\org\apache\poi\poi-ooxml\5.0.0\poi-ooxml-5.0.0.jar;C:\Users\Murugan\.m2\repository\org\apache\poi\poi-ooxml-lite\5.0.0\poi-ooxml-lite-5.0.0.jar;C:\Users\Murugan\.m2\repository\org\apache\xmlbeans\xmlbeans\4.0.0\xmlbeans-4.0.0.jar;C:\Users\Murugan\.m2\repository\xml-apis\xml-apis\1.4.01\xml-apis-1.4.01.jar;C:\Users\Murugan\.m2\repository\org\apache\commons\commons-compress\1.20\commons-compress-1.20.jar;C:\Users\Murugan\.m2\repository\com\github\virtuald\curvesapi\1.06\curvesapi-1.06.jar;C:\Users\Murugan\.m2\repository\org\bouncycastle\bcpkix-jdk15on\1.68\bcpkix-jdk15on-1.68.jar;C:\Users\Murugan\.m2\repository\org\bouncycastle\bcprov-jdk15on\1.68\bcprov-jdk15on-1.68.jar;C:\Users\Murugan\.m2\repository\org\apache\santuario\xmlsec\2.2.1\xmlsec-2.2.1.jar;C:\Users\Murugan\.m2\repository\com\fasterxml\woodstox\woodstox-core\5.2.1\woodstox-core-5.2.1.jar;C:\Users\Murugan\.m2\repository\org\codehaus\woodstox\stax2-api\4.2\stax2-api-4.2.jar;C:\Users\Murugan\.m2\repository\org\apache\xmlgraphics\batik-all\1.13\batik-all-1.13.jar;C:\Users\Murugan\.m2\repository\org\apache\xmlgraphics\batik-anim\1.13\batik-anim-1.13.jar;C:\Users\Murugan\.m2\repository\org\apache\xmlgraphics\batik-shared-resources\1.13\batik-shared-resources-1.13.jar;C:\Users\Murugan\.m2\repository\xml-apis\xml-apis-ext\1.3.04\xml-apis-ext-1.3.04.jar;C:\Users\Murugan\.m2\repository\org\apache\xmlgraphics\batik-awt-util\1.13\batik-awt-util-1.13.jar;C:\Users\Murugan\.m2\repository\org\apache\xmlgraphics\xmlgraphics-commons\2.4\xmlgraphics-commons-2.4.jar;C:\Users\Murugan\.m2\repository\org\apache\xmlgraphics\batik-bridge\1.13\batik-bridge-1.13.jar;C:\Users\Murugan\.m2\repository\org\apache\xmlgraphics\batik-codec\1.13\batik-codec-1.13.jar;C:\Users\Murugan\.m2\repository\org\apache\xmlgraphics\batik-constants\1.13\batik-constants-1.13.jar;C:\Users\Murugan\.m2\repository\org\apache\xmlgraphics\batik-css\1.13\batik-css-1.13.jar;C:\Users\Murugan\.m2\repository\org\apache\xmlgraphics\batik-dom\1.13\batik-dom-1.13.jar;C:\Users\Murugan\.m2\repository\xalan\xalan\2.7.2\xalan-2.7.2.jar;C:\Users\Murugan\.m2\repository\xalan\serializer\2.7.2\serializer-2.7.2.jar;C:\Users\Murugan\.m2\repository\org\apache\xmlgraphics\batik-ext\1.13\batik-ext-1.13.jar;C:\Users\Murugan\.m2\repository\org\apache\xmlgraphics\batik-extension\1.13\batik-extension-1.13.jar;C:\Users\Murugan\.m2\repository\org\apache\xmlgraphics\batik-gui-util\1.13\batik-gui-util-1.13.jar;C:\Users\Murugan\.m2\repository\org\apache\xmlgraphics\batik-gvt\1.13\batik-gvt-1.13.jar;C:\Users\Murugan\.m2\repository\org\apache\xmlgraphics\batik-i18n\1.13\batik-i18n-1.13.jar;C:\Users\Murugan\.m2\repository\org\apache\xmlgraphics\batik-parser\1.13\batik-parser-1.13.jar;C:\Users\Murugan\.m2\repository\org\apache\xmlgraphics\batik-rasterizer-ext\1.13\batik-rasterizer-ext-1.13.jar;C:\Users\Murugan\.m2\repository\org\apache\xmlgraphics\batik-rasterizer\1.13\batik-rasterizer-1.13.jar;C:\Users\Murugan\.m2\repository\org\apache\xmlgraphics\batik-script\1.13\batik-script-1.13.jar;C:\Users\Murugan\.m2\repository\org\apache\xmlgraphics\batik-slideshow\1.13\batik-slideshow-1.13.jar;C:\Users\Murugan\.m2\repository\org\apache\xmlgraphics\batik-squiggle-ext\1.13\batik-squiggle-ext-1.13.jar;C:\Users\Murugan\.m2\repository\org\apache\xmlgraphics\batik-squiggle\1.13\batik-squiggle-1.13.jar;C:\Users\Murugan\.m2\repository\org\apache\xmlgraphics\batik-svg-dom\1.13\batik-svg-dom-1.13.jar;C:\Users\Murugan\.m2\repository\org\apache\xmlgraphics\batik-svgbrowser\1.13\batik-svgbrowser-1.13.jar;C:\Users\Murugan\.m2\repository\org\apache\xmlgraphics\batik-svggen\1.13\batik-svggen-1.13.jar;C:\Users\Murugan\.m2\repository\org\apache\xmlgraphics\batik-svgpp\1.13\batik-svgpp-1.13.jar;C:\Users\Murugan\.m2\repository\org\apache\xmlgraphics\batik-svgrasterizer\1.13\batik-svgrasterizer-1.13.jar;C:\Users\Murugan\.m2\repository\org\apache\xmlgraphics\batik-swing\1.13\batik-swing-1.13.jar;C:\Users\Murugan\.m2\repository\org\apache\xmlgraphics\batik-transcoder\1.13\batik-transcoder-1.13.jar;C:\Users\Murugan\.m2\repository\org\apache\xmlgraphics\batik-util\1.13\batik-util-1.13.jar;C:\Users\Murugan\.m2\repository\org\apache\xmlgraphics\batik-ttf2svg\1.13\batik-ttf2svg-1.13.jar;C:\Users\Murugan\.m2\repository\org\apache\xmlgraphics\batik-xml\1.13\batik-xml-1.13.jar;C:\Users\Murugan\.m2\repository\de\rototor\pdfbox\graphics2d\0.30\graphics2d-0.30.jar;C:\Users\Murugan\.m2\repository\org\apache\pdfbox\pdfbox\2.0.22\pdfbox-2.0.22.jar;C:\Users\Murugan\.m2\repository\org\apache\pdfbox\fontbox\2.0.22\fontbox-2.0.22.jar;"/>
    <property name="sun.cpu.endian" value="little"/>
    <property name="user.home" value="C:\Users\Murugan"/>
    <property name="user.language" value="en"/>
    <property name="java.specification.vendor" value="Oracle Corporation"/>
    <property name="java.home" value="C:\Program Files\Java\jre1.8.0_281"/>
    <property name="basedir" value="D:\Workspace\Amazon_Relay_TR_Pagination"/>
    <property name="file.separator" value="\"/>
    <property name="line.separator" value="&#10;"/>
    <property name="java.vm.specification.vendor" value="Oracle Corporation"/>
    <property name="java.specification.name" value="Java Platform API Specification"/>
    <property name="java.awt.graphicsenv" value="sun.awt.Win32GraphicsEnvironment"/>
    <property name="surefire.real.class.path" value="C:\Users\Murugan\AppData\Local\Temp\surefire830283920819995323\surefirebooter610515484779758393.jar"/>
    <property name="sun.boot.class.path" value="C:\Program Files\Java\jre1.8.0_281\lib\resources.jar;C:\Program Files\Java\jre1.8.0_281\lib\rt.jar;C:\Program Files\Java\jre1.8.0_281\lib\sunrsasign.jar;C:\Program Files\Java\jre1.8.0_281\lib\jsse.jar;C:\Program Files\Java\jre1.8.0_281\lib\jce.jar;C:\Program Files\Java\jre1.8.0_281\lib\charsets.jar;C:\Program Files\Java\jre1.8.0_281\lib\jfr.jar;C:\Program Files\Java\jre1.8.0_281\classes"/>
    <property name="user.script" value=""/>
    <property name="sun.management.compiler" value="HotSpot 64-Bit Tiered Compilers"/>
    <property name="java.runtime.version" value="1.8.0_281-b09"/>
    <property name="user.name" value="Murugan"/>
    <property name="path.separator" value=";"/>
    <property name="os.version" value="10.0"/>
    <property name="java.endorsed.dirs" value="C:\Program Files\Java\jre1.8.0_281\lib\endorsed"/>
    <property name="java.runtime.name" value="Java(TM) SE Runtime Environment"/>
    <property name="file.encoding" value="Cp1252"/>
    <property name="java.vm.name" value="Java HotSpot(TM) 64-Bit Server VM"/>
    <property name="localRepository" value="C:\Users\Murugan\.m2\repository"/>
    <property name="java.vendor.url.bug" value="http://bugreport.sun.com/bugreport/"/>
    <property name="java.io.tmpdir" value="C:\Users\Murugan\AppData\Local\Temp\"/>
    <property name="java.version" value="1.8.0_281"/>
    <property name="user.dir" value="D:\Workspace\Amazon_Relay_TR_Pagination"/>
    <property name="os.arch" value="amd64"/>
    <property name="java.vm.specification.name" value="Java Virtual Machine Specification"/>
    <property name="java.awt.printerjob" value="sun.awt.windows.WPrinterJob"/>
    <property name="sun.os.patch.level" value=""/>
    <property name="java.library.path" value="C:\Program Files\Java\jre1.8.0_281\bin;C:\Windows\Sun\Java\bin;C:\Windows\system32;C:\Windows;C:/Program Files/Java/jre1.8.0_281/bin/server;C:/Program Files/Java/jre1.8.0_281/bin;C:/Program Files/Java/jre1.8.0_281/lib/amd64;C:\Program Files (x86)\Common Files\Oracle\Java\javapath;C:\Windows\system32;C:\Windows;C:\Windows\System32\Wbem;C:\Windows\System32\WindowsPowerShell\v1.0\;C:\Windows\System32\OpenSSH\;C:\Program Files\Java\jdk1.8.0_281\bin;D:\SETUP\apache-maven-3.8.3-bin\apache-maven-3.8.3\bin;C:\Users\Murugan\AppData\Local\Microsoft\WindowsApps;C:\Users\Murugan\AppData\Local\Programs\Git\cmd;D:\SETUP\eclipse-committers-oxygen-3a-win32-x86_64\eclipse;;."/>
    <property name="java.vm.info" value="mixed mode"/>
    <property name="java.vendor" value="Oracle Corporation"/>
    <property name="java.vm.version" value="25.281-b09"/>
    <property name="java.ext.dirs" value="C:\Program Files\Java\jre1.8.0_281\lib\ext;C:\Windows\Sun\Java\lib\ext"/>
    <property name="sun.io.unicode.encoding" value="UnicodeLittle"/>
    <property name="java.class.version" value="52.0"/>
  </properties>
  <testcase name="amazon_relay[mohanavelk@wowtruck.in, wowtruck](1)" classname="amazon.ExecuteClass" time="775.4">
    <system-out><![CDATA[empty : [0, 1]
All head Pickup ID Size : 100
All head Pickup ID Size : [1BBID23,610.62, 1GAUZ35,000.00, 1UCCU9,000.00, 1MHYD13,250.00, 1BLR436,900.00, 1MAA840,000.00, 1PNQ33,000.00, 1BLR419,075.00, 1BLR434,475.01, 1MAA855,370.01, 1CCUY37,800.00, 1MBCT4,250.00, 1IPCF4,932.00, 1MAA820,000.00, 1CJB160,035.76, 1MAA822,275.00, 1XWAA36,000.00, 1XWAA33,750.00, 1SVGD3,356.17, 1SBOB36,000.00, 1LKO15,215.10, 1PTJM3,321.00, 1SBOB32,750.00, 1DED325,000.00, 1GAUZ40,000.00, 1SDEI48,750.01, 1SDEI33,000.01, 1SPNC22,000.00, 1SPNC22,000.00, 1SHYB40,000.00, 1SHYB14,500.00, 1GURX10,000.00, 1DELU9,250.00, 1UCCU15,250.00, 1SCCE27,999.99, 1BLR848,749.99, 1SMAC11,500.00, 1SBOB34,000.00, 1PUNY5,369.00, 1AMD29,250.00, 1MAA824,000.00, 1MAA842,000.00, 1BLR449,250.00, 1MAA449,250.00, 1NCRU30,000.00, 1MAA423,400.00, 1CCUY19,428.00, 1SBOB30,000.00, 1SJAC7,738.00, 1SIDA17,999.99, 1PTJM3,107.00, 1LUHX5,750.00, 1GAUZ40,000.00, 1SPNC24,250.00, 1SPNC24,250.00, 1DEL216,750.00, 1BLR834,530.56, 1SCJF13,500.00, 1SBOB88,086.75, 1UCCU19,500.00, 1SBOB37,500.00, 1SBOB35,749.99, 1PATX17,000.00, 1PUNY6,158.67, 1MAA824,250.00, 1MAA840,000.00, 1BLR450,000.00, 1MAA811,000.00, 1MAA841,650.01, 1BLR418,504.00, 1CCU135,500.01, 1CCUY36,249.99, 1GURZ7,000.00, 1DELU62,250.01, 1GURV2,032.31, 1BLR448,999.99, 1CJB158,139.93, 1MAA815,250.00, 1MJAX6,750.00, 1SBOB10,000.00, 1GURX4,104.61, 1LKOO8,125.00, 1KOLY1,259.45, 1SPNC22,000.00, 1GAUZ40,000.00, 1SPNC25,750.00, 1SBCZ38,052.69, 1UCCU14,000.00, 1DELU7,000.00, 1DELU6,250.00, 1UCCU15,250.00, 1SCJF12,065.42, 1SBOB32,750.00, 1BLR455,249.99, 1UCCU19,250.00, 1SBOB24,250.00, 1PUNY7,211.56, 1HSCK19,500.00, 1MAA825,250.00, 1AMD215,250.00]
Pickup Id Size : 100
Pickup Id Size : [1BBID23,610.62, 1GAUZ35,000.00, 1UCCU9,000.00, 1MHYD13,250.00, 1BLR436,900.00, 1MAA840,000.00, 1PNQ33,000.00, 1BLR419,075.00, 1BLR434,475.01, 1MAA855,370.01, 1CCUY37,800.00, 1MBCT4,250.00, 1IPCF4,932.00, 1MAA820,000.00, 1CJB160,035.76, 1MAA822,275.00, 1XWAA36,000.00, 1XWAA33,750.00, 1SVGD3,356.17, 1SBOB36,000.00, 1LKO15,215.10, 1PTJM3,321.00, 1SBOB32,750.00, 1DED325,000.00, 1GAUZ40,000.00, 1SDEI48,750.01, 1SDEI33,000.01, 1SPNC22,000.00, 1SPNC22,000.00, 1SHYB40,000.00, 1SHYB14,500.00, 1GURX10,000.00, 1DELU9,250.00, 1UCCU15,250.00, 1SCCE27,999.99, 1BLR848,749.99, 1SMAC11,500.00, 1SBOB34,000.00, 1PUNY5,369.00, 1AMD29,250.00, 1MAA824,000.00, 1MAA842,000.00, 1BLR449,250.00, 1MAA449,250.00, 1NCRU30,000.00, 1MAA423,400.00, 1CCUY19,428.00, 1SBOB30,000.00, 1SJAC7,738.00, 1SIDA17,999.99, 1PTJM3,107.00, 1LUHX5,750.00, 1GAUZ40,000.00, 1SPNC24,250.00, 1SPNC24,250.00, 1DEL216,750.00, 1BLR834,530.56, 1SCJF13,500.00, 1SBOB88,086.75, 1UCCU19,500.00, 1SBOB37,500.00, 1SBOB35,749.99, 1PATX17,000.00, 1PUNY6,158.67, 1MAA824,250.00, 1MAA840,000.00, 1BLR450,000.00, 1MAA811,000.00, 1MAA841,650.01, 1BLR418,504.00, 1CCU135,500.01, 1CCUY36,249.99, 1GURZ7,000.00, 1DELU62,250.01, 1GURV584.64, 1BLR448,999.99, 1CJB158,139.93, 1MAA815,250.00, 1MJAX6,750.00, 1SBOB10,000.00, 1GURX1,231.38, 1LKOO8,125.00, 1KOLY657.10, 1SPNC22,000.00, 1GAUZ40,000.00, 1SPNC25,750.00, 1SBCZ38,052.69, 1UCCU14,000.00, 1DELU7,000.00, 1DELU6,250.00, 1UCCU15,250.00, 1SCJF12,065.42, 1SBOB32,750.00, 1BLR455,249.99, 1UCCU19,250.00, 1SBOB24,250.00, 1PUNY7,211.56, 1HSCK19,500.00, 1MAA825,250.00, 1AMD215,250.00]
Want to Click : [74, 80, 82]
Arrival pickup date Size : 100
Price all data Size : 100
Pickup Truck Size : 100
All TR ID Size : 100
Second Tr : [N/A, N/A, N/A, N/A, N/A, N/A, N/A, N/A, N/A, N/A, N/A, N/A, N/A, N/A, N/A, N/A, N/A, N/A, N/A, N/A, N/A, N/A, N/A, N/A, N/A, N/A, N/A, N/A, N/A, N/A, N/A, N/A, N/A, N/A, N/A, N/A, N/A, N/A, N/A, N/A, N/A, N/A, N/A, N/A, N/A, N/A, N/A, N/A, N/A, N/A, N/A, N/A, N/A, N/A, N/A, N/A, N/A, N/A, N/A, N/A, N/A, N/A, N/A, N/A, N/A, N/A, N/A, N/A, N/A, N/A, N/A, N/A, N/A, N/A, 9BACBD, N/A, N/A, N/A, N/A, N/A, 5794C1, N/A, C4BBC3, N/A, N/A, N/A, N/A, N/A, N/A, N/A, N/A, N/A, N/A, N/A, N/A, N/A, N/A, N/A, N/A, N/A]
Second Tr Size : 100
{"pick_timestamp":"2022\/02\/27 14:30","customer_price":"23610.62","pic_address":[{"pic_address":"\nCWC,Jatni,Near Centurion University, At-Sandhapur, P.O.Jatni\nBhubaneshwar,ORISSA 751010"}],"drop_address":[{"drop_address":"\nMustkil No:51,kila No:1,2,3 village Bhangrola tehsil\nGurugram,HARYANA 122001"}],"length":"32' HQ Truck","tr_number":["87E1AA"]}
{"pick_timestamp":"2022\/02\/27 15:00","customer_price":"35000.00","pic_address":[{"pic_address":"\nMahindra Logistics Limited, Bhagya Kalita Complex,\nNear:Kahikuch Gram Panchayat,\nGuwahati,ASSAM 781132"}],"drop_address":[{"drop_address":"\nPorompat Tinsid Road, Khurai Kongpal\nSajor Leikai\nImphal,MANIPUR 795005"},{"drop_address":"\nEtash Deltech CHINGAMATHAK MANIPUR COLLEGERd\nImphal,MANIPUR 795005"}],"length":"24\u2019 Truck","tr_number":["465922"]}
{"pick_timestamp":"2022\/02\/27 15:30","customer_price":"9000.00","pic_address":[{"pic_address":"\nBuilding No. CCU1, Mouza, Amraberia,\nJ.L. No.8, Khatia No. 422, Ulberia Dist. Howrah\nKolkata,WEST BENGAL 711315"}],"drop_address":[{"drop_address":"\nNear to Kalawati Hospital research center, shirodi, Namkum\nRanchi,JHARKHAND 834001"}],"length":"32' Truck","tr_number":["374FAD"]}
{"pick_timestamp":"2022\/02\/27 16:00","customer_price":"13250.00","pic_address":[{"pic_address":"\nM\/s. Stargaze Properties Private Limited, Survey No. 1 by 1\nKancha Imarat, Raviryala, Maheshwaram Mandal, R R District\nHyderabad,TELANGANA 501510"}],"drop_address":[{"drop_address":"\nPlot 12\/P2, Defence and Aerospace park, Devanahalli,\nBengaluru,KARNATAKA 560012"}],"length":"32' Truck","tr_number":["C00A0F"]}
{"pick_timestamp":"2022\/02\/27 20:00","customer_price":"36900.00","pic_address":[{"pic_address":"\nHitech, Defence and Aerospace Park, Devanahalli\nBengaluru,KARNATAKA 562149"}],"drop_address":[{"drop_address":"\nKh No 554 to 558,560 to 583,600 to 606\nBagru Rawan,N.H.8,Tehsil Sanganer\nBagru,RAJASTHAN 303007"}],"length":"32' Truck","tr_number":["FADF1A"]}
{"pick_timestamp":"2022\/02\/27 20:00","customer_price":"40000.00","pic_address":[{"pic_address":"\nSy No: 77-2A3, S. Murugan Industrial and Logistics Parks LLP\nNear Magna Eng.College, Thamaraipakkam\nThiruvallur,TAMIL NADU 601103"}],"drop_address":[{"drop_address":"\nKhasra numbers:444-P,445-P,459-P, 460-474,475-P,476-482\n483-P,491,492,493-P, Village Bhaukapur,Tehsil-Sarojini Nagar\nLucknow,UTTAR PRADESH 226401"}],"length":"32' Truck","tr_number":["E5A0AF"]}
{"pick_timestamp":"2022\/02\/27 20:00","customer_price":"3000.00","pic_address":[{"pic_address":"\nBuilding No. B01\nESR Pune Estates Pvt Ltd\nChakan,MAHARASHTRA 410501"}],"drop_address":[{"drop_address":"\nRoyal Warehousing and Logistics LLP, Survey Number 45\nHissa No.4A, Village Pise Village, Aamne Post\nBhiwandi,MAHARASHTRA 421302"}],"length":"32' Truck","tr_number":["E4F5F6"]}
{"pick_timestamp":"2022\/02\/27 20:00","customer_price":"19075.00","pic_address":[{"pic_address":"\nHitech, Defence and Aerospace Park, Devanahalli\nBengaluru,KARNATAKA 562149"}],"drop_address":[{"drop_address":"\nPlot no. 120 (X) and part portion of plot no. 119 (W2\nBavla,GUJARAT 382220"}],"length":"32' Truck","tr_number":["DA1C50"]}
{"pick_timestamp":"2022\/02\/27 20:00","customer_price":"34475.01","pic_address":[{"pic_address":"\nHitech, Defence and Aerospace Park, Devanahalli\nBengaluru,KARNATAKA 562149"}],"drop_address":[{"drop_address":"\nKhasra numbers:444-P,445-P,459-P, 460-474,475-P,476-482\n483-P,491,492,493-P, Village Bhaukapur,Tehsil-Sarojini Nagar\nLucknow,UTTAR PRADESH 226401"}],"length":"32' Truck","tr_number":["DB472D"]}
{"pick_timestamp":"2022\/02\/27 20:00","customer_price":"55370.01","pic_address":[{"pic_address":"\nSy No: 77-2A3, S. Murugan Industrial and Logistics Parks LLP\nNear Magna Eng.College, Thamaraipakkam\nThiruvallur,TAMIL NADU 601103"}],"drop_address":[{"drop_address":"\nGanesh Complex, Rani Hati Amta Road\nPanchla,WEST BENGAL 711322"}],"length":"32' Truck","tr_number":["E7308E"]}
{"pick_timestamp":"2022\/02\/28 02:00","customer_price":"37800.00","pic_address":[{"pic_address":"\nPlot 33 and 34, Arrjavv Industrial Warehouse Park,\nDankuni,WEST BENGAL 712310"}],"drop_address":[{"drop_address":"\nLK spaces, Rajlaxmi textile Park,Pogaon\nBhiwandi\nMumbai,MAHARASHTRA 421302"}],"length":"32' Truck","tr_number":["211658"]}
{"pick_timestamp":"2022\/02\/28 03:00","customer_price":"4250.00","pic_address":[{"pic_address":"\nIndra palace Ekta colony Moradabad behind Mandi samiti\nMoradabad,UTTAR PRADESH 244001"}],"drop_address":[{"drop_address":"\nMustkil No:51,kila No:1,2,3 village Bhangrola tehsil\nGurugram,HARYANA 122001"}],"length":"20' Truck","tr_number":["B07DEB"]}
{"pick_timestamp":"2022\/02\/28 07:00","customer_price":"4932.00","pic_address":[{"pic_address":"\nLall Kalan, Behind Katani City, Near Meelon Bridge,\nLudhiana-Chandigarh Road, Village Katani Kalan,\nLudhiana,PUNJAB 141113"}],"drop_address":[{"drop_address":"\nC\/o M\/s SYNDICATE GODOWN CORPORATION\nKhasra no. 6\/19\/2, 20,21,22,23\/2, 24\/1\nManesar,HARYANA 123413"}],"length":"32' Truck","tr_number":["B0DD69"]}
{"pick_timestamp":"2022\/02\/28 08:00","customer_price":"20000.00","pic_address":[{"pic_address":"\nSy No: 77-2A3, S. Murugan Industrial and Logistics Parks LLP\nNear Magna Eng.College, Thamaraipakkam\nThiruvallur,TAMIL NADU 601103"}],"drop_address":[{"drop_address":"\nBROADVIEW CONSTRUCTIONS AND HOLDINGS PVT LTD.\nSurvey No.153-1 153-2226-2,229-2,230-2\nCoimbatore,TAMIL NADU 641201"}],"length":"32' Truck","tr_number":["A81145"]}
{"pick_timestamp":"2022\/02\/28 08:00","customer_price":"60035.76","pic_address":[{"pic_address":"\nBROADVIEW CONSTRUCTIONS AND HOLDINGS PVT LTD.\nSurvey No.153-1 153-2226-2,229-2,230-2\nCoimbatore,TAMIL NADU 641201"}],"drop_address":[{"drop_address":"\nBuilding No. CCU1, Mouza, Amraberia,\nJ.L. No.8, Khatia No. 422, Ulberia Dist. Howrah\nKolkata,WEST BENGAL 711315"}],"length":"32' Truck","tr_number":["83ACEA"]}
{"pick_timestamp":"2022\/02\/28 08:00","customer_price":"22275.00","pic_address":[{"pic_address":"\nSy No: 77-2A3, S. Murugan Industrial and Logistics Parks LLP\nNear Magna Eng.College, Thamaraipakkam\nThiruvallur,TAMIL NADU 601103"}],"drop_address":[{"drop_address":"\nBuilding No. B01\nESR Pune Estates Pvt Ltd\nChakan,MAHARASHTRA 410501"}],"length":"32' Truck","tr_number":["AE9A77"]}
{"pick_timestamp":"2022\/02\/28 08:00","customer_price":"36000.00","pic_address":[{"pic_address":"\nDelhivery Pvt Ltd, Building no. B-2, Antariksh Logidrome Sap\nBhiwandi,MAHARASHTRA 421302"}],"drop_address":[{"drop_address":"\nNelamangala\nBengaluru,KARNATAKA 562123"}],"length":"32' Truck","tr_number":["6CD320"]}
{"pick_timestamp":"2022\/02\/28 08:00","customer_price":"33750.00","pic_address":[{"pic_address":"\nDelhivery Pvt Ltd, Building no. B-2, Antariksh Logidrome Sap\nBhiwandi,MAHARASHTRA 421302"}],"drop_address":[{"drop_address":"\nBlock B and C\nLOGOS Luhari Logistics Estate\nGurgaon,Haryana 124108"}],"length":"32' Truck","tr_number":["A779AF"]}
{"pick_timestamp":"2022\/02\/28 09:00","customer_price":"3356.17","pic_address":[{"pic_address":"\nSivaganga\n,,\nSivaganga,TAMIL NADU 630561"}],"drop_address":[{"drop_address":"\nConnect India 22, SUBRAMANIYAPURAM,4th STREET NORTH\nKaraikudi,TAMIL NADU 630001"},{"drop_address":"\nTS No 8512\/1p,Periyar Nagar,RajagopalapurumPudukkottai622003\nPudukkottai,TAMIL NADU 622001"},{"drop_address":"\n16\/2A,16\/2B,16\/3B,18\/1A,, PMP Nagar, Kondalampatti\nSalem,TAMIL NADU 636201"}],"length":"17\u2019 Truck","tr_number":["00DD26"]}
{"pick_timestamp":"2022\/02\/28 10:00","customer_price":"36000.00","pic_address":[{"pic_address":"\nF-2,Survey No. 122\/7c,122\/2,122\/1,118\/1,118\/7,131,Ayushi Spa\nMumbai -Nashik Highway , Post- Padgha,\nBhiwandi,MAHARASHTRA 421101"}],"drop_address":[{"drop_address":"\nSri Perumbudur Taluk,\nChennai,TAMIL NADU 602117"}],"length":"32' Truck","tr_number":["16EBEA"]}
{"pick_timestamp":"2022\/02\/28 11:00","customer_price":"5215.10","pic_address":[{"pic_address":"\nKhasra numbers:444-P,445-P,459-P, 460-474,475-P,476-482\n483-P,491,492,493-P, Village Bhaukapur,Tehsil-Sarojini Nagar\nLucknow,UTTAR PRADESH 226401"}],"drop_address":[{"drop_address":"\nC\/o M\/s SYNDICATE GODOWN CORPORATION\nKhasra no. 6\/19\/2, 20,21,22,23\/2, 24\/1\nManesar,HARYANA 123413"}],"length":"32' Truck","tr_number":["84E7CB"]}
{"pick_timestamp":"2022\/02\/28 11:30","customer_price":"3321.00","pic_address":[{"pic_address":"\nABT Express,28 A , Kalingarayan Street Opp.Hotel Anandhas\nVanjipalayam,TAMIL NADU 641663"}],"drop_address":[{"drop_address":"\n#18, D.10, Settia GounderComplexBhavani Main Road, Sankagiri\nSankari,TAMIL NADU 637301"},{"drop_address":"\n16\/2A,16\/2B,16\/3B,18\/1A,, PMP Nagar, Kondalampatti\nSalem,TAMIL NADU 636201"}],"length":"17\u2019 Truck","tr_number":["8E0981"]}
{"pick_timestamp":"2022\/02\/28 12:00","customer_price":"32750.00","pic_address":[{"pic_address":"\nF-2,Survey No. 122\/7c,122\/2,122\/1,118\/1,118\/7,131,Ayushi Spa\nMumbai -Nashik Highway , Post- Padgha,\nBhiwandi,MAHARASHTRA 421101"}],"drop_address":[{"drop_address":"\nMalur Whitefield Rd, Madanahalli\nMalur Industrial Area,KARNATAKA 563160"}],"length":"32' Truck","tr_number":["ED702D"]}
{"pick_timestamp":"2022\/02\/28 12:00","customer_price":"25000.00","pic_address":[{"pic_address":"\nBlock J2, Farukhnagar Logistics Parks\nGurgaon,HARYANA 122506"}],"drop_address":[{"drop_address":"\nRenaissance industrial smart city, Kalyan Sape road\nThane,Maharashtra 421302"}],"length":"32' Truck","tr_number":["36ABDA"]}
{"pick_timestamp":"2022\/02\/28 12:00","customer_price":"40000.00","pic_address":[{"pic_address":"\nMahindra Logistics Limited, Bhagya Kalita Complex,\nNear:Kahikuch Gram Panchayat,\nGuwahati,ASSAM 781132"}],"drop_address":[{"drop_address":"\nLandmark - Diakkawn Presbyterian Church,Diakkawm.\nKolasib,MIZORAM 796081"},{"drop_address":"\nBrigade Road, Bangkawn, MizoramMizoram\nAizawl,MIZORAM 796014"},{"drop_address":"\nC\/o Mr. Lalropuia,Edenthar, Sairang road\nAizawl,MIZORAM 796014"}],"length":"22' Truck","tr_number":["4BF2F3"]}
{"pick_timestamp":"2022\/02\/28 12:00","customer_price":"48750.01","pic_address":[{"pic_address":"\nFarrukhnagar Logistic Park LLP,Farrukhnagar\nGurugram,HARYANA 122001"}],"drop_address":[{"drop_address":"\nPudur Village,Medchal Mandal,Hyderabad\nTurkapally,TELANGANA 501401"}],"length":"32' Truck","tr_number":["6C05D5"]}
{"pick_timestamp":"2022\/02\/28 12:00","customer_price":"33000.01","pic_address":[{"pic_address":"\nFarrukhnagar Logistic Park LLP,Farrukhnagar\nGurugram,HARYANA 122001"}],"drop_address":[{"drop_address":"\nPudur Village,Medchal Mandal,Hyderabad\nTurkapally,TELANGANA 501401"}],"length":"32' Truck","tr_number":["0BFBA6"]}
{"pick_timestamp":"2022\/02\/28 12:00","customer_price":"22000.00","pic_address":[{"pic_address":"\nWadhu Chonde Warehouse,Vadu Village, Alandi Rd,Lonikand\nPune,MAHARASHTRA 412216"}],"drop_address":[{"drop_address":"\nPudur Village,Medchal Mandal,Hyderabad\nTurkapally,TELANGANA 501401"}],"length":"32' Truck","tr_number":["4C3A31"]}
{"pick_timestamp":"2022\/02\/28 12:00","customer_price":"22000.00","pic_address":[{"pic_address":"\nWadhu Chonde Warehouse,Vadu Village, Alandi Rd,Lonikand\nPune,MAHARASHTRA 412216"}],"drop_address":[{"drop_address":"\nPudur Village,Medchal Mandal,Hyderabad\nTurkapally,TELANGANA 501401"}],"length":"32' Truck","tr_number":["5F6957"]}
{"pick_timestamp":"2022\/02\/28 13:00","customer_price":"40000.00","pic_address":[{"pic_address":"\nAruna Warehousing Company, Unit no 2,\nBanda Mylaram Village, Mulugu Mandal, Siddipet Dist\nHyderabad,TELANGANA 502279"}],"drop_address":[{"drop_address":"\nAmta Industrial Park, Amta, Mouza: Majukhetra,Dist \u2013 Howrah\nKolkata,WEST BENGAL 711313"}],"length":"32' Truck","tr_number":["DE8640"]}
{"pick_timestamp":"2022\/02\/28 13:00","customer_price":"14500.00","pic_address":[{"pic_address":"\nAruna Warehousing Company, Unit no 2,\nBanda Mylaram Village, Mulugu Mandal, Siddipet Dist\nHyderabad,TELANGANA 502279"}],"drop_address":[{"drop_address":"\nMalur Whitefield Rd, Madanahalli\nMalur Industrial Area,KARNATAKA 563160"}],"length":"32' Truck","tr_number":["5572C2"]}
{"pick_timestamp":"2022\/02\/28 14:00","customer_price":"10000.00","pic_address":[{"pic_address":"\nRevenue Estate of Village Binola-Tehsil Manesar and Village\nGurugram,HARYANA 122413"}],"drop_address":[{"drop_address":"\nVillage Dugri, (H.B.No. 220),Tehsil Payal District,\nLudhiana,PUNJAB 141113"}],"length":"24\u2019 Truck","tr_number":["824607"]}
{"pick_timestamp":"2022\/02\/28 14:00","customer_price":"9250.00","pic_address":[{"pic_address":"\nMustkil No:51,kila No:1,2,3 village Bhangrola tehsil\nGurugram,HARYANA 122001"}],"drop_address":[{"drop_address":"\nVillage Dugri, (H.B.No. 220),Tehsil Payal District,\nLudhiana,PUNJAB 141113"}],"length":"32' Truck","tr_number":["B5642A"]}
{"pick_timestamp":"2022\/02\/28 15:30","customer_price":"15250.00","pic_address":[{"pic_address":"\nBuilding No. CCU1, Mouza, Amraberia,\nJ.L. No.8, Khatia No. 422, Ulberia Dist. Howrah\nKolkata,WEST BENGAL 711315"}],"drop_address":[{"drop_address":"\nNear to Kalawati Hospital research center, shirodi, Namkum\nRanchi,JHARKHAND 834001"}],"length":"32' Truck","tr_number":["22D1F7"]}
{"pick_timestamp":"2022\/02\/28 16:00","customer_price":"27999.99","pic_address":[{"pic_address":"\nAmta Industrial Park, Amta, Mouza: Majukhetra,Dist \u2013 Howrah\nKolkata,WEST BENGAL 711313"}],"drop_address":[{"drop_address":"\nPudur Village,Medchal Mandal,Hyderabad\nTurkapally,TELANGANA 501401"}],"length":"32' Truck","tr_number":["6F1E2C"]}
{"pick_timestamp":"2022\/02\/28 16:00","customer_price":"48749.99","pic_address":[{"pic_address":"\nPlot no 12 P2, Bangalore Hardware Park KIADB\nIndustrial Park North\nBangalore,Karnataka 562149"}],"drop_address":[{"drop_address":"\nKhasra numbers:444-P,445-P,459-P, 460-474,475-P,476-482\n483-P,491,492,493-P, Village Bhaukapur,Tehsil-Sarojini Nagar\nLucknow,UTTAR PRADESH 226401"}],"length":"32' Truck","tr_number":["EF0CCC"]}
{"pick_timestamp":"2022\/02\/28 16:00","customer_price":"11500.00","pic_address":[{"pic_address":"\nSri Perumbudur Taluk,\nChennai,TAMIL NADU 602117"}],"drop_address":[{"drop_address":"\nMalur Whitefield Rd, Madanahalli\nMalur Industrial Area,KARNATAKA 563160"}],"length":"32' Truck","tr_number":["2B6CE9"]}
{"pick_timestamp":"2022\/02\/28 17:00","customer_price":"34000.00","pic_address":[{"pic_address":"\nF-2,Survey No. 122\/7c,122\/2,122\/1,118\/1,118\/7,131,Ayushi Spa\nMumbai -Nashik Highway , Post- Padgha,\nBhiwandi,MAHARASHTRA 421101"}],"drop_address":[{"drop_address":"\nPudur Village,Medchal Mandal,Hyderabad\nTurkapally,TELANGANA 501401"}],"length":"32' Truck","tr_number":["446310"]}
{"pick_timestamp":"2022\/02\/28 18:45","customer_price":"5369.00","pic_address":[{"pic_address":"\nBuilding No. B01, ESR Pune Estates Pvt Ltd\nVillage Ambethan, Tal: Khed\nPune,MAHARASHTRA 410501"}],"drop_address":[{"drop_address":"\nLK spaces, Rajlaxmi textile Park,Pogaon\nBhiwandi\nMumbai,MAHARASHTRA 421302"}],"length":"32' HQ Truck","tr_number":["131008"]}
{"pick_timestamp":"2022\/02\/28 19:00","customer_price":"9250.00","pic_address":[{"pic_address":"\nPlot no. 120 (X) and part portion of plot no. 119 (W2\nBavla,GUJARAT 382220"}],"drop_address":[{"drop_address":"\nRoyal Warehousing and Logistics LLP, Survey Number 45\nHissa No.4A, Village Pise Village, Aamne Post\nBhiwandi,MAHARASHTRA 421302"}],"length":"32' Truck","tr_number":["91A113"]}
{"pick_timestamp":"2022\/02\/28 19:00","customer_price":"24000.00","pic_address":[{"pic_address":"\nSy No: 77-2A3, S. Murugan Industrial and Logistics Parks LLP\nNear Magna Eng.College, Thamaraipakkam\nThiruvallur,TAMIL NADU 601103"}],"drop_address":[{"drop_address":"\nBROADVIEW CONSTRUCTIONS AND HOLDINGS PVT LTD.\nSurvey No.153-1 153-2226-2,229-2,230-2\nCoimbatore,TAMIL NADU 641201"}],"length":"32' Truck","tr_number":["A61F47"]}
{"pick_timestamp":"2022\/02\/28 20:00","customer_price":"42000.00","pic_address":[{"pic_address":"\nSy No: 77-2A3, S. Murugan Industrial and Logistics Parks LLP\nNear Magna Eng.College, Thamaraipakkam\nThiruvallur,TAMIL NADU 601103"}],"drop_address":[{"drop_address":"\nKhasra numbers:444-P,445-P,459-P, 460-474,475-P,476-482\n483-P,491,492,493-P, Village Bhaukapur,Tehsil-Sarojini Nagar\nLucknow,UTTAR PRADESH 226401"}],"length":"32' Truck","tr_number":["9DBD40"]}
{"pick_timestamp":"2022\/02\/28 20:00","customer_price":"49250.00","pic_address":[{"pic_address":"\nHitech, Defence and Aerospace Park, Devanahalli\nBengaluru,KARNATAKA 562149"}],"drop_address":[{"drop_address":"\nKhasra numbers:444-P,445-P,459-P, 460-474,475-P,476-482\n483-P,491,492,493-P, Village Bhaukapur,Tehsil-Sarojini Nagar\nLucknow,UTTAR PRADESH 226401"}],"length":"32' Truck","tr_number":["DDF96A"]}
{"pick_timestamp":"2022\/02\/28 20:00","customer_price":"49250.00","pic_address":[{"pic_address":"\nNo. 1\/B, IndoSpace Logistics Park, Puduvoyal, Durainallur Vi\nPonneri,TAMIL NADU 601206"}],"drop_address":[{"drop_address":"\nKhasra numbers:444-P,445-P,459-P, 460-474,475-P,476-482\n483-P,491,492,493-P, Village Bhaukapur,Tehsil-Sarojini Nagar\nLucknow,UTTAR PRADESH 226401"}],"length":"32' Truck","tr_number":["84134B"]}
{"pick_timestamp":"2022\/03\/01 07:00","customer_price":"30000.00","pic_address":[{"pic_address":"\nno: 53\/57, 149\/160, 322,323, Village Jamalpur and Khawaspur\nGurugram,HARYANA 122001"}],"drop_address":[{"drop_address":"\nGarg Plaza, Village Kanchanbari, Bangla Basti, PO-Fulbari Ha\nWest Bengal, IN, 734015\nSiliguri,WEST BENGAL 734011"}],"length":"24\u2019 Truck","tr_number":["2C340C"]}
{"pick_timestamp":"2022\/03\/01 07:00","customer_price":"23400.00","pic_address":[{"pic_address":"\nNo. 1\/B, IndoSpace Logistics Park, Puduvoyal, Durainallur Vi\nPonneri,TAMIL NADU 601206"}],"drop_address":[{"drop_address":"\nPlot no. 120 (X) and part portion of plot no. 119 (W2\nBavla,GUJARAT 382220"}],"length":"32' Truck","tr_number":["AF335A"]}
{"pick_timestamp":"2022\/03\/01 09:00","customer_price":"19428.00","pic_address":[{"pic_address":"\nPlot 33 and 34, Arrjavv Industrial Warehouse Park,\nDankuni,WEST BENGAL 712310"}],"drop_address":[{"drop_address":"\nBuilding Nos. 1 and 2, Agsons Global Logistics Park, Agsons\nSonipat,HARYANA 131021"}],"length":"32' Truck","tr_number":["E99552"]}
{"pick_timestamp":"2022\/03\/01 10:00","customer_price":"30000.00","pic_address":[{"pic_address":"\nF-2,Survey No. 122\/7c,122\/2,122\/1,118\/1,118\/7,131,Ayushi Spa\nMumbai -Nashik Highway , Post- Padgha,\nBhiwandi,MAHARASHTRA 421101"}],"drop_address":[{"drop_address":"\nSri Perumbudur Taluk,\nChennai,TAMIL NADU 602117"}],"length":"32' Truck","tr_number":["58EE87"]}
{"pick_timestamp":"2022\/03\/01 10:00","customer_price":"7738.00","pic_address":[{"pic_address":"\nKh No 554 to 558,560 to 583,600 to 606\nBagru Rawan,N.H.8,Tehsil Sanganer\nBagru,RAJASTHAN 303007"}],"drop_address":[{"drop_address":"\nC\/o M\/s SYNDICATE GODOWN CORPORATION\nKhasra no. 6\/19\/2, 20,21,22,23\/2, 24\/1\nManesar,HARYANA 123413"}],"length":"32' Truck","tr_number":["E6A3D2"]}
{"pick_timestamp":"2022\/03\/01 11:00","customer_price":"17999.99","pic_address":[{"pic_address":"\nNear METRO CASH & CARRY WHOLESALE Store\nIndore,MADHYA PRADESH 452010"}],"drop_address":[{"drop_address":"\n38\/8\/2, Adjacent to Starex School, Village Binola,Tehsil\nManesar Gurgaon,HARYANA 122413"}],"length":"32' Truck","tr_number":["5962B5"]}
{"pick_timestamp":"2022\/03\/01 11:30","customer_price":"3107.00","pic_address":[{"pic_address":"\nABT Express,28 A , Kalingarayan Street Opp.Hotel Anandhas\nVanjipalayam,TAMIL NADU 641663"}],"drop_address":[{"drop_address":"\n#18, D.10, Settia GounderComplexBhavani Main Road, Sankagiri\nSankari,TAMIL NADU 637301"},{"drop_address":"\n16\/2A,16\/2B,16\/3B,18\/1A,, PMP Nagar, Kondalampatti\nSalem,TAMIL NADU 636201"}],"length":"17\u2019 Truck","tr_number":["C326AE"]}
{"pick_timestamp":"2022\/03\/01 12:00","customer_price":"5750.00","pic_address":[{"pic_address":"\nVillage Dugri, (H.B.No. 220),Tehsil Payal District,\nLudhiana,PUNJAB 141113"}],"drop_address":[{"drop_address":"\nC\/o M\/s SYNDICATE GODOWN CORPORATION\nKhasra no. 6\/19\/2, 20,21,22,23\/2, 24\/1\nManesar,HARYANA 123413"}],"length":"32' Truck","tr_number":["C6A077"]}
{"pick_timestamp":"2022\/03\/01 12:00","customer_price":"40000.00","pic_address":[{"pic_address":"\nMahindra Logistics Limited, Bhagya Kalita Complex,\nNear:Kahikuch Gram Panchayat,\nGuwahati,ASSAM 781132"}],"drop_address":[{"drop_address":"\nLandmark - Diakkawn Presbyterian Church,Diakkawm.\nKolasib,MIZORAM 796081"},{"drop_address":"\nBrigade Road, Bangkawn, MizoramMizoram\nAizawl,MIZORAM 796014"},{"drop_address":"\nC\/o Mr. Lalropuia,Edenthar, Sairang road\nAizawl,MIZORAM 796014"}],"length":"22' Truck","tr_number":["83DE4E"]}
{"pick_timestamp":"2022\/03\/01 12:00","customer_price":"24250.00","pic_address":[{"pic_address":"\nWadhu Chonde Warehouse,Vadu Village, Alandi Rd,Lonikand\nPune,MAHARASHTRA 412216"}],"drop_address":[{"drop_address":"\nPudur Village,Medchal Mandal,Hyderabad\nTurkapally,TELANGANA 501401"}],"length":"32' Truck","tr_number":["ABB430"]}
{"pick_timestamp":"2022\/03\/01 12:00","customer_price":"24250.00","pic_address":[{"pic_address":"\nWadhu Chonde Warehouse,Vadu Village, Alandi Rd,Lonikand\nPune,MAHARASHTRA 412216"}],"drop_address":[{"drop_address":"\nPudur Village,Medchal Mandal,Hyderabad\nTurkapally,TELANGANA 501401"}],"length":"32' Truck","tr_number":["80107F"]}
{"pick_timestamp":"2022\/03\/01 16:00","customer_price":"16750.00","pic_address":[{"pic_address":"\nGokaldas warehousing corporation, Village Taoru, Tehsil Taor\nGurgaon,HARYANA 122105"}],"drop_address":[{"drop_address":"\nKhasra numbers:444-P,445-P,459-P, 460-474,475-P,476-482\n483-P,491,492,493-P, Village Bhaukapur,Tehsil-Sarojini Nagar\nLucknow,UTTAR PRADESH 226401"}],"length":"32' Truck","tr_number":["A2A98B"]}
{"pick_timestamp":"2022\/03\/01 16:00","customer_price":"34530.56","pic_address":[{"pic_address":"\nPlot no 12 P2, Bangalore Hardware Park KIADB\nIndustrial Park North\nBangalore,Karnataka 562149"}],"drop_address":[{"drop_address":"\nKh No 554 to 558,560 to 583,600 to 606\nBagru Rawan,N.H.8,Tehsil Sanganer\nBagru,RAJASTHAN 303007"}],"length":"32' Truck","tr_number":["780BEC"]}
{"pick_timestamp":"2022\/03\/01 16:00","customer_price":"13500.00","pic_address":[{"pic_address":"\nVSMC Logistics Park Pvt Ltd, 432\/433 Pappampatty,\nAppanaichenpatti Road, Appanaichenpatty, Sulur (Taluk),\nCoimbatore,TAMIL NADU 641402"}],"drop_address":[{"drop_address":"\nPudur Village,Medchal Mandal,Hyderabad\nTurkapally,TELANGANA 501401"}],"length":"32' Truck","tr_number":["1C6B5A"]}
{"pick_timestamp":"2022\/03\/01 17:00","customer_price":"88086.75","pic_address":[{"pic_address":"\nF-2,Survey No. 122\/7c,122\/2,122\/1,118\/1,118\/7,131,Ayushi Spa\nMumbai -Nashik Highway , Post- Padgha,\nBhiwandi,MAHARASHTRA 421101"}],"drop_address":[{"drop_address":"\nAmta Industrial Park, Amta, Mouza: Majukhetra,Dist \u2013 Howrah\nKolkata,WEST BENGAL 711313"}],"length":"32' Truck","tr_number":["7C8AB3"]}
{"pick_timestamp":"2022\/03\/01 17:00","customer_price":"19500.00","pic_address":[{"pic_address":"\nBuilding No. CCU1, Mouza, Amraberia,\nJ.L. No.8, Khatia No. 422, Ulberia Dist. Howrah\nKolkata,WEST BENGAL 711315"}],"drop_address":[{"drop_address":"\nCWC,Jatni,Near Centurion University, At-Sandhapur, P.O.Jatni\nBhubaneshwar,ORISSA 751010"}],"length":"32' Truck","tr_number":["C82F68"]}
{"pick_timestamp":"2022\/03\/01 17:00","customer_price":"37500.00","pic_address":[{"pic_address":"\nF-2,Survey No. 122\/7c,122\/2,122\/1,118\/1,118\/7,131,Ayushi Spa\nMumbai -Nashik Highway , Post- Padgha,\nBhiwandi,MAHARASHTRA 421101"}],"drop_address":[{"drop_address":"\nPudur Village,Medchal Mandal,Hyderabad\nTurkapally,TELANGANA 501401"}],"length":"32' Truck","tr_number":["577C72"]}
{"pick_timestamp":"2022\/03\/01 17:00","customer_price":"35749.99","pic_address":[{"pic_address":"\nF-2,Survey No. 122\/7c,122\/2,122\/1,118\/1,118\/7,131,Ayushi Spa\nMumbai -Nashik Highway , Post- Padgha,\nBhiwandi,MAHARASHTRA 421101"}],"drop_address":[{"drop_address":"\nFarrukhnagar Logistic Park LLP,Farrukhnagar\nGurugram,HARYANA 122001"}],"length":"32' Truck","tr_number":["4F61AF"]}
{"pick_timestamp":"2022\/03\/01 17:30","customer_price":"17000.00","pic_address":[{"pic_address":"\nThana No-49 Khata No-139,142,143,144 Khasra No-1054,1079,108\nDist- Patna, Bihar 801109\nPatna,Bihar 801105"}],"drop_address":[{"drop_address":"\nManoj Kumar keshan Gattani industries Mouza. Satgharia JL n\nHowrah,WEST BENGAL 712306"}],"length":"32' Truck","tr_number":["A5D140"]}
{"pick_timestamp":"2022\/03\/01 18:45","customer_price":"6158.67","pic_address":[{"pic_address":"\nBuilding No. B01, ESR Pune Estates Pvt Ltd\nVillage Ambethan, Tal: Khed\nPune,MAHARASHTRA 410501"}],"drop_address":[{"drop_address":"\nLK spaces, Rajlaxmi textile Park,Pogaon\nBhiwandi\nMumbai,MAHARASHTRA 421302"}],"length":"32' HQ Truck","tr_number":["33E85A"]}
{"pick_timestamp":"2022\/03\/01 19:00","customer_price":"24250.00","pic_address":[{"pic_address":"\nSy No: 77-2A3, S. Murugan Industrial and Logistics Parks LLP\nNear Magna Eng.College, Thamaraipakkam\nThiruvallur,TAMIL NADU 601103"}],"drop_address":[{"drop_address":"\nBROADVIEW CONSTRUCTIONS AND HOLDINGS PVT LTD.\nSurvey No.153-1 153-2226-2,229-2,230-2\nCoimbatore,TAMIL NADU 641201"}],"length":"32' Truck","tr_number":["D2BAEF"]}
{"pick_timestamp":"2022\/03\/01 20:00","customer_price":"40000.00","pic_address":[{"pic_address":"\nSy No: 77-2A3, S. Murugan Industrial and Logistics Parks LLP\nNear Magna Eng.College, Thamaraipakkam\nThiruvallur,TAMIL NADU 601103"}],"drop_address":[{"drop_address":"\nKhasra numbers:444-P,445-P,459-P, 460-474,475-P,476-482\n483-P,491,492,493-P, Village Bhaukapur,Tehsil-Sarojini Nagar\nLucknow,UTTAR PRADESH 226401"}],"length":"32' Truck","tr_number":["DF2069"]}
{"pick_timestamp":"2022\/03\/01 20:00","customer_price":"50000.00","pic_address":[{"pic_address":"\nHitech, Defence and Aerospace Park, Devanahalli\nBengaluru,KARNATAKA 562149"}],"drop_address":[{"drop_address":"\nKhasra numbers:444-P,445-P,459-P, 460-474,475-P,476-482\n483-P,491,492,493-P, Village Bhaukapur,Tehsil-Sarojini Nagar\nLucknow,UTTAR PRADESH 226401"}],"length":"32' Truck","tr_number":["814D59"]}
{"pick_timestamp":"2022\/03\/01 20:00","customer_price":"11000.00","pic_address":[{"pic_address":"\nSy No: 77-2A3, S. Murugan Industrial and Logistics Parks LLP\nNear Magna Eng.College, Thamaraipakkam\nThiruvallur,TAMIL NADU 601103"}],"drop_address":[{"drop_address":"\nPlot no 12 P2, Bangalore Hardware Park KIADB\nIndustrial Park North\nBangalore,Karnataka 562149"}],"length":"32' Truck","tr_number":["CCE44A"]}
{"pick_timestamp":"2022\/03\/01 20:00","customer_price":"41650.01","pic_address":[{"pic_address":"\nSy No: 77-2A3, S. Murugan Industrial and Logistics Parks LLP\nNear Magna Eng.College, Thamaraipakkam\nThiruvallur,TAMIL NADU 601103"}],"drop_address":[{"drop_address":"\nGanesh Complex, Rani Hati Amta Road\nPanchla,WEST BENGAL 711322"}],"length":"32' Truck","tr_number":["7E5EEE"]}
{"pick_timestamp":"2022\/03\/01 20:00","customer_price":"18504.00","pic_address":[{"pic_address":"\nHitech, Defence and Aerospace Park, Devanahalli\nBengaluru,KARNATAKA 562149"}],"drop_address":[{"drop_address":"\nPlot no. 120 (X) and part portion of plot no. 119 (W2\nBavla,GUJARAT 382220"}],"length":"32' Truck","tr_number":["9F00DC"]}
{"pick_timestamp":"2022\/03\/01 22:30","customer_price":"35500.01","pic_address":[{"pic_address":"\nBuilding No. CCU1, Mouza, Amraberia,\nJ.L. No.8, Khatia No. 422, Ulberia Dist. Howrah\nKolkata,WEST BENGAL 711315"}],"drop_address":[{"drop_address":"\nBuilding No. B01\nESR Pune Estates Pvt Ltd\nChakan,MAHARASHTRA 410501"}],"length":"32' Truck","tr_number":["D81999"]}
{"pick_timestamp":"2022\/03\/02 02:00","customer_price":"36249.99","pic_address":[{"pic_address":"\nPlot 33 and 34, Arrjavv Industrial Warehouse Park,\nDankuni,WEST BENGAL 712310"}],"drop_address":[{"drop_address":"\nLK spaces, Rajlaxmi textile Park,Pogaon\nBhiwandi\nMumbai,MAHARASHTRA 421302"}],"length":"32' Truck","tr_number":["9F43E2"]}
{"pick_timestamp":"2022\/03\/02 02:00","customer_price":"7000.00","pic_address":[{"pic_address":"\nL1, Farukh Nagar Logistic Park LLP, Tehsil Farukh Nagar\nGurgaon,HARYANA 122506"}],"drop_address":[{"drop_address":"\nKhasra No. 511,512,518,519,520,522\nVillage Bajehra, Tehsil Hasanganj\nUnnao,UTTAR PRADESH 209801"}],"length":"24\u2019 Truck","tr_number":["537685"]}
{"pick_timestamp":"2022\/03\/02 03:00","customer_price":"62250.01","pic_address":[{"pic_address":"\nMustkil No:51,kila No:1,2,3 village Bhangrola tehsil\nGurugram,HARYANA 122001"}],"drop_address":[{"drop_address":"\nCWC,Jatni,Near Centurion University, At-Sandhapur, P.O.Jatni\nBhubaneshwar,ORISSA 751010"}],"length":"32' Truck","tr_number":["1B5DAD"]}
{"pick_timestamp":"2022\/03\/02 05:00","customer_price":"2032.31","pic_address":[{"pic_address":"\nACLC 2B,Near New ATC Tower,Opp.Gate 1 Cargo Terminal,\nIGI Airport\nNew Delhi,DELHI 110037"}],"drop_address":[{"drop_address":"\n05 Pusa Road-Karol bagh.In front of pillar 80\nDelhi,DELHI 110005"},{"drop_address":"\nGround floor , 1A to 4A Pulbangash metro station\nNew Delhi,DELHI 110007"},{"drop_address":"\nB 11\/4, jhilmil industrial area,jhilmil,New delhi=110095\nNew Delhi,DELHI 110094"},{"drop_address":"\nACLC 2B,Near New ATC Tower,Opp.Gate 1 Cargo Terminal,\nIGI Airport\nNew Delhi,DELHI 110037"}],"length":"FOURTEEN_FOOT_TRUCK_CNG","tr_number":["5CDAAE","9BACBD"]}
{"pick_timestamp":"2022\/03\/02 06:00","customer_price":"48999.99","pic_address":[{"pic_address":"\nHitech, Defence and Aerospace Park, Devanahalli\nBengaluru,KARNATAKA 562149"}],"drop_address":[{"drop_address":"\nKhasra numbers:444-P,445-P,459-P, 460-474,475-P,476-482\n483-P,491,492,493-P, Village Bhaukapur,Tehsil-Sarojini Nagar\nLucknow,UTTAR PRADESH 226401"}],"length":"32' Truck","tr_number":["0FD3B7"]}
{"pick_timestamp":"2022\/03\/02 08:00","customer_price":"58139.93","pic_address":[{"pic_address":"\nBROADVIEW CONSTRUCTIONS AND HOLDINGS PVT LTD.\nSurvey No.153-1 153-2226-2,229-2,230-2\nCoimbatore,TAMIL NADU 641201"}],"drop_address":[{"drop_address":"\nKhasra numbers:444-P,445-P,459-P, 460-474,475-P,476-482\n483-P,491,492,493-P, Village Bhaukapur,Tehsil-Sarojini Nagar\nLucknow,UTTAR PRADESH 226401"}],"length":"32' Truck","tr_number":["AA031C"]}
{"pick_timestamp":"2022\/03\/02 08:00","customer_price":"15250.00","pic_address":[{"pic_address":"\nSy No: 77-2A3, S. Murugan Industrial and Logistics Parks LLP\nNear Magna Eng.College, Thamaraipakkam\nThiruvallur,TAMIL NADU 601103"}],"drop_address":[{"drop_address":"\nBROADVIEW CONSTRUCTIONS AND HOLDINGS PVT LTD.\nSurvey No.153-1 153-2226-2,229-2,230-2\nCoimbatore,TAMIL NADU 641201"}],"length":"32' Truck","tr_number":["DA486C"]}
{"pick_timestamp":"2022\/03\/02 09:30","customer_price":"6750.00","pic_address":[{"pic_address":"\nAmazon Transportation Services Private Limited\nDTA-01-01A, Mahindra World City, Domestic Tariff Area Ph-II,\nJaipur,RAJASTHAN 302037"}],"drop_address":[{"drop_address":"\nBuilding Nos. 1 and 2, Agsons Global Logistics Park, Agsons\nSonipat,HARYANA 131021"}],"length":"32' Truck","tr_number":["9AF360"]}
{"pick_timestamp":"2022\/03\/02 10:00","customer_price":"10000.00","pic_address":[{"pic_address":"\nF-2,Survey No. 122\/7c,122\/2,122\/1,118\/1,118\/7,131,Ayushi Spa\nMumbai -Nashik Highway , Post- Padgha,\nBhiwandi,MAHARASHTRA 421101"}],"drop_address":[{"drop_address":"\nIndraprashtha Industrial logistics hub, Vadala Patia Road\nNear Bharat gas filling plant, Village Hariyala, Kheda\nKheda,GUJARAT 387570"}],"length":"32' Truck","tr_number":["19F50A"]}
{"pick_timestamp":"2022\/03\/02 10:30","customer_price":"4104.61","pic_address":[{"pic_address":"\nRevenue Estate of Village Binola-Tehsil Manesar and Village\nGurugram,HARYANA 122413"}],"drop_address":[{"drop_address":"\nACLC 2B,Near New ATC Tower,Opp.Gate 1 Cargo Terminal,\nIGI Airport\nNew Delhi,DELHI 110037"},{"drop_address":"\nAveo Logistics Pvt Ltd 40B-2,Rama Road Industrial Area\nNew Delhi,DELHI 110015"},{"drop_address":"\nno: 53\/57, 149\/160, 322,323, Village Jamalpur and Khawaspur\nGurugram,HARYANA 122001"},{"drop_address":"\nRevenue Estate of Village Binola-Tehsil Manesar and Village\nGurugram,HARYANA 122413"}],"length":"FOURTEEN_FOOT_TRUCK_CNG","tr_number":["266D95","5794C1"]}
{"pick_timestamp":"2022\/03\/02 11:00","customer_price":"8125.00","pic_address":[{"pic_address":"\nKhasra No. 511,512,518,519,520,522\nVillage Bajehra, Tehsil Hasanganj\nUnnao,UTTAR PRADESH 209801"}],"drop_address":[{"drop_address":"\nBuilding Nos. 1 and 2, Agsons Global Logistics Park, Agsons\nSonipat,HARYANA 131021"}],"length":"32' Truck","tr_number":["DAF58F"]}
{"pick_timestamp":"2022\/03\/02 11:00","customer_price":"1259.45","pic_address":[{"pic_address":"\n118, Majherhati Road, Shahid Nani Saha Sarani, Near Majherha\nHigh School Kolkata-700049\nKolkata,WEST BENGAL 700079"}],"drop_address":[{"drop_address":"\nSANKALP LOGISTICSC 7B, METROPOLITAN CHS CANAL SOUTH\nKolkata,WEST BENGAL 700053"},{"drop_address":"\nActive Business Park, 54\/10, Debendra Chandra Dey Road.\nKolkata,WEST BENGAL 700015"},{"drop_address":"\n118, Majherhati Road, Shahid Nani Saha Sarani, Near Majherha\nHigh School Kolkata-700049\nKolkata,WEST BENGAL 700079"}],"length":"SEVEN_FOOT_TRUCK_ELECTRIC_AMT","tr_number":["FA6874","C4BBC3"]}
{"pick_timestamp":"2022\/03\/02 12:00","customer_price":"22000.00","pic_address":[{"pic_address":"\nWadhu Chonde Warehouse,Vadu Village, Alandi Rd,Lonikand\nPune,MAHARASHTRA 412216"}],"drop_address":[{"drop_address":"\nPudur Village,Medchal Mandal,Hyderabad\nTurkapally,TELANGANA 501401"}],"length":"32' Truck","tr_number":["5A2C10"]}
{"pick_timestamp":"2022\/03\/02 12:00","customer_price":"40000.00","pic_address":[{"pic_address":"\nMahindra Logistics Limited, Bhagya Kalita Complex,\nNear:Kahikuch Gram Panchayat,\nGuwahati,ASSAM 781132"}],"drop_address":[{"drop_address":"\nLandmark - Diakkawn Presbyterian Church,Diakkawm.\nKolasib,MIZORAM 796081"},{"drop_address":"\nBrigade Road, Bangkawn, MizoramMizoram\nAizawl,MIZORAM 796014"},{"drop_address":"\nC\/o Mr. Lalropuia,Edenthar, Sairang road\nAizawl,MIZORAM 796014"}],"length":"22' Truck","tr_number":["3680CE"]}
{"pick_timestamp":"2022\/03\/02 12:00","customer_price":"25750.00","pic_address":[{"pic_address":"\nWadhu Chonde Warehouse,Vadu Village, Alandi Rd,Lonikand\nPune,MAHARASHTRA 412216"}],"drop_address":[{"drop_address":"\nPudur Village,Medchal Mandal,Hyderabad\nTurkapally,TELANGANA 501401"}],"length":"32' Truck","tr_number":["F66CAD"]}
{"pick_timestamp":"2022\/03\/02 12:00","customer_price":"38052.69","pic_address":[{"pic_address":"\nPlot 12\/P2, Defence and Aerospace park, Devanahalli,\nBengaluru,KARNATAKA 560012"}],"drop_address":[{"drop_address":"\nBuilding Nos. 1 and 2, Agsons Global Logistics Park, Agsons\nSonipat,HARYANA 131021"}],"length":"32' Truck","tr_number":["ACB59B"]}
{"pick_timestamp":"2022\/03\/02 12:30","customer_price":"14000.00","pic_address":[{"pic_address":"\nBuilding No. CCU1, Mouza, Amraberia,\nJ.L. No.8, Khatia No. 422, Ulberia Dist. Howrah\nKolkata,WEST BENGAL 711315"}],"drop_address":[{"drop_address":"\nThana No-49 Khata No-139,142,143,144 Khasra No-1054,1079,108\nDist- Patna, Bihar 801109\nPatna,Bihar 801105"}],"length":"32' Truck","tr_number":["3D6B53"]}
{"pick_timestamp":"2022\/03\/02 14:00","customer_price":"7000.00","pic_address":[{"pic_address":"\nMustkil No:51,kila No:1,2,3 village Bhangrola tehsil\nGurugram,HARYANA 122001"}],"drop_address":[{"drop_address":"\nVillage Dugri, (H.B.No. 220),Tehsil Payal District,\nLudhiana,PUNJAB 141113"}],"length":"32' Truck","tr_number":["AF6FD7"]}
{"pick_timestamp":"2022\/03\/02 14:00","customer_price":"6250.00","pic_address":[{"pic_address":"\nMustkil No:51,kila No:1,2,3 village Bhangrola tehsil\nGurugram,HARYANA 122001"}],"drop_address":[{"drop_address":"\nKhasra No. 511,512,518,519,520,522\nVillage Bajehra, Tehsil Hasanganj\nUnnao,UTTAR PRADESH 209801"}],"length":"24\u2019 Truck","tr_number":["1725F0"]}
{"pick_timestamp":"2022\/03\/02 15:30","customer_price":"15250.00","pic_address":[{"pic_address":"\nBuilding No. CCU1, Mouza, Amraberia,\nJ.L. No.8, Khatia No. 422, Ulberia Dist. Howrah\nKolkata,WEST BENGAL 711315"}],"drop_address":[{"drop_address":"\nNear to Kalawati Hospital research center, shirodi, Namkum\nRanchi,JHARKHAND 834001"}],"length":"32' Truck","tr_number":["57CDF6"]}
{"pick_timestamp":"2022\/03\/02 16:00","customer_price":"12065.42","pic_address":[{"pic_address":"\nVSMC Logistics Park Pvt Ltd, 432\/433 Pappampatty,\nAppanaichenpatti Road, Appanaichenpatty, Sulur (Taluk),\nCoimbatore,TAMIL NADU 641402"}],"drop_address":[{"drop_address":"\nPudur Village,Medchal Mandal,Hyderabad\nTurkapally,TELANGANA 501401"}],"length":"32' Truck","tr_number":["537961"]}
{"pick_timestamp":"2022\/03\/02 17:00","customer_price":"32750.00","pic_address":[{"pic_address":"\nF-2,Survey No. 122\/7c,122\/2,122\/1,118\/1,118\/7,131,Ayushi Spa\nMumbai -Nashik Highway , Post- Padgha,\nBhiwandi,MAHARASHTRA 421101"}],"drop_address":[{"drop_address":"\nFarrukhnagar Logistic Park LLP,Farrukhnagar\nGurugram,HARYANA 122001"}],"length":"32' Truck","tr_number":["1CC67B"]}
{"pick_timestamp":"2022\/03\/02 17:00","customer_price":"55249.99","pic_address":[{"pic_address":"\nHitech, Defence and Aerospace Park, Devanahalli\nBengaluru,KARNATAKA 562149"}],"drop_address":[{"drop_address":"\nBuilding No. CCU1, Mouza, Amraberia,\nJ.L. No.8, Khatia No. 422, Ulberia Dist. Howrah\nKolkata,WEST BENGAL 711315"}],"length":"32' Truck","tr_number":["F62885"]}
{"pick_timestamp":"2022\/03\/02 17:00","customer_price":"19250.00","pic_address":[{"pic_address":"\nBuilding No. CCU1, Mouza, Amraberia,\nJ.L. No.8, Khatia No. 422, Ulberia Dist. Howrah\nKolkata,WEST BENGAL 711315"}],"drop_address":[{"drop_address":"\nCWC,Jatni,Near Centurion University, At-Sandhapur, P.O.Jatni\nBhubaneshwar,ORISSA 751010"}],"length":"32' Truck","tr_number":["71AD02"]}
{"pick_timestamp":"2022\/03\/02 17:00","customer_price":"24250.00","pic_address":[{"pic_address":"\nF-2,Survey No. 122\/7c,122\/2,122\/1,118\/1,118\/7,131,Ayushi Spa\nMumbai -Nashik Highway , Post- Padgha,\nBhiwandi,MAHARASHTRA 421101"}],"drop_address":[{"drop_address":"\nPudur Village,Medchal Mandal,Hyderabad\nTurkapally,TELANGANA 501401"}],"length":"32' Truck","tr_number":["DD5EB4"]}
{"pick_timestamp":"2022\/03\/02 18:45","customer_price":"7211.56","pic_address":[{"pic_address":"\nBuilding No. B01, ESR Pune Estates Pvt Ltd\nVillage Ambethan, Tal: Khed\nPune,MAHARASHTRA 410501"}],"drop_address":[{"drop_address":"\nLK spaces, Rajlaxmi textile Park,Pogaon\nBhiwandi\nMumbai,MAHARASHTRA 421302"}],"length":"32' HQ Truck","tr_number":["FDF110"]}
{"pick_timestamp":"2022\/03\/02 19:00","customer_price":"19500.00","pic_address":[{"pic_address":"\nAmta Industrial Park, Amta\nMouza, Majukhetra\nKolkata,WEST BENGAL 711401"}],"drop_address":[{"drop_address":"\nAmta Industrial Park\nAmta,WEST BENGAL 711401"},{"drop_address":"\nNear Amazon\/TCI Express W\/h\nVillage - Kanchanbari, PO -Fulbari Hat\nJalpaiguri,West Bengal 734015"}],"length":"20' Truck","tr_number":["C77765"]}
{"pick_timestamp":"2022\/03\/02 19:00","customer_price":"25250.00","pic_address":[{"pic_address":"\nSy No: 77-2A3, S. Murugan Industrial and Logistics Parks LLP\nNear Magna Eng.College, Thamaraipakkam\nThiruvallur,TAMIL NADU 601103"}],"drop_address":[{"drop_address":"\nBROADVIEW CONSTRUCTIONS AND HOLDINGS PVT LTD.\nSurvey No.153-1 153-2226-2,229-2,230-2\nCoimbatore,TAMIL NADU 641201"}],"length":"32' Truck","tr_number":["AED3CB"]}
{"pick_timestamp":"2022\/03\/02 19:00","customer_price":"15250.00","pic_address":[{"pic_address":"\nPlot no. 120 (X) and part portion of plot no. 119 (W2\nBavla,GUJARAT 382220"}],"drop_address":[{"drop_address":"\nRoyal Warehousing and Logistics LLP, Survey Number 45\nHissa No.4A, Village Pise Village, Aamne Post\nBhiwandi,MAHARASHTRA 421302"}],"length":"32' Truck","tr_number":["49025C"]}
Json all Data Size : 100
status code :200
response body :{"response":{"data":{"message":"Convert as booking threshold days limit not matched!"},"status":"0"}}
status code :200
response body :{"response":{"data":{"message":"Convert as booking threshold days limit not matched!"},"status":"0"}}
status code :200
response body :{"response":{"data":{"message":"Convert as booking threshold days limit not matched!"},"status":"0"}}
status code :200
response body :{"response":{"data":{"message":"Convert as booking threshold days limit not matched!"},"status":"0"}}
status code :200
response body :{"response":{"data":{"message":"Convert as booking threshold days limit not matched!"},"status":"0"}}
status code :200
response body :{"response":{"data":{"message":"Convert as booking threshold days limit not matched!"},"status":"0"}}
status code :200
response body :{"response":{"data":{"message":"Convert as booking threshold days limit not matched!"},"status":"0"}}
status code :200
response body :{"response":{"data":{"message":"Convert as booking threshold days limit not matched!"},"status":"0"}}
status code :200
response body :{"response":{"data":{"message":"Convert as booking threshold days limit not matched!"},"status":"0"}}
status code :200
response body :{"response":{"data":{"message":"Convert as booking threshold days limit not matched!"},"status":"0"}}
status code :200
response body :{"response":{"data":{"message":"Successfully Updated the Booking amount"},"status":"1"}}
status code :200
response body :{"response":{"data":{"message":"Convert as booking threshold days limit not matched!"},"status":"0"}}
status code :200
response body :{"response":{"data":{"message":"Convert as booking threshold days limit not matched!"},"status":"0"}}
status code :200
response body :{"response":{"data":{"message":"Successfully Updated the Booking amount"},"status":"1"}}
status code :200
response body :{"response":{"data":{"message":"Successfully Updated the Booking amount"},"status":"1"}}
status code :200
response body :{"response":{"data":{"message":"Successfully Updated the Booking amount"},"status":"1"}}
status code :200
response body :{"response":{"data":{"message":"Successfully Updated the Booking amount"},"status":"1"}}
status code :200
response body :{"response":{"data":{"message":"Successfully Updated the Booking amount"},"status":"1"}}
status code :200
response body :{"response":{"data":{"message":"Successfully Updated the Booking amount"},"status":"1"}}
status code :200
response body :{"response":{"data":{"message":"Successfully Updated the Booking amount"},"status":"1"}}
status code :200
response body :{"response":{"data":{"message":"Successfully Updated the Booking amount"},"status":"1"}}
status code :200
response body :{"response":{"data":{"message":"Successfully Updated the Booking amount"},"status":"1"}}
status code :200
response body :{"response":{"data":{"message":"Successfully Updated the Booking amount"},"status":"1"}}
status code :200
response body :{"response":{"data":{"message":"Convert as booking threshold days limit not matched!"},"status":"0"}}
status code :200
response body :{"response":{"data":{"message":"Successfully Updated the Booking amount"},"status":"1"}}
status code :200
response body :{"response":{"data":{"message":"Successfully Updated the Booking amount"},"status":"1"}}
status code :200
response body :{"response":{"data":{"message":"Successfully Updated the Booking amount"},"status":"1"}}
status code :200
response body :{"response":{"data":{"message":"Successfully Updated the Booking amount"},"status":"1"}}
status code :200
response body :{"response":{"data":{"message":"Successfully Updated the Booking amount"},"status":"1"}}
status code :200
response body :{"response":{"data":{"message":"Successfully Updated the Booking amount"},"status":"1"}}
status code :200
response body :{"response":{"data":{"message":"Successfully Updated the Booking amount"},"status":"1"}}
status code :200
response body :{"response":{"data":{"message":"Successfully Updated the Booking amount"},"status":"1"}}
status code :200
response body :{"response":{"data":{"message":"Convert as booking threshold days limit not matched!"},"status":"0"}}
status code :200
response body :{"response":{"data":{"message":"Successfully Updated the Booking amount"},"status":"1"}}
status code :200
response body :{"response":{"data":{"message":"Successfully Updated the Booking amount"},"status":"1"}}
status code :200
response body :{"response":{"data":{"message":"Successfully Updated the Booking amount"},"status":"1"}}
status code :200
response body :{"response":{"data":{"message":"Successfully Updated the Booking amount"},"status":"1"}}
status code :200
response body :{"response":{"data":{"message":"Successfully Updated the Booking amount"},"status":"1"}}
status code :200
response body :{"response":{"data":{"message":"Successfully Updated the Booking amount"},"status":"1"}}
status code :200
response body :{"response":{"data":{"message":"Successfully Updated the Booking amount"},"status":"1"}}
status code :200
response body :{"response":{"data":{"message":"Successfully Updated the Booking amount"},"status":"1"}}
status code :200
response body :{"response":{"data":{"message":"Successfully Updated the Booking amount"},"status":"1"}}
status code :200
response body :{"response":{"data":{"message":"Successfully Updated the Booking amount"},"status":"1"}}
status code :200
response body :{"response":{"data":{"message":"Successfully Updated the Booking amount"},"status":"1"}}
status code :200
response body :{"response":{"notify_driver_id":0,"data":{"driver_id":"0","customer_min_bid_amount":"30000.00","pickup_array":"[\n    {\n        \"lat\": \"28.38975\",\n        \"long\": \"76.8620064\",\n        \"contact_name\": \"\",\n        \"contact_phone\": \"\",\n        \"pickup_address\": \"\\nno: 53\\/57, 149\\/160, 322,323, Village Jamalpur and Khawaspur\\nGurugram,HARYANA 122001\",\n        \"booking_status\": \"0\"\n    }\n]","price_id":null,"package_master_id":"0","is_bidding":"0","discount_percentage":null,"dropoff_address":"\nGarg Plaza, Village Kanchanbari, Bangla Basti, PO-Fulbari Ha\nWest Bengal, IN, 734015\nSiliguri,WEST BENGAL 734011","lr_show":0,"coupon_name":"","claimform":"https://admin-staging.wowtruck.in/webservice/claimform","driver_arrived_time":"5 Mins","max_bid_amount":69160,"coupon_id":"0","booking_tonnage":"","booking_creation_timestamp":"01-03-2022 07:00:00","total_booking_amount":30000,"dropcount":1,"earlyclose":0,"booking_notes_visible":1,"load_type":"2","driver_bidding":{"current_lowest_offer":0,"driver_bid_created_at":"","driver_id":0,"driver_seen":"0","customer_id":"45457","bid_count":"0","is_notify":0,"status":0},"payment_alert_text":"","base_hour":"Hrs -  KMs - ","booking_status":"11","driver_phone":"","pod_status":"","customer_wallet_amount":0,"withdraw_message":"","subtotal":"0.00","able_to_cancel":0,"additional_fare_hour":null,"booking_coupon_applied":false,"already_bid":1,"truck_reg_number":"","coupon_applied":false,"pod_pic":[],"amenities":[],"invoice_s3_url":null,"pod":"","created_at":"27-02-2022 13:44:16","min_bid_amount":14560,"droparray":"[\n    {\n        \"lat\": \"26.6527977\",\n        \"long\": \"88.425994\",\n        \"dropaddrid\": 0,\n        \"recipient_name\": \"\",\n        \"recipient_phone\": \"\",\n        \"droppff_location_id\": \"1130584\",\n        \"dropoff_address\": \"\\nGarg Plaza, Village Kanchanbari, Bangla Basti, PO-Fulbari Ha\\nWest Bengal, IN, 734015\\nSiliguri,WEST BENGAL 734011\",\n        \"booking_status\": \"0\"\n    }\n]","payment_type_txt":"Wallet","is_notify":1,"pod_download":[],"vehiclebody":"CLOSED","customer_max_bid_amount":109200,"advance_payment_mode":"1","driver_cancelled":0,"tonnage":" 9 - 11 Ton","is_withdraw":0,"booking_amount_total":"72800.00","pickup_count":1,"driver_booking_status_text":"","coupon_code":"","base_fare_upto":null,"base_fare":"72800.00","hourly_package_id":null,"discount_type":null,"bidding_max_amount":69160,"driver_current_location":"","base_suggested_price":65550,"truck_model":"","pod_track_url":"","wowcash":"","booking_package_overshooting_text":"","booking_type":2,"customer_id":"45457","pod_amount":0,"insurance":"0","booking_notes":"","discount_amount":null,"lr":{"insurance":"0","consignee_id":[],"invoice_details":[],"consigee_details":[],"lr_url":"","pickup_address":"\nno: 53/57, 149/160, 322,323, Village Jamalpur and Khawaspur\nGurugram,HARYANA 122001","consignor_details":[{"consignor_name":"Amazon","consignor_gst":"015753697452489","consignor_state":1,"consignor_address":"Chennai","id":""}],"dropoff_address":"\nGarg Plaza, Village Kanchanbari, Bangla Basti, PO-Fulbari Ha\nWest Bengal, IN, 734015\nSiliguri,WEST BENGAL 734011","lr_number":"27386","states":[{"state_name":"KERALA","id":"17"},{"state_name":"KARNATAKA","id":"18"},{"state_name":"Telangana","id":"36"},{"state_name":"TAMILNADU","id":"1"},{"state_name":"ANDHRA PRADESH","id":"2"}],"consignor_name":"Amazon","invoice_total":0,"lr_generated":0,"consignor_address":"Chennai","pickup_time":"01-03-2022 07:00:00"},"booking_package_text":"","insurance_edit":0,"pickup_address":"\nno: 53/57, 149/160, 322,323, Village Jamalpur and Khawaspur\nGurugram,HARYANA 122001","pod_text":"","show_bidding_content":0,"driver_seen_status":0,"discounts":[],"advance_payment":58240,"pod_type":null,"communication":{"communication_id":0,"type":0,"message":""},"booking_status_text":"NA","is_mobile":"2","all_communication":[],"customer_accepted":"0","barcode_enable":"0","coupon_value":50,"droparray_areaname":[{"dropoff_location_area_name":"Kanchanbari","dropoff_location_id":"1130584"}],"payment_type":"1","price_group":36,"nearby_drivers_count":0,"recipient_name":"","coupon_type":"","recipient_phone":"","vehicle_name":"","driver_reject_event_id":0,"customer_type":"3","booking_feet":"","booking_id":"27386","base_fare_hour":null,"pickup_long":"76.8620064","vehicle_body_type":"1","pickup_lat":"28.38975","reached_otp":"8985","driver_image":"","insurance_details":[],"is_contract":0,"payment_status":"0","length":"Length: 24 Feet","auto_accept":"1","bidding_increment_amount":100,"driver_name":"","vehicle_type_id":"0","booking_filter":[],"group_id":"36","override_amount":"0.00","invoice":"","insurance_chosen":false,"alarm_on":0},"message":"Successfully bidding has been updated!","notify_driver":false,"status":"1","notify_drivers":[]}}
status code :200
response body :{"response":{"notify_driver_id":0,"data":{"driver_id":"0","customer_min_bid_amount":"23400.00","pickup_array":"[\n    {\n        \"lat\": \"13.3268604\",\n        \"long\": \"80.1376246\",\n        \"contact_name\": \"\",\n        \"contact_phone\": \"\",\n        \"pickup_address\": \"\\nNo. 1\\/B, IndoSpace Logistics Park, Puduvoyal, Durainallur Vi\\nPonneri,TAMIL NADU 601206\",\n        \"booking_status\": \"0\"\n    }\n]","price_id":null,"package_master_id":"0","is_bidding":"0","discount_percentage":null,"dropoff_address":"\nPlot no. 120 (X) and part portion of plot no. 119 (W2\nBavla,GUJARAT 382220","lr_show":0,"coupon_name":"","claimform":"https://admin-staging.wowtruck.in/webservice/claimform","driver_arrived_time":"5 Mins","max_bid_amount":96192,"coupon_id":"0","booking_tonnage":"","booking_creation_timestamp":"01-03-2022 07:00:00","total_booking_amount":23400,"dropcount":1,"earlyclose":0,"booking_notes_visible":1,"load_type":"2","driver_bidding":{"current_lowest_offer":0,"driver_bid_created_at":"","driver_id":0,"driver_seen":"0","customer_id":"45457","bid_count":"0","is_notify":0,"status":0},"payment_alert_text":"","base_hour":"Hrs -  KMs - ","booking_status":"11","driver_phone":"","pod_status":"","customer_wallet_amount":0,"withdraw_message":"","subtotal":"0.00","able_to_cancel":0,"additional_fare_hour":null,"booking_coupon_applied":false,"already_bid":1,"truck_reg_number":"","coupon_applied":false,"pod_pic":[],"amenities":[],"invoice_s3_url":null,"pod":"","created_at":"27-02-2022 13:44:22","min_bid_amount":20251,"droparray":"[\n    {\n        \"lat\": \"22.8365498\",\n        \"long\": \"72.3627976\",\n        \"dropaddrid\": 0,\n        \"recipient_name\": \"\",\n        \"recipient_phone\": \"\",\n        \"droppff_location_id\": \"1130585\",\n        \"dropoff_address\": \"\\nPlot no. 120 (X) and part portion of plot no. 119 (W2\\nBavla,GUJARAT 382220\",\n        \"booking_status\": \"0\"\n    }\n]","payment_type_txt":"Wallet","is_notify":1,"pod_download":[],"vehiclebody":"CLOSED","customer_max_bid_amount":151900,"advance_payment_mode":"1","driver_cancelled":0,"tonnage":" 15 Ton","is_withdraw":0,"booking_amount_total":"101255.00","pickup_count":1,"driver_booking_status_text":"","coupon_code":"","base_fare_upto":null,"base_fare":"101255.00","hourly_package_id":null,"discount_type":null,"bidding_max_amount":96192,"driver_current_location":"","base_suggested_price":91150,"truck_model":"","pod_track_url":"","wowcash":"","booking_package_overshooting_text":"","booking_type":2,"customer_id":"45457","pod_amount":0,"insurance":"0","booking_notes":"","discount_amount":null,"lr":{"insurance":"0","consignee_id":[],"invoice_details":[],"consigee_details":[],"lr_url":"","pickup_address":"\nNo. 1/B, IndoSpace Logistics Park, Puduvoyal, Durainallur Vi\nPonneri,TAMIL NADU 601206","consignor_details":[{"consignor_name":"Amazon","consignor_gst":"015753697452489","consignor_state":1,"consignor_address":"Chennai","id":""}],"dropoff_address":"\nPlot no. 120 (X) and part portion of plot no. 119 (W2\nBavla,GUJARAT 382220","lr_number":"27387","states":[{"state_name":"KERALA","id":"17"},{"state_name":"KARNATAKA","id":"18"},{"state_name":"Telangana","id":"36"},{"state_name":"TAMILNADU","id":"1"},{"state_name":"ANDHRA PRADESH","id":"2"}],"consignor_name":"Amazon","invoice_total":0,"lr_generated":0,"consignor_address":"Chennai","pickup_time":"01-03-2022 07:00:00"},"booking_package_text":"","insurance_edit":0,"pickup_address":"\nNo. 1/B, IndoSpace Logistics Park, Puduvoyal, Durainallur Vi\nPonneri,TAMIL NADU 601206","pod_text":"","show_bidding_content":0,"driver_seen_status":0,"discounts":[],"advance_payment":81004,"pod_type":null,"communication":{"communication_id":0,"type":0,"message":""},"booking_status_text":"NA","is_mobile":"2","all_communication":[],"customer_accepted":"0","barcode_enable":"0","coupon_value":50,"droparray_areaname":[{"dropoff_location_area_name":"Vallabh Nagar Society","dropoff_location_id":"1130585"}],"payment_type":"1","price_group":36,"nearby_drivers_count":0,"recipient_name":"","coupon_type":"","recipient_phone":"","vehicle_name":"","driver_reject_event_id":0,"customer_type":"3","booking_feet":"","booking_id":"27387","base_fare_hour":null,"pickup_long":"80.1376246","vehicle_body_type":"1","pickup_lat":"13.3268604","reached_otp":"4689","driver_image":"","insurance_details":[],"is_contract":0,"payment_status":"0","length":"Length: 32 Feet","auto_accept":"1","bidding_increment_amount":100,"driver_name":"","vehicle_type_id":"0","booking_filter":[],"group_id":"36","override_amount":"0.00","invoice":"","insurance_chosen":false,"alarm_on":0},"message":"Successfully bidding has been updated!","notify_driver":false,"status":"1","notify_drivers":[]}}
status code :200
response body :{"response":{"notify_driver_id":0,"data":{"driver_id":"0","customer_min_bid_amount":"19428.00","pickup_array":"[\n    {\n        \"lat\": \"22.7091381\",\n        \"long\": \"88.2836453\",\n        \"contact_name\": \"\",\n        \"contact_phone\": \"\",\n        \"pickup_address\": \"\\nPlot 33 and 34, Arrjavv Industrial Warehouse Park,\\nDankuni,WEST BENGAL 712310\",\n        \"booking_status\": \"0\"\n    }\n]","price_id":null,"package_master_id":"0","is_bidding":"0","discount_percentage":null,"dropoff_address":"\nBuilding Nos. 1 and 2, Agsons Global Logistics Park, Agsons\nSonipat,HARYANA 131021","lr_show":0,"coupon_name":"","claimform":"https://admin-staging.wowtruck.in/webservice/claimform","driver_arrived_time":"5 Mins","max_bid_amount":83234,"coupon_id":"0","booking_tonnage":"","booking_creation_timestamp":"01-03-2022 09:00:00","total_booking_amount":19428,"dropcount":1,"earlyclose":0,"booking_notes_visible":1,"load_type":"2","driver_bidding":{"current_lowest_offer":0,"driver_bid_created_at":"","driver_id":0,"driver_seen":"0","customer_id":"45457","bid_count":"0","is_notify":0,"status":0},"payment_alert_text":"","base_hour":"Hrs -  KMs - ","booking_status":"11","driver_phone":"","pod_status":"","customer_wallet_amount":0,"withdraw_message":"","subtotal":"0.00","able_to_cancel":0,"additional_fare_hour":null,"booking_coupon_applied":false,"already_bid":1,"truck_reg_number":"","coupon_applied":false,"pod_pic":[],"amenities":[],"invoice_s3_url":null,"pod":"","created_at":"27-02-2022 13:44:28","min_bid_amount":17523,"droparray":"[\n    {\n        \"lat\": \"28.9872305\",\n        \"long\": \"77.0881298\",\n        \"dropaddrid\": 0,\n        \"recipient_name\": \"\",\n        \"recipient_phone\": \"\",\n        \"droppff_location_id\": \"1130586\",\n        \"dropoff_address\": \"\\nBuilding Nos. 1 and 2, Agsons Global Logistics Park, Agsons\\nSonipat,HARYANA 131021\",\n        \"booking_status\": \"0\"\n    }\n]","payment_type_txt":"Wallet","is_notify":1,"pod_download":[],"vehiclebody":"CLOSED","customer_max_bid_amount":131400,"advance_payment_mode":"1","driver_cancelled":0,"tonnage":" 15 Ton","is_withdraw":0,"booking_amount_total":"87615.00","pickup_count":1,"driver_booking_status_text":"","coupon_code":"","base_fare_upto":null,"base_fare":"87615.00","hourly_package_id":null,"discount_type":null,"bidding_max_amount":83234,"driver_current_location":"","base_suggested_price":78900,"truck_model":"","pod_track_url":"","wowcash":"","booking_package_overshooting_text":"","booking_type":2,"customer_id":"45457","pod_amount":0,"insurance":"0","booking_notes":"","discount_amount":null,"lr":{"insurance":"0","consignee_id":[],"invoice_details":[],"consigee_details":[],"lr_url":"","pickup_address":"\nPlot 33 and 34, Arrjavv Industrial Warehouse Park,\nDankuni,WEST BENGAL 712310","consignor_details":[{"consignor_name":"Amazon","consignor_gst":"015753697452489","consignor_state":1,"consignor_address":"Chennai","id":""}],"dropoff_address":"\nBuilding Nos. 1 and 2, Agsons Global Logistics Park, Agsons\nSonipat,HARYANA 131021","lr_number":"27388","states":[{"state_name":"KERALA","id":"17"},{"state_name":"KARNATAKA","id":"18"},{"state_name":"Telangana","id":"36"},{"state_name":"TAMILNADU","id":"1"},{"state_name":"ANDHRA PRADESH","id":"2"}],"consignor_name":"Amazon","invoice_total":0,"lr_generated":0,"consignor_address":"Chennai","pickup_time":"01-03-2022 09:00:00"},"booking_package_text":"","insurance_edit":0,"pickup_address":"\nPlot 33 and 34, Arrjavv Industrial Warehouse Park,\nDankuni,WEST BENGAL 712310","pod_text":"","show_bidding_content":0,"driver_seen_status":0,"discounts":[],"advance_payment":70092,"pod_type":null,"communication":{"communication_id":0,"type":0,"message":""},"booking_status_text":"NA","is_mobile":"2","all_communication":[],"customer_accepted":"0","barcode_enable":"0","coupon_value":50,"droparray_areaname":[{"dropoff_location_area_name":"Sonipat","dropoff_location_id":"1130586"}],"payment_type":"1","price_group":36,"nearby_drivers_count":0,"recipient_name":"","coupon_type":"","recipient_phone":"","vehicle_name":"","driver_reject_event_id":0,"customer_type":"3","booking_feet":"","booking_id":"27388","base_fare_hour":null,"pickup_long":"88.2836453","vehicle_body_type":"1","pickup_lat":"22.7091381","reached_otp":"8259","driver_image":"","insurance_details":[],"is_contract":0,"payment_status":"0","length":"Length: 32 Feet","auto_accept":"1","bidding_increment_amount":100,"driver_name":"","vehicle_type_id":"0","booking_filter":[],"group_id":"36","override_amount":"0.00","invoice":"","insurance_chosen":false,"alarm_on":0},"message":"Successfully bidding has been updated!","notify_driver":false,"status":"1","notify_drivers":[]}}
status code :200
response body :{"response":{"notify_driver_id":0,"data":{"driver_id":"0","customer_min_bid_amount":"30000.00","pickup_array":"[\n    {\n        \"lat\": \"19.3661934\",\n        \"long\": \"73.1781311\",\n        \"contact_name\": \"\",\n        \"contact_phone\": \"\",\n        \"pickup_address\": \"\\nF-2,Survey No. 122\\/7c,122\\/2,122\\/1,118\\/1,118\\/7,131,Ayushi Spa\\nMumbai -Nashik Highway , Post- Padgha,\\nBhiwandi,MAHARASHTRA 421101\",\n        \"booking_status\": \"0\"\n    }\n]","price_id":null,"package_master_id":"0","is_bidding":"0","discount_percentage":null,"dropoff_address":"\nSri Perumbudur Taluk,\nChennai,TAMIL NADU 602117","lr_show":0,"coupon_name":"","claimform":"https://admin-staging.wowtruck.in/webservice/claimform","driver_arrived_time":"5 Mins","max_bid_amount":70120,"coupon_id":"0","booking_tonnage":"","booking_creation_timestamp":"01-03-2022 10:00:00","total_booking_amount":30000,"dropcount":1,"earlyclose":0,"booking_notes_visible":1,"load_type":"2","driver_bidding":{"current_lowest_offer":0,"driver_bid_created_at":"","driver_id":0,"driver_seen":"0","customer_id":"45457","bid_count":"0","is_notify":0,"status":0},"payment_alert_text":"","base_hour":"Hrs -  KMs - ","booking_status":"11","driver_phone":"","pod_status":"","customer_wallet_amount":0,"withdraw_message":"","subtotal":"0.00","able_to_cancel":0,"additional_fare_hour":null,"booking_coupon_applied":false,"already_bid":1,"truck_reg_number":"","coupon_applied":false,"pod_pic":[],"amenities":[],"invoice_s3_url":null,"pod":"","created_at":"27-02-2022 13:44:34","min_bid_amount":14762,"droparray":"[\n    {\n        \"lat\": \"13.0105844\",\n        \"long\": \"80.0367259\",\n        \"dropaddrid\": 0,\n        \"recipient_name\": \"\",\n        \"recipient_phone\": \"\",\n        \"droppff_location_id\": \"1130587\",\n        \"dropoff_address\": \"\\nSri Perumbudur Taluk,\\nChennai,TAMIL NADU 602117\",\n        \"booking_status\": \"0\"\n    }\n]","payment_type_txt":"Wallet","is_notify":1,"pod_download":[],"vehiclebody":"CLOSED","customer_max_bid_amount":110700,"advance_payment_mode":"1","driver_cancelled":0,"tonnage":" 15 Ton","is_withdraw":0,"booking_amount_total":"73810.00","pickup_count":1,"driver_booking_status_text":"","coupon_code":"","base_fare_upto":null,"base_fare":"73810.00","hourly_package_id":null,"discount_type":null,"bidding_max_amount":70120,"driver_current_location":"","base_suggested_price":66450,"truck_model":"","pod_track_url":"","wowcash":"","booking_package_overshooting_text":"","booking_type":2,"customer_id":"45457","pod_amount":0,"insurance":"0","booking_notes":"","discount_amount":null,"lr":{"insurance":"0","consignee_id":[],"invoice_details":[],"consigee_details":[],"lr_url":"","pickup_address":"\nF-2,Survey No. 122/7c,122/2,122/1,118/1,118/7,131,Ayushi Spa\nMumbai -Nashik Highway , Post- Padgha,\nBhiwandi,MAHARASHTRA 421101","consignor_details":[{"consignor_name":"Amazon","consignor_gst":"015753697452489","consignor_state":1,"consignor_address":"Chennai","id":""}],"dropoff_address":"\nSri Perumbudur Taluk,\nChennai,TAMIL NADU 602117","lr_number":"27389","states":[{"state_name":"KERALA","id":"17"},{"state_name":"KARNATAKA","id":"18"},{"state_name":"Telangana","id":"36"},{"state_name":"TAMILNADU","id":"1"},{"state_name":"ANDHRA PRADESH","id":"2"}],"consignor_name":"Amazon","invoice_total":0,"lr_generated":0,"consignor_address":"Chennai","pickup_time":"01-03-2022 10:00:00"},"booking_package_text":"","insurance_edit":0,"pickup_address":"\nF-2,Survey No. 122/7c,122/2,122/1,118/1,118/7,131,Ayushi Spa\nMumbai -Nashik Highway , Post- Padgha,\nBhiwandi,MAHARASHTRA 421101","pod_text":"","show_bidding_content":0,"driver_seen_status":0,"discounts":[],"advance_payment":59048,"pod_type":null,"communication":{"communication_id":0,"type":0,"message":""},"booking_status_text":"NA","is_mobile":"2","all_communication":[],"customer_accepted":"0","barcode_enable":"0","coupon_value":50,"droparray_areaname":[{"dropoff_location_area_name":"Chembarambakkam","dropoff_location_id":"1130587"}],"payment_type":"1","price_group":36,"nearby_drivers_count":0,"recipient_name":"","coupon_type":"","recipient_phone":"","vehicle_name":"","driver_reject_event_id":0,"customer_type":"3","booking_feet":"","booking_id":"27389","base_fare_hour":null,"pickup_long":"73.1781311","vehicle_body_type":"1","pickup_lat":"19.3661934","reached_otp":"5681","driver_image":"","insurance_details":[],"is_contract":0,"payment_status":"0","length":"Length: 32 Feet","auto_accept":"1","bidding_increment_amount":100,"driver_name":"","vehicle_type_id":"0","booking_filter":[],"group_id":"36","override_amount":"0.00","invoice":"","insurance_chosen":false,"alarm_on":0},"message":"Successfully bidding has been updated!","notify_driver":false,"status":"1","notify_drivers":[]}}
status code :200
response body :{"response":{"notify_driver_id":0,"data":{"driver_id":"0","customer_min_bid_amount":"7738.00","pickup_array":"[\n    {\n        \"lat\": \"26.8091078\",\n        \"long\": \"75.4785335\",\n        \"contact_name\": \"\",\n        \"contact_phone\": \"\",\n        \"pickup_address\": \"\\nKh No 554 to 558,560 to 583,600 to 606\\nBagru Rawan,N.H.8,Tehsil Sanganer\\nBagru,RAJASTHAN 303007\",\n        \"booking_status\": \"0\"\n    }\n]","price_id":null,"package_master_id":"0","is_bidding":"0","discount_percentage":null,"dropoff_address":"\nC/o M/s SYNDICATE GODOWN CORPORATION\nKhasra no. 6/19/2, 20,21,22,23/2, 24/1\nManesar,HARYANA 123413","lr_show":0,"coupon_name":"","claimform":"https://admin-staging.wowtruck.in/webservice/claimform","driver_arrived_time":"5 Mins","max_bid_amount":13742,"coupon_id":"0","booking_tonnage":"","booking_creation_timestamp":"01-03-2022 10:00:00","total_booking_amount":7738,"dropcount":1,"earlyclose":0,"booking_notes_visible":1,"load_type":"2","driver_bidding":{"current_lowest_offer":0,"driver_bid_created_at":"","driver_id":0,"driver_seen":"0","customer_id":"45457","bid_count":"0","is_notify":0,"status":0},"payment_alert_text":"","base_hour":"Hrs -  KMs - ","booking_status":"11","driver_phone":"","pod_status":"","customer_wallet_amount":0,"withdraw_message":"","subtotal":"0.00","able_to_cancel":0,"additional_fare_hour":null,"booking_coupon_applied":false,"already_bid":1,"truck_reg_number":"","coupon_applied":false,"pod_pic":[],"amenities":[],"invoice_s3_url":null,"pod":"","created_at":"27-02-2022 13:44:39","min_bid_amount":2893,"droparray":"[\n    {\n        \"lat\": \"28.3729952\",\n        \"long\": \"76.909024\",\n        \"dropaddrid\": 0,\n        \"recipient_name\": \"\",\n        \"recipient_phone\": \"\",\n        \"droppff_location_id\": \"1130588\",\n        \"dropoff_address\": \"\\nC\\/o M\\/s SYNDICATE GODOWN CORPORATION\\nKhasra no. 6\\/19\\/2, 20,21,22,23\\/2, 24\\/1\\nManesar,HARYANA 123413\",\n        \"booking_status\": \"0\"\n    }\n]","payment_type_txt":"Wallet","is_notify":1,"pod_download":[],"vehiclebody":"CLOSED","customer_max_bid_amount":21700,"advance_payment_mode":"1","driver_cancelled":0,"tonnage":" 15 Ton","is_withdraw":0,"booking_amount_total":"14465.00","pickup_count":1,"driver_booking_status_text":"","coupon_code":"","base_fare_upto":null,"base_fare":"14465.00","hourly_package_id":null,"discount_type":null,"bidding_max_amount":13742,"driver_current_location":"","base_suggested_price":13050,"truck_model":"","pod_track_url":"","wowcash":"","booking_package_overshooting_text":"","booking_type":2,"customer_id":"45457","pod_amount":0,"insurance":"0","booking_notes":"","discount_amount":null,"lr":{"insurance":"0","consignee_id":[],"invoice_details":[],"consigee_details":[],"lr_url":"","pickup_address":"\nKh No 554 to 558,560 to 583,600 to 606\nBagru Rawan,N.H.8,Tehsil Sanganer\nBagru,RAJASTHAN 303007","consignor_details":[{"consignor_name":"Amazon","consignor_gst":"015753697452489","consignor_state":1,"consignor_address":"Chennai","id":""}],"dropoff_address":"\nC/o M/s SYNDICATE GODOWN CORPORATION\nKhasra no. 6/19/2, 20,21,22,23/2, 24/1\nManesar,HARYANA 123413","lr_number":"27390","states":[{"state_name":"KERALA","id":"17"},{"state_name":"KARNATAKA","id":"18"},{"state_name":"Telangana","id":"36"},{"state_name":"TAMILNADU","id":"1"},{"state_name":"ANDHRA PRADESH","id":"2"}],"consignor_name":"Amazon","invoice_total":0,"lr_generated":0,"consignor_address":"Chennai","pickup_time":"01-03-2022 10:00:00"},"booking_package_text":"","insurance_edit":0,"pickup_address":"\nKh No 554 to 558,560 to 583,600 to 606\nBagru Rawan,N.H.8,Tehsil Sanganer\nBagru,RAJASTHAN 303007","pod_text":"","show_bidding_content":0,"driver_seen_status":0,"discounts":[],"advance_payment":11572,"pod_type":null,"communication":{"communication_id":0,"type":0,"message":""},"booking_status_text":"NA","is_mobile":"2","all_communication":[],"customer_accepted":"0","barcode_enable":"0","coupon_value":50,"droparray_areaname":[{"dropoff_location_area_name":"Manesar","dropoff_location_id":"1130588"}],"payment_type":"1","price_group":36,"nearby_drivers_count":0,"recipient_name":"","coupon_type":"","recipient_phone":"","vehicle_name":"","driver_reject_event_id":0,"customer_type":"3","booking_feet":"","booking_id":"27390","base_fare_hour":null,"pickup_long":"75.4785335","vehicle_body_type":"1","pickup_lat":"26.8091078","reached_otp":"9348","driver_image":"","insurance_details":[],"is_contract":0,"payment_status":"0","length":"Length: 32 Feet","auto_accept":"1","bidding_increment_amount":100,"driver_name":"","vehicle_type_id":"0","booking_filter":[],"group_id":"36","override_amount":"0.00","invoice":"","insurance_chosen":false,"alarm_on":0},"message":"Successfully bidding has been updated!","notify_driver":false,"status":"1","notify_drivers":[]}}
status code :200
response body :{"response":{"notify_driver_id":0,"data":{"driver_id":"0","customer_min_bid_amount":"17999.99","pickup_array":"[\n    {\n        \"lat\": \"22.7724184\",\n        \"long\": \"75.9054278\",\n        \"contact_name\": \"\",\n        \"contact_phone\": \"\",\n        \"pickup_address\": \"\\nNear METRO CASH & CARRY WHOLESALE Store\\nIndore,MADHYA PRADESH 452010\",\n        \"booking_status\": \"0\"\n    }\n]","price_id":null,"package_master_id":"0","is_bidding":"0","discount_percentage":null,"dropoff_address":"\n38/8/2, Adjacent to Starex School, Village Binola,Tehsil\nManesar Gurgaon,HARYANA 122413","lr_show":0,"coupon_name":"","claimform":"https://admin-staging.wowtruck.in/webservice/claimform","driver_arrived_time":"5 Mins","max_bid_amount":42950,"coupon_id":"0","booking_tonnage":"","booking_creation_timestamp":"01-03-2022 11:00:00","total_booking_amount":18000,"dropcount":1,"earlyclose":0,"booking_notes_visible":1,"load_type":"2","driver_bidding":{"current_lowest_offer":0,"driver_bid_created_at":"","driver_id":0,"driver_seen":"0","customer_id":"45457","bid_count":"0","is_notify":0,"status":0},"payment_alert_text":"","base_hour":"Hrs -  KMs - ","booking_status":"11","driver_phone":"","pod_status":"","customer_wallet_amount":0,"withdraw_message":"","subtotal":"0.00","able_to_cancel":0,"additional_fare_hour":null,"booking_coupon_applied":false,"already_bid":1,"truck_reg_number":"","coupon_applied":false,"pod_pic":[],"amenities":[],"invoice_s3_url":null,"pod":"","created_at":"27-02-2022 13:44:49","min_bid_amount":9042,"droparray":"[\n    {\n        \"lat\": \"28.2987239\",\n        \"long\": \"76.8627271\",\n        \"dropaddrid\": 0,\n        \"recipient_name\": \"\",\n        \"recipient_phone\": \"\",\n        \"droppff_location_id\": \"1130589\",\n        \"dropoff_address\": \"\\n38\\/8\\/2, Adjacent to Starex School, Village Binola,Tehsil\\nManesar Gurgaon,HARYANA 122413\",\n        \"booking_status\": \"0\"\n    }\n]","payment_type_txt":"Wallet","is_notify":1,"pod_download":[],"vehiclebody":"CLOSED","customer_max_bid_amount":67800,"advance_payment_mode":"1","driver_cancelled":0,"tonnage":" 15 Ton","is_withdraw":0,"booking_amount_total":"45210.00","pickup_count":1,"driver_booking_status_text":"","coupon_code":"","base_fare_upto":null,"base_fare":"45210.00","hourly_package_id":null,"discount_type":null,"bidding_max_amount":42950,"driver_current_location":"","base_suggested_price":40700,"truck_model":"","pod_track_url":"","wowcash":"","booking_package_overshooting_text":"","booking_type":2,"customer_id":"45457","pod_amount":0,"insurance":"0","booking_notes":"","discount_amount":null,"lr":{"insurance":"0","consignee_id":[],"invoice_details":[],"consigee_details":[],"lr_url":"","pickup_address":"\nNear METRO CASH & CARRY WHOLESALE Store\nIndore,MADHYA PRADESH 452010","consignor_details":[{"consignor_name":"Amazon","consignor_gst":"015753697452489","consignor_state":1,"consignor_address":"Chennai","id":""}],"dropoff_address":"\n38/8/2, Adjacent to Starex School, Village Binola,Tehsil\nManesar Gurgaon,HARYANA 122413","lr_number":"27391","states":[{"state_name":"KERALA","id":"17"},{"state_name":"KARNATAKA","id":"18"},{"state_name":"Telangana","id":"36"},{"state_name":"TAMILNADU","id":"1"},{"state_name":"ANDHRA PRADESH","id":"2"}],"consignor_name":"Amazon","invoice_total":0,"lr_generated":0,"consignor_address":"Chennai","pickup_time":"01-03-2022 11:00:00"},"booking_package_text":"","insurance_edit":0,"pickup_address":"\nNear METRO CASH & CARRY WHOLESALE Store\nIndore,MADHYA PRADESH 452010","pod_text":"","show_bidding_content":0,"driver_seen_status":0,"discounts":[],"advance_payment":36168,"pod_type":null,"communication":{"communication_id":0,"type":0,"message":""},"booking_status_text":"NA","is_mobile":"2","all_communication":[],"customer_accepted":"0","barcode_enable":"0","coupon_value":50,"droparray_areaname":[{"dropoff_location_area_name":"Bhora Kalan","dropoff_location_id":"1130589"}],"payment_type":"1","price_group":36,"nearby_drivers_count":0,"recipient_name":"","coupon_type":"","recipient_phone":"","vehicle_name":"","driver_reject_event_id":0,"customer_type":"3","booking_feet":"","booking_id":"27391","base_fare_hour":null,"pickup_long":"75.9054278","vehicle_body_type":"1","pickup_lat":"22.7724184","reached_otp":"1276","driver_image":"","insurance_details":[],"is_contract":0,"payment_status":"0","length":"Length: 32 Feet","auto_accept":"1","bidding_increment_amount":100,"driver_name":"","vehicle_type_id":"0","booking_filter":[],"group_id":"36","override_amount":"0.00","invoice":"","insurance_chosen":false,"alarm_on":0},"message":"Successfully bidding has been updated!","notify_driver":false,"status":"1","notify_drivers":[]}}
status code :200
response body :{"response":{"notify_driver_id":0,"data":{"driver_id":"0","customer_min_bid_amount":"3107.00","pickup_array":"[\n    {\n        \"lat\": \"11.0121719\",\n        \"long\": \"76.966162\",\n        \"contact_name\": \"\",\n        \"contact_phone\": \"\",\n        \"pickup_address\": \"\\nABT Express,28 A , Kalingarayan Street Opp.Hotel Anandhas\\nVanjipalayam,TAMIL NADU 641663\",\n        \"booking_status\": \"0\"\n    }\n]","price_id":null,"package_master_id":"0","is_bidding":"0","discount_percentage":null,"dropoff_address":"\n16/2A,16/2B,16/3B,18/1A,, PMP Nagar, Kondalampatti\nSalem,TAMIL NADU 636201","lr_show":0,"coupon_name":"","claimform":"https://admin-staging.wowtruck.in/webservice/claimform","driver_arrived_time":"5 Mins","max_bid_amount":8883,"coupon_id":"0","booking_tonnage":"","booking_creation_timestamp":"01-03-2022 11:30:00","total_booking_amount":3107,"dropcount":2,"earlyclose":0,"booking_notes_visible":1,"load_type":"2","driver_bidding":{"current_lowest_offer":0,"driver_bid_created_at":"","driver_id":0,"driver_seen":"0","customer_id":"45457","bid_count":"0","is_notify":0,"status":0},"payment_alert_text":"","base_hour":"Hrs -  KMs - ","booking_status":"11","driver_phone":"","pod_status":"","customer_wallet_amount":0,"withdraw_message":"","subtotal":"0.00","able_to_cancel":0,"additional_fare_hour":null,"booking_coupon_applied":false,"already_bid":1,"truck_reg_number":"","coupon_applied":false,"pod_pic":[],"amenities":[],"invoice_s3_url":null,"pod":"","created_at":"27-02-2022 13:44:55","min_bid_amount":1870,"droparray":"[\n    {\n        \"lat\": \"11.4731487\",\n        \"long\": \"77.865245\",\n        \"dropaddrid\": 0,\n        \"recipient_name\": \"\",\n        \"recipient_phone\": \"\",\n        \"droppff_location_id\": \"1130590\",\n        \"dropoff_address\": \"\\n#18, D.10, Settia GounderComplexBhavani Main Road, Sankagiri\\nSankari,TAMIL NADU 637301\",\n        \"booking_status\": \"0\"\n    },\n    {\n        \"lat\": \"11.6224214\",\n        \"long\": \"78.130787\",\n        \"dropaddrid\": 0,\n        \"recipient_name\": \"\",\n        \"recipient_phone\": \"\",\n        \"droppff_location_id\": \"1130591\",\n        \"dropoff_address\": \"\\n16\\/2A,16\\/2B,16\\/3B,18\\/1A,, PMP Nagar, Kondalampatti\\nSalem,TAMIL NADU 636201\",\n        \"booking_status\": \"0\"\n    }\n]","payment_type_txt":"Wallet","is_notify":1,"pod_download":[],"vehiclebody":"CLOSED","customer_max_bid_amount":14050,"advance_payment_mode":"1","driver_cancelled":0,"tonnage":" 4 - 6 Ton","is_withdraw":0,"booking_amount_total":"9350.00","pickup_count":1,"driver_booking_status_text":"","coupon_code":"","base_fare_upto":null,"base_fare":"9350.00","hourly_package_id":null,"discount_type":null,"bidding_max_amount":8883,"driver_current_location":"","base_suggested_price":8450,"truck_model":"","pod_track_url":"","wowcash":"","booking_package_overshooting_text":"","booking_type":2,"customer_id":"45457","pod_amount":0,"insurance":"0","booking_notes":"","discount_amount":null,"lr":{"insurance":"0","consignee_id":[],"invoice_details":[],"consigee_details":[],"lr_url":"","pickup_address":"\nABT Express,28 A , Kalingarayan Street Opp.Hotel Anandhas\nVanjipalayam,TAMIL NADU 641663","consignor_details":[{"consignor_name":"Amazon","consignor_gst":"015753697452489","consignor_state":1,"consignor_address":"Chennai","id":""}],"dropoff_address":"\n16/2A,16/2B,16/3B,18/1A,, PMP Nagar, Kondalampatti\nSalem,TAMIL NADU 636201","lr_number":"27392","states":[{"state_name":"KERALA","id":"17"},{"state_name":"KARNATAKA","id":"18"},{"state_name":"Telangana","id":"36"},{"state_name":"TAMILNADU","id":"1"},{"state_name":"ANDHRA PRADESH","id":"2"}],"consignor_name":"Amazon","invoice_total":0,"lr_generated":0,"consignor_address":"Chennai","pickup_time":"01-03-2022 11:30:00"},"booking_package_text":"","insurance_edit":0,"pickup_address":"\nABT Express,28 A , Kalingarayan Street Opp.Hotel Anandhas\nVanjipalayam,TAMIL NADU 641663","pod_text":"","show_bidding_content":0,"driver_seen_status":0,"discounts":[],"advance_payment":7480,"pod_type":null,"communication":{"communication_id":0,"type":0,"message":""},"booking_status_text":"NA","is_mobile":"2","all_communication":[],"customer_accepted":"0","barcode_enable":"0","coupon_value":50,"droparray_areaname":[{"dropoff_location_area_name":"Sankari","dropoff_location_id":"1130590"},{"dropoff_location_area_name":"Kondalampatti","dropoff_location_id":"1130591"}],"payment_type":"1","price_group":36,"nearby_drivers_count":0,"recipient_name":"","coupon_type":"","recipient_phone":"","vehicle_name":"","driver_reject_event_id":0,"customer_type":"3","booking_feet":"","booking_id":"27392","base_fare_hour":null,"pickup_long":"76.966162","vehicle_body_type":"1","pickup_lat":"11.0121719","reached_otp":"9391","driver_image":"","insurance_details":[],"is_contract":0,"payment_status":"0","length":"Length: 17 Feet","auto_accept":"1","bidding_increment_amount":100,"driver_name":"","vehicle_type_id":"0","booking_filter":[],"group_id":"36","override_amount":"0.00","invoice":"","insurance_chosen":false,"alarm_on":0},"message":"Successfully bidding has been updated!","notify_driver":false,"status":"1","notify_drivers":[]}}
status code :200
response body :{"response":{"notify_driver_id":0,"data":{"driver_id":"0","customer_min_bid_amount":"5750.00","pickup_array":"[\n    {\n        \"lat\": \"30.7234549\",\n        \"long\": \"76.0609286\",\n        \"contact_name\": \"\",\n        \"contact_phone\": \"\",\n        \"pickup_address\": \"\\nVillage Dugri, (H.B.No. 220),Tehsil Payal District,\\nLudhiana,PUNJAB 141113\",\n        \"booking_status\": \"0\"\n    }\n]","price_id":null,"package_master_id":"0","is_bidding":"0","discount_percentage":null,"dropoff_address":"\nC/o M/s SYNDICATE GODOWN CORPORATION\nKhasra no. 6/19/2, 20,21,22,23/2, 24/1\nManesar,HARYANA 123413","lr_show":0,"coupon_name":"","claimform":"https://admin-staging.wowtruck.in/webservice/claimform","driver_arrived_time":"5 Mins","max_bid_amount":18235,"coupon_id":"0","booking_tonnage":"","booking_creation_timestamp":"01-03-2022 12:00:00","total_booking_amount":5750,"dropcount":1,"earlyclose":0,"booking_notes_visible":1,"load_type":"2","driver_bidding":{"current_lowest_offer":0,"driver_bid_created_at":"","driver_id":0,"driver_seen":"0","customer_id":"45457","bid_count":"0","is_notify":0,"status":0},"payment_alert_text":"","base_hour":"Hrs -  KMs - ","booking_status":"11","driver_phone":"","pod_status":"","customer_wallet_amount":0,"withdraw_message":"","subtotal":"0.00","able_to_cancel":0,"additional_fare_hour":null,"booking_coupon_applied":false,"already_bid":1,"truck_reg_number":"","coupon_applied":false,"pod_pic":[],"amenities":[],"invoice_s3_url":null,"pod":"","created_at":"27-02-2022 13:45:01","min_bid_amount":3839,"droparray":"[\n    {\n        \"lat\": \"28.3729952\",\n        \"long\": \"76.909024\",\n        \"dropaddrid\": 0,\n        \"recipient_name\": \"\",\n        \"recipient_phone\": \"\",\n        \"droppff_location_id\": \"1130592\",\n        \"dropoff_address\": \"\\nC\\/o M\\/s SYNDICATE GODOWN CORPORATION\\nKhasra no. 6\\/19\\/2, 20,21,22,23\\/2, 24\\/1\\nManesar,HARYANA 123413\",\n        \"booking_status\": \"0\"\n    }\n]","payment_type_txt":"Wallet","is_notify":1,"pod_download":[],"vehiclebody":"CLOSED","customer_max_bid_amount":28800,"advance_payment_mode":"1","driver_cancelled":0,"tonnage":" 15 Ton","is_withdraw":0,"booking_amount_total":"19195.00","pickup_count":1,"driver_booking_status_text":"","coupon_code":"","base_fare_upto":null,"base_fare":"19195.00","hourly_package_id":null,"discount_type":null,"bidding_max_amount":18235,"driver_current_location":"","base_suggested_price":17300,"truck_model":"","pod_track_url":"","wowcash":"","booking_package_overshooting_text":"","booking_type":2,"customer_id":"45457","pod_amount":0,"insurance":"0","booking_notes":"","discount_amount":null,"lr":{"insurance":"0","consignee_id":[],"invoice_details":[],"consigee_details":[],"lr_url":"","pickup_address":"\nVillage Dugri, (H.B.No. 220),Tehsil Payal District,\nLudhiana,PUNJAB 141113","consignor_details":[{"consignor_name":"Amazon","consignor_gst":"015753697452489","consignor_state":1,"consignor_address":"Chennai","id":""}],"dropoff_address":"\nC/o M/s SYNDICATE GODOWN CORPORATION\nKhasra no. 6/19/2, 20,21,22,23/2, 24/1\nManesar,HARYANA 123413","lr_number":"27393","states":[{"state_name":"KERALA","id":"17"},{"state_name":"KARNATAKA","id":"18"},{"state_name":"Telangana","id":"36"},{"state_name":"TAMILNADU","id":"1"},{"state_name":"ANDHRA PRADESH","id":"2"}],"consignor_name":"Amazon","invoice_total":0,"lr_generated":0,"consignor_address":"Chennai","pickup_time":"01-03-2022 12:00:00"},"booking_package_text":"","insurance_edit":0,"pickup_address":"\nVillage Dugri, (H.B.No. 220),Tehsil Payal District,\nLudhiana,PUNJAB 141113","pod_text":"","show_bidding_content":0,"driver_seen_status":0,"discounts":[],"advance_payment":15356,"pod_type":null,"communication":{"communication_id":0,"type":0,"message":""},"booking_status_text":"NA","is_mobile":"2","all_communication":[],"customer_accepted":"0","barcode_enable":"0","coupon_value":50,"droparray_areaname":[{"dropoff_location_area_name":"Manesar","dropoff_location_id":"1130592"}],"payment_type":"1","price_group":36,"nearby_drivers_count":0,"recipient_name":"","coupon_type":"","recipient_phone":"","vehicle_name":"","driver_reject_event_id":0,"customer_type":"3","booking_feet":"","booking_id":"27393","base_fare_hour":null,"pickup_long":"76.0609286","vehicle_body_type":"1","pickup_lat":"30.7234549","reached_otp":"6297","driver_image":"","insurance_details":[],"is_contract":0,"payment_status":"0","length":"Length: 32 Feet","auto_accept":"1","bidding_increment_amount":100,"driver_name":"","vehicle_type_id":"0","booking_filter":[],"group_id":"36","override_amount":"0.00","invoice":"","insurance_chosen":false,"alarm_on":0},"message":"Successfully bidding has been updated!","notify_driver":false,"status":"1","notify_drivers":[]}}
status code :200
response body :{"response":{"notify_driver_id":0,"data":{"driver_id":"0","customer_min_bid_amount":"40000.00","pickup_array":"[\n    {\n        \"lat\": \"26.093\",\n        \"long\": \"91.587\",\n        \"contact_name\": \"\",\n        \"contact_phone\": \"\",\n        \"pickup_address\": \"\\nMahindra Logistics Limited, Bhagya Kalita Complex,\\nNear:Kahikuch Gram Panchayat,\\nGuwahati,ASSAM 781132\",\n        \"booking_status\": \"0\"\n    }\n]","price_id":null,"package_master_id":"0","is_bidding":"0","discount_percentage":null,"dropoff_address":"\nC/o Mr. Lalropuia,Edenthar, Sairang road\nAizawl,MIZORAM 796014","lr_show":0,"coupon_name":"","claimform":"https://admin-staging.wowtruck.in/webservice/claimform","driver_arrived_time":"5 Mins","max_bid_amount":18734,"coupon_id":"0","booking_tonnage":"","booking_creation_timestamp":"01-03-2022 12:00:00","total_booking_amount":40000,"dropcount":3,"earlyclose":0,"booking_notes_visible":1,"load_type":"2","driver_bidding":{"current_lowest_offer":0,"driver_bid_created_at":"","driver_id":0,"driver_seen":"0","customer_id":"45457","bid_count":"0","is_notify":0,"status":0},"payment_alert_text":"","base_hour":"Hrs -  KMs - ","booking_status":"11","driver_phone":"","pod_status":"","customer_wallet_amount":0,"withdraw_message":"","subtotal":"0.00","able_to_cancel":0,"additional_fare_hour":null,"booking_coupon_applied":false,"already_bid":1,"truck_reg_number":"","coupon_applied":false,"pod_pic":[],"amenities":[],"invoice_s3_url":null,"pod":"","created_at":"27-02-2022 13:45:07","min_bid_amount":3944,"droparray":"[\n    {\n        \"lat\": \"24.2239658\",\n        \"long\": \"92.6780375\",\n        \"dropaddrid\": 0,\n        \"recipient_name\": \"\",\n        \"recipient_phone\": \"\",\n        \"droppff_location_id\": \"1130593\",\n        \"dropoff_address\": \"\\nLandmark - Diakkawn Presbyterian Church,Diakkawm.\\nKolasib,MIZORAM 796081\",\n        \"booking_status\": \"0\"\n    },\n    {\n        \"lat\": \"23.755656\",\n        \"long\": \"92.7294624\",\n        \"dropaddrid\": 0,\n        \"recipient_name\": \"\",\n        \"recipient_phone\": \"\",\n        \"droppff_location_id\": \"1130594\",\n        \"dropoff_address\": \"\\nBrigade Road, Bangkawn, MizoramMizoram\\nAizawl,MIZORAM 796014\",\n        \"booking_status\": \"0\"\n    },\n    {\n        \"lat\": \"23.7546253\",\n        \"long\": \"92.7273926\",\n        \"dropaddrid\": 0,\n        \"recipient_name\": \"\",\n        \"recipient_phone\": \"\",\n        \"droppff_location_id\": \"1130595\",\n        \"dropoff_address\": \"\\nC\\/o Mr. Lalropuia,Edenthar, Sairang road\\nAizawl,MIZORAM 796014\",\n        \"booking_status\": \"0\"\n    }\n]","payment_type_txt":"Wallet","is_notify":1,"pod_download":[],"vehiclebody":"CLOSED","customer_max_bid_amount":29600,"advance_payment_mode":"1","driver_cancelled":0,"tonnage":" 9 - 11 Ton","is_withdraw":0,"booking_amount_total":"19720.00","pickup_count":1,"driver_booking_status_text":"","coupon_code":"","base_fare_upto":null,"base_fare":"19720.00","hourly_package_id":null,"discount_type":null,"bidding_max_amount":18734,"driver_current_location":"","base_suggested_price":17750,"truck_model":"","pod_track_url":"","wowcash":"","booking_package_overshooting_text":"","booking_type":2,"customer_id":"45457","pod_amount":0,"insurance":"0","booking_notes":"","discount_amount":null,"lr":{"insurance":"0","consignee_id":[],"invoice_details":[],"consigee_details":[],"lr_url":"","pickup_address":"\nMahindra Logistics Limited, Bhagya Kalita Complex,\nNear:Kahikuch Gram Panchayat,\nGuwahati,ASSAM 781132","consignor_details":[{"consignor_name":"Amazon","consignor_gst":"015753697452489","consignor_state":1,"consignor_address":"Chennai","id":""}],"dropoff_address":"\nC/o Mr. Lalropuia,Edenthar, Sairang road\nAizawl,MIZORAM 796014","lr_number":"27394","states":[{"state_name":"KERALA","id":"17"},{"state_name":"KARNATAKA","id":"18"},{"state_name":"Telangana","id":"36"},{"state_name":"TAMILNADU","id":"1"},{"state_name":"ANDHRA PRADESH","id":"2"}],"consignor_name":"Amazon","invoice_total":0,"lr_generated":0,"consignor_address":"Chennai","pickup_time":"01-03-2022 12:00:00"},"booking_package_text":"","insurance_edit":0,"pickup_address":"\nMahindra Logistics Limited, Bhagya Kalita Complex,\nNear:Kahikuch Gram Panchayat,\nGuwahati,ASSAM 781132","pod_text":"","show_bidding_content":0,"driver_seen_status":0,"discounts":[],"advance_payment":15776,"pod_type":null,"communication":{"communication_id":0,"type":0,"message":""},"booking_status_text":"NA","is_mobile":"2","all_communication":[],"customer_accepted":"0","barcode_enable":"0","coupon_value":50,"droparray_areaname":[{"dropoff_location_area_name":"Diakkawn","dropoff_location_id":"1130593"},{"dropoff_location_area_name":"Bawngkawn","dropoff_location_id":"1130594"},{"dropoff_location_area_name":"Bawngkawn","dropoff_location_id":"1130595"}],"payment_type":"1","price_group":36,"nearby_drivers_count":0,"recipient_name":"","coupon_type":"","recipient_phone":"","vehicle_name":"","driver_reject_event_id":0,"customer_type":"3","booking_feet":"","booking_id":"27394","base_fare_hour":null,"pickup_long":"91.587","vehicle_body_type":"1","pickup_lat":"26.093","reached_otp":"5438","driver_image":"","insurance_details":[],"is_contract":0,"payment_status":"0","length":"Length: 22 Feet","auto_accept":"1","bidding_increment_amount":100,"driver_name":"","vehicle_type_id":"0","booking_filter":[],"group_id":"36","override_amount":"0.00","invoice":"","insurance_chosen":false,"alarm_on":0},"message":"Successfully bidding has been updated!","notify_driver":false,"status":"1","notify_drivers":[]}}
status code :200
response body :{"response":{"notify_driver_id":0,"data":{"driver_id":"0","customer_min_bid_amount":"24250.00","pickup_array":"[\n    {\n        \"lat\": \"18.5923942\",\n        \"long\": \"73.8741558\",\n        \"contact_name\": \"\",\n        \"contact_phone\": \"\",\n        \"pickup_address\": \"\\nWadhu Chonde Warehouse,Vadu Village, Alandi Rd,Lonikand\\nPune,MAHARASHTRA 412216\",\n        \"booking_status\": \"0\"\n    }\n]","price_id":null,"package_master_id":"0","is_bidding":"0","discount_percentage":null,"dropoff_address":"\nPudur Village,Medchal Mandal,Hyderabad\nTurkapally,TELANGANA 501401","lr_show":0,"coupon_name":"","claimform":"https://admin-staging.wowtruck.in/webservice/claimform","driver_arrived_time":"5 Mins","max_bid_amount":29835,"coupon_id":"0","booking_tonnage":"","booking_creation_timestamp":"01-03-2022 12:00:00","total_booking_amount":24250,"dropcount":1,"earlyclose":0,"booking_notes_visible":1,"load_type":"2","driver_bidding":{"current_lowest_offer":0,"driver_bid_created_at":"","driver_id":0,"driver_seen":"0","customer_id":"45457","bid_count":"0","is_notify":0,"status":0},"payment_alert_text":"","base_hour":"Hrs -  KMs - ","booking_status":"11","driver_phone":"","pod_status":"","customer_wallet_amount":0,"withdraw_message":"","subtotal":"0.00","able_to_cancel":0,"additional_fare_hour":null,"booking_coupon_applied":false,"already_bid":1,"truck_reg_number":"","coupon_applied":false,"pod_pic":[],"amenities":[],"invoice_s3_url":null,"pod":"","created_at":"27-02-2022 13:45:14","min_bid_amount":6281,"droparray":"[\n    {\n        \"lat\": \"17.6251298\",\n        \"long\": \"78.5195884\",\n        \"dropaddrid\": 0,\n        \"recipient_name\": \"\",\n        \"recipient_phone\": \"\",\n        \"droppff_location_id\": \"1130596\",\n        \"dropoff_address\": \"\\nPudur Village,Medchal Mandal,Hyderabad\\nTurkapally,TELANGANA 501401\",\n        \"booking_status\": \"0\"\n    }\n]","payment_type_txt":"Wallet","is_notify":1,"pod_download":[],"vehiclebody":"CLOSED","customer_max_bid_amount":47100,"advance_payment_mode":"1","driver_cancelled":0,"tonnage":" 15 Ton","is_withdraw":0,"booking_amount_total":"31405.00","pickup_count":1,"driver_booking_status_text":"","coupon_code":"","base_fare_upto":null,"base_fare":"31405.00","hourly_package_id":null,"discount_type":null,"bidding_max_amount":29835,"driver_current_location":"","base_suggested_price":28300,"truck_model":"","pod_track_url":"","wowcash":"","booking_package_overshooting_text":"","booking_type":2,"customer_id":"45457","pod_amount":0,"insurance":"0","booking_notes":"","discount_amount":null,"lr":{"insurance":"0","consignee_id":[],"invoice_details":[],"consigee_details":[],"lr_url":"","pickup_address":"\nWadhu Chonde Warehouse,Vadu Village, Alandi Rd,Lonikand\nPune,MAHARASHTRA 412216","consignor_details":[{"consignor_name":"Amazon","consignor_gst":"015753697452489","consignor_state":1,"consignor_address":"Chennai","id":""}],"dropoff_address":"\nPudur Village,Medchal Mandal,Hyderabad\nTurkapally,TELANGANA 501401","lr_number":"27395","states":[{"state_name":"KERALA","id":"17"},{"state_name":"KARNATAKA","id":"18"},{"state_name":"Telangana","id":"36"},{"state_name":"TAMILNADU","id":"1"},{"state_name":"ANDHRA PRADESH","id":"2"}],"consignor_name":"Amazon","invoice_total":0,"lr_generated":0,"consignor_address":"Chennai","pickup_time":"01-03-2022 12:00:00"},"booking_package_text":"","insurance_edit":0,"pickup_address":"\nWadhu Chonde Warehouse,Vadu Village, Alandi Rd,Lonikand\nPune,MAHARASHTRA 412216","pod_text":"","show_bidding_content":0,"driver_seen_status":0,"discounts":[],"advance_payment":25124,"pod_type":null,"communication":{"communication_id":0,"type":0,"message":""},"booking_status_text":"NA","is_mobile":"2","all_communication":[],"customer_accepted":"0","barcode_enable":"0","coupon_value":50,"droparray_areaname":[{"dropoff_location_area_name":"Pudur","dropoff_location_id":"1130596"}],"payment_type":"1","price_group":36,"nearby_drivers_count":0,"recipient_name":"","coupon_type":"","recipient_phone":"","vehicle_name":"","driver_reject_event_id":0,"customer_type":"3","booking_feet":"","booking_id":"27395","base_fare_hour":null,"pickup_long":"73.8741558","vehicle_body_type":"1","pickup_lat":"18.5923942","reached_otp":"5788","driver_image":"","insurance_details":[],"is_contract":0,"payment_status":"0","length":"Length: 32 Feet","auto_accept":"1","bidding_increment_amount":100,"driver_name":"","vehicle_type_id":"0","booking_filter":[],"group_id":"36","override_amount":"0.00","invoice":"","insurance_chosen":false,"alarm_on":0},"message":"Successfully bidding has been updated!","notify_driver":false,"status":"1","notify_drivers":[]}}
status code :200
response body :{"response":{"notify_driver_id":0,"data":{"driver_id":"0","customer_min_bid_amount":"24250.00","pickup_array":"[\n    {\n        \"lat\": \"18.5923942\",\n        \"long\": \"73.8741558\",\n        \"contact_name\": \"\",\n        \"contact_phone\": \"\",\n        \"pickup_address\": \"\\nWadhu Chonde Warehouse,Vadu Village, Alandi Rd,Lonikand\\nPune,MAHARASHTRA 412216\",\n        \"booking_status\": \"0\"\n    }\n]","price_id":null,"package_master_id":"0","is_bidding":"0","discount_percentage":null,"dropoff_address":"\nPudur Village,Medchal Mandal,Hyderabad\nTurkapally,TELANGANA 501401","lr_show":0,"coupon_name":"","claimform":"https://admin-staging.wowtruck.in/webservice/claimform","driver_arrived_time":"5 Mins","max_bid_amount":29835,"coupon_id":"0","booking_tonnage":"","booking_creation_timestamp":"01-03-2022 12:00:00","total_booking_amount":24250,"dropcount":1,"earlyclose":0,"booking_notes_visible":1,"load_type":"2","driver_bidding":{"current_lowest_offer":0,"driver_bid_created_at":"","driver_id":0,"driver_seen":"0","customer_id":"45457","bid_count":"0","is_notify":0,"status":0},"payment_alert_text":"","base_hour":"Hrs -  KMs - ","booking_status":"11","driver_phone":"","pod_status":"","customer_wallet_amount":0,"withdraw_message":"","subtotal":"0.00","able_to_cancel":0,"additional_fare_hour":null,"booking_coupon_applied":false,"already_bid":1,"truck_reg_number":"","coupon_applied":false,"pod_pic":[],"amenities":[],"invoice_s3_url":null,"pod":"","created_at":"27-02-2022 13:45:19","min_bid_amount":6281,"droparray":"[\n    {\n        \"lat\": \"17.6251298\",\n        \"long\": \"78.5195884\",\n        \"dropaddrid\": 0,\n        \"recipient_name\": \"\",\n        \"recipient_phone\": \"\",\n        \"droppff_location_id\": \"1130597\",\n        \"dropoff_address\": \"\\nPudur Village,Medchal Mandal,Hyderabad\\nTurkapally,TELANGANA 501401\",\n        \"booking_status\": \"0\"\n    }\n]","payment_type_txt":"Wallet","is_notify":1,"pod_download":[],"vehiclebody":"CLOSED","customer_max_bid_amount":47100,"advance_payment_mode":"1","driver_cancelled":0,"tonnage":" 15 Ton","is_withdraw":0,"booking_amount_total":"31405.00","pickup_count":1,"driver_booking_status_text":"","coupon_code":"","base_fare_upto":null,"base_fare":"31405.00","hourly_package_id":null,"discount_type":null,"bidding_max_amount":29835,"driver_current_location":"","base_suggested_price":28300,"truck_model":"","pod_track_url":"","wowcash":"","booking_package_overshooting_text":"","booking_type":2,"customer_id":"45457","pod_amount":0,"insurance":"0","booking_notes":"","discount_amount":null,"lr":{"insurance":"0","consignee_id":[],"invoice_details":[],"consigee_details":[],"lr_url":"","pickup_address":"\nWadhu Chonde Warehouse,Vadu Village, Alandi Rd,Lonikand\nPune,MAHARASHTRA 412216","consignor_details":[{"consignor_name":"Amazon","consignor_gst":"015753697452489","consignor_state":1,"consignor_address":"Chennai","id":""}],"dropoff_address":"\nPudur Village,Medchal Mandal,Hyderabad\nTurkapally,TELANGANA 501401","lr_number":"27396","states":[{"state_name":"KERALA","id":"17"},{"state_name":"KARNATAKA","id":"18"},{"state_name":"Telangana","id":"36"},{"state_name":"TAMILNADU","id":"1"},{"state_name":"ANDHRA PRADESH","id":"2"}],"consignor_name":"Amazon","invoice_total":0,"lr_generated":0,"consignor_address":"Chennai","pickup_time":"01-03-2022 12:00:00"},"booking_package_text":"","insurance_edit":0,"pickup_address":"\nWadhu Chonde Warehouse,Vadu Village, Alandi Rd,Lonikand\nPune,MAHARASHTRA 412216","pod_text":"","show_bidding_content":0,"driver_seen_status":0,"discounts":[],"advance_payment":25124,"pod_type":null,"communication":{"communication_id":0,"type":0,"message":""},"booking_status_text":"NA","is_mobile":"2","all_communication":[],"customer_accepted":"0","barcode_enable":"0","coupon_value":50,"droparray_areaname":[{"dropoff_location_area_name":"Pudur","dropoff_location_id":"1130597"}],"payment_type":"1","price_group":36,"nearby_drivers_count":0,"recipient_name":"","coupon_type":"","recipient_phone":"","vehicle_name":"","driver_reject_event_id":0,"customer_type":"3","booking_feet":"","booking_id":"27396","base_fare_hour":null,"pickup_long":"73.8741558","vehicle_body_type":"1","pickup_lat":"18.5923942","reached_otp":"4893","driver_image":"","insurance_details":[],"is_contract":0,"payment_status":"0","length":"Length: 32 Feet","auto_accept":"1","bidding_increment_amount":100,"driver_name":"","vehicle_type_id":"0","booking_filter":[],"group_id":"36","override_amount":"0.00","invoice":"","insurance_chosen":false,"alarm_on":0},"message":"Successfully bidding has been updated!","notify_driver":false,"status":"1","notify_drivers":[]}}
status code :200
response body :{"response":{"notify_driver_id":0,"data":{"driver_id":"0","customer_min_bid_amount":"16750.00","pickup_array":"[\n    {\n        \"lat\": \"28.2119674\",\n        \"long\": \"76.9512041\",\n        \"contact_name\": \"\",\n        \"contact_phone\": \"\",\n        \"pickup_address\": \"\\nGokaldas warehousing corporation, Village Taoru, Tehsil Taor\\nGurgaon,HARYANA 122105\",\n        \"booking_status\": \"0\"\n    }\n]","price_id":null,"package_master_id":"0","is_bidding":"0","discount_percentage":null,"dropoff_address":"\nKhasra numbers:444-P,445-P,459-P, 460-474,475-P,476-482\n483-P,491,492,493-P, Village Bhaukapur,Tehsil-Sarojini Nagar\nLucknow,UTTAR PRADESH 226401","lr_show":0,"coupon_name":"","claimform":"https://admin-staging.wowtruck.in/webservice/claimform","driver_arrived_time":"5 Mins","max_bid_amount":27693,"coupon_id":"0","booking_tonnage":"","booking_creation_timestamp":"01-03-2022 16:00:00","total_booking_amount":16750,"dropcount":1,"earlyclose":0,"booking_notes_visible":1,"load_type":"2","driver_bidding":{"current_lowest_offer":0,"driver_bid_created_at":"","driver_id":0,"driver_seen":"0","customer_id":"45457","bid_count":"0","is_notify":0,"status":0},"payment_alert_text":"","base_hour":"Hrs -  KMs - ","booking_status":"11","driver_phone":"","pod_status":"","customer_wallet_amount":0,"withdraw_message":"","subtotal":"0.00","able_to_cancel":0,"additional_fare_hour":null,"booking_coupon_applied":false,"already_bid":1,"truck_reg_number":"","coupon_applied":false,"pod_pic":[],"amenities":[],"invoice_s3_url":null,"pod":"","created_at":"27-02-2022 13:45:25","min_bid_amount":5830,"droparray":"[\n    {\n        \"lat\": \"26.7480064\",\n        \"long\": \"80.8664685\",\n        \"dropaddrid\": 0,\n        \"recipient_name\": \"\",\n        \"recipient_phone\": \"\",\n        \"droppff_location_id\": \"1130598\",\n        \"dropoff_address\": \"\\nKhasra numbers:444-P,445-P,459-P, 460-474,475-P,476-482\\n483-P,491,492,493-P, Village Bhaukapur,Tehsil-Sarojini Nagar\\nLucknow,UTTAR PRADESH 226401\",\n        \"booking_status\": \"0\"\n    }\n]","payment_type_txt":"Wallet","is_notify":1,"pod_download":[],"vehiclebody":"CLOSED","customer_max_bid_amount":43750,"advance_payment_mode":"1","driver_cancelled":0,"tonnage":" 15 Ton","is_withdraw":0,"booking_amount_total":"29150.00","pickup_count":1,"driver_booking_status_text":"","coupon_code":"","base_fare_upto":null,"base_fare":"29150.00","hourly_package_id":null,"discount_type":null,"bidding_max_amount":27693,"driver_current_location":"","base_suggested_price":26250,"truck_model":"","pod_track_url":"","wowcash":"","booking_package_overshooting_text":"","booking_type":2,"customer_id":"45457","pod_amount":0,"insurance":"0","booking_notes":"","discount_amount":null,"lr":{"insurance":"0","consignee_id":[],"invoice_details":[],"consigee_details":[],"lr_url":"","pickup_address":"\nGokaldas warehousing corporation, Village Taoru, Tehsil Taor\nGurgaon,HARYANA 122105","consignor_details":[{"consignor_name":"Amazon","consignor_gst":"015753697452489","consignor_state":1,"consignor_address":"Chennai","id":""}],"dropoff_address":"\nKhasra numbers:444-P,445-P,459-P, 460-474,475-P,476-482\n483-P,491,492,493-P, Village Bhaukapur,Tehsil-Sarojini Nagar\nLucknow,UTTAR PRADESH 226401","lr_number":"27397","states":[{"state_name":"KERALA","id":"17"},{"state_name":"KARNATAKA","id":"18"},{"state_name":"Telangana","id":"36"},{"state_name":"TAMILNADU","id":"1"},{"state_name":"ANDHRA PRADESH","id":"2"}],"consignor_name":"Amazon","invoice_total":0,"lr_generated":0,"consignor_address":"Chennai","pickup_time":"01-03-2022 16:00:00"},"booking_package_text":"","insurance_edit":0,"pickup_address":"\nGokaldas warehousing corporation, Village Taoru, Tehsil Taor\nGurgaon,HARYANA 122105","pod_text":"","show_bidding_content":0,"driver_seen_status":0,"discounts":[],"advance_payment":23320,"pod_type":null,"communication":{"communication_id":0,"type":0,"message":""},"booking_status_text":"NA","is_mobile":"2","all_communication":[],"customer_accepted":"0","barcode_enable":"0","coupon_value":50,"droparray_areaname":[{"dropoff_location_area_name":"Sarojini Nagar","dropoff_location_id":"1130598"}],"payment_type":"1","price_group":36,"nearby_drivers_count":0,"recipient_name":"","coupon_type":"","recipient_phone":"","vehicle_name":"","driver_reject_event_id":0,"customer_type":"3","booking_feet":"","booking_id":"27397","base_fare_hour":null,"pickup_long":"76.9512041","vehicle_body_type":"1","pickup_lat":"28.2119674","reached_otp":"8809","driver_image":"","insurance_details":[],"is_contract":0,"payment_status":"0","length":"Length: 32 Feet","auto_accept":"1","bidding_increment_amount":100,"driver_name":"","vehicle_type_id":"0","booking_filter":[],"group_id":"36","override_amount":"0.00","invoice":"","insurance_chosen":false,"alarm_on":0},"message":"Successfully bidding has been updated!","notify_driver":false,"status":"1","notify_drivers":[]}}
status code :200
response body :{"response":{"notify_driver_id":0,"data":{"driver_id":"0","customer_min_bid_amount":"34530.56","pickup_array":"[\n    {\n        \"lat\": \"13.1558002\",\n        \"long\": \"77.6816778\",\n        \"contact_name\": \"\",\n        \"contact_phone\": \"\",\n        \"pickup_address\": \"\\nPlot no 12 P2, Bangalore Hardware Park KIADB\\nIndustrial Park North\\nBangalore,Karnataka 562149\",\n        \"booking_status\": \"0\"\n    }\n]","price_id":null,"package_master_id":"0","is_bidding":"0","discount_percentage":null,"dropoff_address":"\nKh No 554 to 558,560 to 583,600 to 606\nBagru Rawan,N.H.8,Tehsil Sanganer\nBagru,RAJASTHAN 303007","lr_show":0,"coupon_name":"","claimform":"https://admin-staging.wowtruck.in/webservice/claimform","driver_arrived_time":"5 Mins","max_bid_amount":101992,"coupon_id":"0","booking_tonnage":"","booking_creation_timestamp":"01-03-2022 16:00:00","total_booking_amount":34531,"dropcount":1,"earlyclose":0,"booking_notes_visible":1,"load_type":"2","driver_bidding":{"current_lowest_offer":0,"driver_bid_created_at":"","driver_id":0,"driver_seen":"0","customer_id":"45457","bid_count":"0","is_notify":0,"status":0},"payment_alert_text":"","base_hour":"Hrs -  KMs - ","booking_status":"11","driver_phone":"","pod_status":"","customer_wallet_amount":0,"withdraw_message":"","subtotal":"0.00","able_to_cancel":0,"additional_fare_hour":null,"booking_coupon_applied":false,"already_bid":1,"truck_reg_number":"","coupon_applied":false,"pod_pic":[],"amenities":[],"invoice_s3_url":null,"pod":"","created_at":"27-02-2022 13:45:31","min_bid_amount":21472,"droparray":"[\n    {\n        \"lat\": \"26.8091078\",\n        \"long\": \"75.4785335\",\n        \"dropaddrid\": 0,\n        \"recipient_name\": \"\",\n        \"recipient_phone\": \"\",\n        \"droppff_location_id\": \"1130599\",\n        \"dropoff_address\": \"\\nKh No 554 to 558,560 to 583,600 to 606\\nBagru Rawan,N.H.8,Tehsil Sanganer\\nBagru,RAJASTHAN 303007\",\n        \"booking_status\": \"0\"\n    }\n]","payment_type_txt":"Wallet","is_notify":1,"pod_download":[],"vehiclebody":"CLOSED","customer_max_bid_amount":161050,"advance_payment_mode":"1","driver_cancelled":0,"tonnage":" 15 Ton","is_withdraw":0,"booking_amount_total":"107360.00","pickup_count":1,"driver_booking_status_text":"","coupon_code":"","base_fare_upto":null,"base_fare":"107360.00","hourly_package_id":null,"discount_type":null,"bidding_max_amount":101992,"driver_current_location":"","base_suggested_price":96650,"truck_model":"","pod_track_url":"","wowcash":"","booking_package_overshooting_text":"","booking_type":2,"customer_id":"45457","pod_amount":0,"insurance":"0","booking_notes":"","discount_amount":null,"lr":{"insurance":"0","consignee_id":[],"invoice_details":[],"consigee_details":[],"lr_url":"","pickup_address":"\nPlot no 12 P2, Bangalore Hardware Park KIADB\nIndustrial Park North\nBangalore,Karnataka 562149","consignor_details":[{"consignor_name":"Amazon","consignor_gst":"015753697452489","consignor_state":1,"consignor_address":"Chennai","id":""}],"dropoff_address":"\nKh No 554 to 558,560 to 583,600 to 606\nBagru Rawan,N.H.8,Tehsil Sanganer\nBagru,RAJASTHAN 303007","lr_number":"27398","states":[{"state_name":"KERALA","id":"17"},{"state_name":"KARNATAKA","id":"18"},{"state_name":"Telangana","id":"36"},{"state_name":"TAMILNADU","id":"1"},{"state_name":"ANDHRA PRADESH","id":"2"}],"consignor_name":"Amazon","invoice_total":0,"lr_generated":0,"consignor_address":"Chennai","pickup_time":"01-03-2022 16:00:00"},"booking_package_text":"","insurance_edit":0,"pickup_address":"\nPlot no 12 P2, Bangalore Hardware Park KIADB\nIndustrial Park North\nBangalore,Karnataka 562149","pod_text":"","show_bidding_content":0,"driver_seen_status":0,"discounts":[],"advance_payment":85888,"pod_type":null,"communication":{"communication_id":0,"type":0,"message":""},"booking_status_text":"NA","is_mobile":"2","all_communication":[],"customer_accepted":"0","barcode_enable":"0","coupon_value":50,"droparray_areaname":[{"dropoff_location_area_name":"Mahlan","dropoff_location_id":"1130599"}],"payment_type":"1","price_group":36,"nearby_drivers_count":0,"recipient_name":"","coupon_type":"","recipient_phone":"","vehicle_name":"","driver_reject_event_id":0,"customer_type":"3","booking_feet":"","booking_id":"27398","base_fare_hour":null,"pickup_long":"77.6816778","vehicle_body_type":"1","pickup_lat":"13.1558002","reached_otp":"6396","driver_image":"","insurance_details":[],"is_contract":0,"payment_status":"0","length":"Length: 32 Feet","auto_accept":"1","bidding_increment_amount":100,"driver_name":"","vehicle_type_id":"0","booking_filter":[],"group_id":"36","override_amount":"0.00","invoice":"","insurance_chosen":false,"alarm_on":0},"message":"Successfully bidding has been updated!","notify_driver":false,"status":"1","notify_drivers":[]}}
status code :200
response body :{"response":{"notify_driver_id":0,"data":{"driver_id":"0","customer_min_bid_amount":"13500.00","pickup_array":"[\n    {\n        \"lat\": \"10.962064\",\n        \"long\": \"77.121621\",\n        \"contact_name\": \"\",\n        \"contact_phone\": \"\",\n        \"pickup_address\": \"\\nVSMC Logistics Park Pvt Ltd, 432\\/433 Pappampatty,\\nAppanaichenpatti Road, Appanaichenpatty, Sulur (Taluk),\\nCoimbatore,TAMIL NADU 641402\",\n        \"booking_status\": \"0\"\n    }\n]","price_id":null,"package_master_id":"0","is_bidding":"0","discount_percentage":null,"dropoff_address":"\nPudur Village,Medchal Mandal,Hyderabad\nTurkapally,TELANGANA 501401","lr_show":0,"coupon_name":"","claimform":"https://admin-staging.wowtruck.in/webservice/claimform","driver_arrived_time":"5 Mins","max_bid_amount":52929,"coupon_id":"0","booking_tonnage":"","booking_creation_timestamp":"01-03-2022 16:00:00","total_booking_amount":13500,"dropcount":1,"earlyclose":0,"booking_notes_visible":1,"load_type":"2","driver_bidding":{"current_lowest_offer":0,"driver_bid_created_at":"","driver_id":0,"driver_seen":"0","customer_id":"45457","bid_count":"0","is_notify":0,"status":0},"payment_alert_text":"","base_hour":"Hrs -  KMs - ","booking_status":"11","driver_phone":"","pod_status":"","customer_wallet_amount":0,"withdraw_message":"","subtotal":"0.00","able_to_cancel":0,"additional_fare_hour":null,"booking_coupon_applied":false,"already_bid":1,"truck_reg_number":"","coupon_applied":false,"pod_pic":[],"amenities":[],"invoice_s3_url":null,"pod":"","created_at":"27-02-2022 13:45:36","min_bid_amount":11143,"droparray":"[\n    {\n        \"lat\": \"17.6251298\",\n        \"long\": \"78.5195884\",\n        \"dropaddrid\": 0,\n        \"recipient_name\": \"\",\n        \"recipient_phone\": \"\",\n        \"droppff_location_id\": \"1130600\",\n        \"dropoff_address\": \"\\nPudur Village,Medchal Mandal,Hyderabad\\nTurkapally,TELANGANA 501401\",\n        \"booking_status\": \"0\"\n    }\n]","payment_type_txt":"Wallet","is_notify":1,"pod_download":[],"vehiclebody":"CLOSED","customer_max_bid_amount":83550,"advance_payment_mode":"1","driver_cancelled":0,"tonnage":" 15 Ton","is_withdraw":0,"booking_amount_total":"55715.00","pickup_count":1,"driver_booking_status_text":"","coupon_code":"","base_fare_upto":null,"base_fare":"55715.00","hourly_package_id":null,"discount_type":null,"bidding_max_amount":52929,"driver_current_location":"","base_suggested_price":50150,"truck_model":"","pod_track_url":"","wowcash":"","booking_package_overshooting_text":"","booking_type":2,"customer_id":"45457","pod_amount":0,"insurance":"0","booking_notes":"","discount_amount":null,"lr":{"insurance":"0","consignee_id":[],"invoice_details":[],"consigee_details":[],"lr_url":"","pickup_address":"\nVSMC Logistics Park Pvt Ltd, 432/433 Pappampatty,\nAppanaichenpatti Road, Appanaichenpatty, Sulur (Taluk),\nCoimbatore,TAMIL NADU 641402","consignor_details":[{"consignor_name":"Amazon","consignor_gst":"015753697452489","consignor_state":1,"consignor_address":"Chennai","id":""}],"dropoff_address":"\nPudur Village,Medchal Mandal,Hyderabad\nTurkapally,TELANGANA 501401","lr_number":"27399","states":[{"state_name":"KERALA","id":"17"},{"state_name":"KARNATAKA","id":"18"},{"state_name":"Telangana","id":"36"},{"state_name":"TAMILNADU","id":"1"},{"state_name":"ANDHRA PRADESH","id":"2"}],"consignor_name":"Amazon","invoice_total":0,"lr_generated":0,"consignor_address":"Chennai","pickup_time":"01-03-2022 16:00:00"},"booking_package_text":"","insurance_edit":0,"pickup_address":"\nVSMC Logistics Park Pvt Ltd, 432/433 Pappampatty,\nAppanaichenpatti Road, Appanaichenpatty, Sulur (Taluk),\nCoimbatore,TAMIL NADU 641402","pod_text":"","show_bidding_content":0,"driver_seen_status":0,"discounts":[],"advance_payment":44572,"pod_type":null,"communication":{"communication_id":0,"type":0,"message":""},"booking_status_text":"NA","is_mobile":"2","all_communication":[],"customer_accepted":"0","barcode_enable":"0","coupon_value":50,"droparray_areaname":[{"dropoff_location_area_name":"Pudur","dropoff_location_id":"1130600"}],"payment_type":"1","price_group":36,"nearby_drivers_count":0,"recipient_name":"","coupon_type":"","recipient_phone":"","vehicle_name":"","driver_reject_event_id":0,"customer_type":"3","booking_feet":"","booking_id":"27399","base_fare_hour":null,"pickup_long":"77.121621","vehicle_body_type":"1","pickup_lat":"10.962064","reached_otp":"6190","driver_image":"","insurance_details":[],"is_contract":0,"payment_status":"0","length":"Length: 32 Feet","auto_accept":"1","bidding_increment_amount":100,"driver_name":"","vehicle_type_id":"0","booking_filter":[],"group_id":"36","override_amount":"0.00","invoice":"","insurance_chosen":false,"alarm_on":0},"message":"Successfully bidding has been updated!","notify_driver":false,"status":"1","notify_drivers":[]}}
status code :200
response body :{"response":{"notify_driver_id":0,"data":{"driver_id":"0","customer_min_bid_amount":"88086.75","pickup_array":"[\n    {\n        \"lat\": \"19.3661934\",\n        \"long\": \"73.1781311\",\n        \"contact_name\": \"\",\n        \"contact_phone\": \"\",\n        \"pickup_address\": \"\\nF-2,Survey No. 122\\/7c,122\\/2,122\\/1,118\\/1,118\\/7,131,Ayushi Spa\\nMumbai -Nashik Highway , Post- Padgha,\\nBhiwandi,MAHARASHTRA 421101\",\n        \"booking_status\": \"0\"\n    }\n]","price_id":null,"package_master_id":"0","is_bidding":"0","discount_percentage":null,"dropoff_address":"\nAmta Industrial Park, Amta, Mouza: Majukhetra,Dist \u2013 Howrah\nKolkata,WEST BENGAL 711313","lr_show":0,"coupon_name":"","claimform":"https://admin-staging.wowtruck.in/webservice/claimform","driver_arrived_time":"5 Mins","max_bid_amount":96245,"coupon_id":"0","booking_tonnage":"","booking_creation_timestamp":"01-03-2022 17:00:00","total_booking_amount":88087,"dropcount":1,"earlyclose":0,"booking_notes_visible":1,"load_type":"2","driver_bidding":{"current_lowest_offer":0,"driver_bid_created_at":"","driver_id":0,"driver_seen":"0","customer_id":"45457","bid_count":"0","is_notify":0,"status":0},"payment_alert_text":"","base_hour":"Hrs -  KMs - ","booking_status":"11","driver_phone":"","pod_status":"","customer_wallet_amount":0,"withdraw_message":"","subtotal":"0.00","able_to_cancel":0,"additional_fare_hour":null,"booking_coupon_applied":false,"already_bid":1,"truck_reg_number":"","coupon_applied":false,"pod_pic":[],"amenities":[],"invoice_s3_url":null,"pod":"","created_at":"27-02-2022 13:45:41","min_bid_amount":20262,"droparray":"[\n    {\n        \"lat\": \"22.5628237\",\n        \"long\": \"88.0688881\",\n        \"dropaddrid\": 0,\n        \"recipient_name\": \"\",\n        \"recipient_phone\": \"\",\n        \"droppff_location_id\": \"1130601\",\n        \"dropoff_address\": \"\\nAmta Industrial Park, Amta, Mouza: Majukhetra,Dist \\u2013 Howrah\\nKolkata,WEST BENGAL 711313\",\n        \"booking_status\": \"0\"\n    }\n]","payment_type_txt":"Wallet","is_notify":1,"pod_download":[],"vehiclebody":"CLOSED","customer_max_bid_amount":151950,"advance_payment_mode":"1","driver_cancelled":0,"tonnage":" 15 Ton","is_withdraw":0,"booking_amount_total":"101310.00","pickup_count":1,"driver_booking_status_text":"","coupon_code":"","base_fare_upto":null,"base_fare":"101310.00","hourly_package_id":null,"discount_type":null,"bidding_max_amount":96245,"driver_current_location":"","base_suggested_price":91200,"truck_model":"","pod_track_url":"","wowcash":"","booking_package_overshooting_text":"","booking_type":2,"customer_id":"45457","pod_amount":0,"insurance":"0","booking_notes":"","discount_amount":null,"lr":{"insurance":"0","consignee_id":[],"invoice_details":[],"consigee_details":[],"lr_url":"","pickup_address":"\nF-2,Survey No. 122/7c,122/2,122/1,118/1,118/7,131,Ayushi Spa\nMumbai -Nashik Highway , Post- Padgha,\nBhiwandi,MAHARASHTRA 421101","consignor_details":[{"consignor_name":"Amazon","consignor_gst":"015753697452489","consignor_state":1,"consignor_address":"Chennai","id":""}],"dropoff_address":"\nAmta Industrial Park, Amta, Mouza: Majukhetra,Dist \u2013 Howrah\nKolkata,WEST BENGAL 711313","lr_number":"27400","states":[{"state_name":"KERALA","id":"17"},{"state_name":"KARNATAKA","id":"18"},{"state_name":"Telangana","id":"36"},{"state_name":"TAMILNADU","id":"1"},{"state_name":"ANDHRA PRADESH","id":"2"}],"consignor_name":"Amazon","invoice_total":0,"lr_generated":0,"consignor_address":"Chennai","pickup_time":"01-03-2022 17:00:00"},"booking_package_text":"","insurance_edit":0,"pickup_address":"\nF-2,Survey No. 122/7c,122/2,122/1,118/1,118/7,131,Ayushi Spa\nMumbai -Nashik Highway , Post- Padgha,\nBhiwandi,MAHARASHTRA 421101","pod_text":"","show_bidding_content":0,"driver_seen_status":0,"discounts":[],"advance_payment":81048,"pod_type":null,"communication":{"communication_id":0,"type":0,"message":""},"booking_status_text":"NA","is_mobile":"2","all_communication":[],"customer_accepted":"0","barcode_enable":"0","coupon_value":50,"droparray_areaname":[{"dropoff_location_area_name":"Islampur","dropoff_location_id":"1130601"}],"payment_type":"1","price_group":36,"nearby_drivers_count":0,"recipient_name":"","coupon_type":"","recipient_phone":"","vehicle_name":"","driver_reject_event_id":0,"customer_type":"3","booking_feet":"","booking_id":"27400","base_fare_hour":null,"pickup_long":"73.1781311","vehicle_body_type":"1","pickup_lat":"19.3661934","reached_otp":"9714","driver_image":"","insurance_details":[],"is_contract":0,"payment_status":"0","length":"Length: 32 Feet","auto_accept":"1","bidding_increment_amount":100,"driver_name":"","vehicle_type_id":"0","booking_filter":[],"group_id":"36","override_amount":"0.00","invoice":"","insurance_chosen":false,"alarm_on":0},"message":"Successfully bidding has been updated!","notify_driver":false,"status":"1","notify_drivers":[]}}
status code :200
response body :{"response":{"notify_driver_id":0,"data":{"driver_id":"0","customer_min_bid_amount":"19500.00","pickup_array":"[\n    {\n        \"lat\": \"22.4783904\",\n        \"long\": \"88.0399767\",\n        \"contact_name\": \"\",\n        \"contact_phone\": \"\",\n        \"pickup_address\": \"\\nBuilding No. CCU1, Mouza, Amraberia,\\nJ.L. No.8, Khatia No. 422, Ulberia Dist. Howrah\\nKolkata,WEST BENGAL 711315\",\n        \"booking_status\": \"0\"\n    }\n]","price_id":null,"package_master_id":"0","is_bidding":"0","discount_percentage":null,"dropoff_address":"\nCWC,Jatni,Near Centurion University, At-Sandhapur, P.O.Jatni\nBhubaneshwar,ORISSA 751010","lr_show":0,"coupon_name":"","claimform":"https://admin-staging.wowtruck.in/webservice/claimform","driver_arrived_time":"5 Mins","max_bid_amount":21684,"coupon_id":"0","booking_tonnage":"","booking_creation_timestamp":"01-03-2022 17:00:00","total_booking_amount":19500,"dropcount":1,"earlyclose":0,"booking_notes_visible":1,"load_type":"2","driver_bidding":{"current_lowest_offer":0,"driver_bid_created_at":"","driver_id":0,"driver_seen":"0","customer_id":"45457","bid_count":"0","is_notify":0,"status":0},"payment_alert_text":"","base_hour":"Hrs -  KMs - ","booking_status":"11","driver_phone":"","pod_status":"","customer_wallet_amount":0,"withdraw_message":"","subtotal":"0.00","able_to_cancel":0,"additional_fare_hour":null,"booking_coupon_applied":false,"already_bid":1,"truck_reg_number":"","coupon_applied":false,"pod_pic":[],"amenities":[],"invoice_s3_url":null,"pod":"","created_at":"27-02-2022 13:45:47","min_bid_amount":4565,"droparray":"[\n    {\n        \"lat\": \"20.241287\",\n        \"long\": \"85.809403\",\n        \"dropaddrid\": 0,\n        \"recipient_name\": \"\",\n        \"recipient_phone\": \"\",\n        \"droppff_location_id\": \"1130602\",\n        \"dropoff_address\": \"\\nCWC,Jatni,Near Centurion University, At-Sandhapur, P.O.Jatni\\nBhubaneshwar,ORISSA 751010\",\n        \"booking_status\": \"0\"\n    }\n]","payment_type_txt":"Wallet","is_notify":1,"pod_download":[],"vehiclebody":"CLOSED","customer_max_bid_amount":34250,"advance_payment_mode":"1","driver_cancelled":0,"tonnage":" 15 Ton","is_withdraw":0,"booking_amount_total":"22825.00","pickup_count":1,"driver_booking_status_text":"","coupon_code":"","base_fare_upto":null,"base_fare":"22825.00","hourly_package_id":null,"discount_type":null,"bidding_max_amount":21684,"driver_current_location":"","base_suggested_price":20550,"truck_model":"","pod_track_url":"","wowcash":"","booking_package_overshooting_text":"","booking_type":2,"customer_id":"45457","pod_amount":0,"insurance":"0","booking_notes":"","discount_amount":null,"lr":{"insurance":"0","consignee_id":[],"invoice_details":[],"consigee_details":[],"lr_url":"","pickup_address":"\nBuilding No. CCU1, Mouza, Amraberia,\nJ.L. No.8, Khatia No. 422, Ulberia Dist. Howrah\nKolkata,WEST BENGAL 711315","consignor_details":[{"consignor_name":"Amazon","consignor_gst":"015753697452489","consignor_state":1,"consignor_address":"Chennai","id":""}],"dropoff_address":"\nCWC,Jatni,Near Centurion University, At-Sandhapur, P.O.Jatni\nBhubaneshwar,ORISSA 751010","lr_number":"27401","states":[{"state_name":"KERALA","id":"17"},{"state_name":"KARNATAKA","id":"18"},{"state_name":"Telangana","id":"36"},{"state_name":"TAMILNADU","id":"1"},{"state_name":"ANDHRA PRADESH","id":"2"}],"consignor_name":"Amazon","invoice_total":0,"lr_generated":0,"consignor_address":"Chennai","pickup_time":"01-03-2022 17:00:00"},"booking_package_text":"","insurance_edit":0,"pickup_address":"\nBuilding No. CCU1, Mouza, Amraberia,\nJ.L. No.8, Khatia No. 422, Ulberia Dist. Howrah\nKolkata,WEST BENGAL 711315","pod_text":"","show_bidding_content":0,"driver_seen_status":0,"discounts":[],"advance_payment":18260,"pod_type":null,"communication":{"communication_id":0,"type":0,"message":""},"booking_status_text":"NA","is_mobile":"2","all_communication":[],"customer_accepted":"0","barcode_enable":"0","coupon_value":50,"droparray_areaname":[{"dropoff_location_area_name":"Pokhariput","dropoff_location_id":"1130602"}],"payment_type":"1","price_group":36,"nearby_drivers_count":0,"recipient_name":"","coupon_type":"","recipient_phone":"","vehicle_name":"","driver_reject_event_id":0,"customer_type":"3","booking_feet":"","booking_id":"27401","base_fare_hour":null,"pickup_long":"88.0399767","vehicle_body_type":"1","pickup_lat":"22.4783904","reached_otp":"6855","driver_image":"","insurance_details":[],"is_contract":0,"payment_status":"0","length":"Length: 32 Feet","auto_accept":"1","bidding_increment_amount":100,"driver_name":"","vehicle_type_id":"0","booking_filter":[],"group_id":"36","override_amount":"0.00","invoice":"","insurance_chosen":false,"alarm_on":0},"message":"Successfully bidding has been updated!","notify_driver":false,"status":"1","notify_drivers":[]}}
status code :200
response body :{"response":{"notify_driver_id":0,"data":{"driver_id":"0","customer_min_bid_amount":"37500.00","pickup_array":"[\n    {\n        \"lat\": \"19.3661934\",\n        \"long\": \"73.1781311\",\n        \"contact_name\": \"\",\n        \"contact_phone\": \"\",\n        \"pickup_address\": \"\\nF-2,Survey No. 122\\/7c,122\\/2,122\\/1,118\\/1,118\\/7,131,Ayushi Spa\\nMumbai -Nashik Highway , Post- Padgha,\\nBhiwandi,MAHARASHTRA 421101\",\n        \"booking_status\": \"0\"\n    }\n]","price_id":null,"package_master_id":"0","is_bidding":"0","discount_percentage":null,"dropoff_address":"\nPudur Village,Medchal Mandal,Hyderabad\nTurkapally,TELANGANA 501401","lr_show":0,"coupon_name":"","claimform":"https://admin-staging.wowtruck.in/webservice/claimform","driver_arrived_time":"5 Mins","max_bid_amount":38404,"coupon_id":"0","booking_tonnage":"","booking_creation_timestamp":"01-03-2022 17:00:00","total_booking_amount":37500,"dropcount":1,"earlyclose":0,"booking_notes_visible":1,"load_type":"2","driver_bidding":{"current_lowest_offer":0,"driver_bid_created_at":"","driver_id":0,"driver_seen":"0","customer_id":"45457","bid_count":"0","is_notify":0,"status":0},"payment_alert_text":"","base_hour":"Hrs -  KMs - ","booking_status":"11","driver_phone":"","pod_status":"","customer_wallet_amount":0,"withdraw_message":"","subtotal":"0.00","able_to_cancel":0,"additional_fare_hour":null,"booking_coupon_applied":false,"already_bid":1,"truck_reg_number":"","coupon_applied":false,"pod_pic":[],"amenities":[],"invoice_s3_url":null,"pod":"","created_at":"27-02-2022 13:45:52","min_bid_amount":8085,"droparray":"[\n    {\n        \"lat\": \"17.6251298\",\n        \"long\": \"78.5195884\",\n        \"dropaddrid\": 0,\n        \"recipient_name\": \"\",\n        \"recipient_phone\": \"\",\n        \"droppff_location_id\": \"1130603\",\n        \"dropoff_address\": \"\\nPudur Village,Medchal Mandal,Hyderabad\\nTurkapally,TELANGANA 501401\",\n        \"booking_status\": \"0\"\n    }\n]","payment_type_txt":"Wallet","is_notify":1,"pod_download":[],"vehiclebody":"CLOSED","customer_max_bid_amount":60650,"advance_payment_mode":"1","driver_cancelled":0,"tonnage":" 15 Ton","is_withdraw":0,"booking_amount_total":"40425.00","pickup_count":1,"driver_booking_status_text":"","coupon_code":"","base_fare_upto":null,"base_fare":"40425.00","hourly_package_id":null,"discount_type":null,"bidding_max_amount":38404,"driver_current_location":"","base_suggested_price":36400,"truck_model":"","pod_track_url":"","wowcash":"","booking_package_overshooting_text":"","booking_type":2,"customer_id":"45457","pod_amount":0,"insurance":"0","booking_notes":"","discount_amount":null,"lr":{"insurance":"0","consignee_id":[],"invoice_details":[],"consigee_details":[],"lr_url":"","pickup_address":"\nF-2,Survey No. 122/7c,122/2,122/1,118/1,118/7,131,Ayushi Spa\nMumbai -Nashik Highway , Post- Padgha,\nBhiwandi,MAHARASHTRA 421101","consignor_details":[{"consignor_name":"Amazon","consignor_gst":"015753697452489","consignor_state":1,"consignor_address":"Chennai","id":""}],"dropoff_address":"\nPudur Village,Medchal Mandal,Hyderabad\nTurkapally,TELANGANA 501401","lr_number":"27402","states":[{"state_name":"KERALA","id":"17"},{"state_name":"KARNATAKA","id":"18"},{"state_name":"Telangana","id":"36"},{"state_name":"TAMILNADU","id":"1"},{"state_name":"ANDHRA PRADESH","id":"2"}],"consignor_name":"Amazon","invoice_total":0,"lr_generated":0,"consignor_address":"Chennai","pickup_time":"01-03-2022 17:00:00"},"booking_package_text":"","insurance_edit":0,"pickup_address":"\nF-2,Survey No. 122/7c,122/2,122/1,118/1,118/7,131,Ayushi Spa\nMumbai -Nashik Highway , Post- Padgha,\nBhiwandi,MAHARASHTRA 421101","pod_text":"","show_bidding_content":0,"driver_seen_status":0,"discounts":[],"advance_payment":32340,"pod_type":null,"communication":{"communication_id":0,"type":0,"message":""},"booking_status_text":"NA","is_mobile":"2","all_communication":[],"customer_accepted":"0","barcode_enable":"0","coupon_value":50,"droparray_areaname":[{"dropoff_location_area_name":"Pudur","dropoff_location_id":"1130603"}],"payment_type":"1","price_group":36,"nearby_drivers_count":0,"recipient_name":"","coupon_type":"","recipient_phone":"","vehicle_name":"","driver_reject_event_id":0,"customer_type":"3","booking_feet":"","booking_id":"27402","base_fare_hour":null,"pickup_long":"73.1781311","vehicle_body_type":"1","pickup_lat":"19.3661934","reached_otp":"4746","driver_image":"","insurance_details":[],"is_contract":0,"payment_status":"0","length":"Length: 32 Feet","auto_accept":"1","bidding_increment_amount":100,"driver_name":"","vehicle_type_id":"0","booking_filter":[],"group_id":"36","override_amount":"0.00","invoice":"","insurance_chosen":false,"alarm_on":0},"message":"Successfully bidding has been updated!","notify_driver":false,"status":"1","notify_drivers":[]}}
status code :200
response body :{"response":{"notify_driver_id":0,"data":{"driver_id":"0","customer_min_bid_amount":"35749.99","pickup_array":"[\n    {\n        \"lat\": \"19.3661934\",\n        \"long\": \"73.1781311\",\n        \"contact_name\": \"\",\n        \"contact_phone\": \"\",\n        \"pickup_address\": \"\\nF-2,Survey No. 122\\/7c,122\\/2,122\\/1,118\\/1,118\\/7,131,Ayushi Spa\\nMumbai -Nashik Highway , Post- Padgha,\\nBhiwandi,MAHARASHTRA 421101\",\n        \"booking_status\": \"0\"\n    }\n]","price_id":null,"package_master_id":"0","is_bidding":"0","discount_percentage":null,"dropoff_address":"\nFarrukhnagar Logistic Park LLP,Farrukhnagar\nGurugram,HARYANA 122001","lr_show":0,"coupon_name":"","claimform":"https://admin-staging.wowtruck.in/webservice/claimform","driver_arrived_time":"5 Mins","max_bid_amount":71008,"coupon_id":"0","booking_tonnage":"","booking_creation_timestamp":"01-03-2022 17:00:00","total_booking_amount":35750,"dropcount":1,"earlyclose":0,"booking_notes_visible":1,"load_type":"2","driver_bidding":{"current_lowest_offer":0,"driver_bid_created_at":"","driver_id":0,"driver_seen":"0","customer_id":"45457","bid_count":"0","is_notify":0,"status":0},"payment_alert_text":"","base_hour":"Hrs -  KMs - ","booking_status":"11","driver_phone":"","pod_status":"","customer_wallet_amount":0,"withdraw_message":"","subtotal":"0.00","able_to_cancel":0,"additional_fare_hour":null,"booking_coupon_applied":false,"already_bid":1,"truck_reg_number":"","coupon_applied":false,"pod_pic":[],"amenities":[],"invoice_s3_url":null,"pod":"","created_at":"27-02-2022 13:45:57","min_bid_amount":14949,"droparray":"[\n    {\n        \"lat\": \"28.4489896\",\n        \"long\": \"76.8227916\",\n        \"dropaddrid\": 0,\n        \"recipient_name\": \"\",\n        \"recipient_phone\": \"\",\n        \"droppff_location_id\": \"1130604\",\n        \"dropoff_address\": \"\\nFarrukhnagar Logistic Park LLP,Farrukhnagar\\nGurugram,HARYANA 122001\",\n        \"booking_status\": \"0\"\n    }\n]","payment_type_txt":"Wallet","is_notify":1,"pod_download":[],"vehiclebody":"CLOSED","customer_max_bid_amount":112100,"advance_payment_mode":"1","driver_cancelled":0,"tonnage":" 15 Ton","is_withdraw":0,"booking_amount_total":"74745.00","pickup_count":1,"driver_booking_status_text":"","coupon_code":"","base_fare_upto":null,"base_fare":"74745.00","hourly_package_id":null,"discount_type":null,"bidding_max_amount":71008,"driver_current_location":"","base_suggested_price":67300,"truck_model":"","pod_track_url":"","wowcash":"","booking_package_overshooting_text":"","booking_type":2,"customer_id":"45457","pod_amount":0,"insurance":"0","booking_notes":"","discount_amount":null,"lr":{"insurance":"0","consignee_id":[],"invoice_details":[],"consigee_details":[],"lr_url":"","pickup_address":"\nF-2,Survey No. 122/7c,122/2,122/1,118/1,118/7,131,Ayushi Spa\nMumbai -Nashik Highway , Post- Padgha,\nBhiwandi,MAHARASHTRA 421101","consignor_details":[{"consignor_name":"Amazon","consignor_gst":"015753697452489","consignor_state":1,"consignor_address":"Chennai","id":""}],"dropoff_address":"\nFarrukhnagar Logistic Park LLP,Farrukhnagar\nGurugram,HARYANA 122001","lr_number":"27403","states":[{"state_name":"KERALA","id":"17"},{"state_name":"KARNATAKA","id":"18"},{"state_name":"Telangana","id":"36"},{"state_name":"TAMILNADU","id":"1"},{"state_name":"ANDHRA PRADESH","id":"2"}],"consignor_name":"Amazon","invoice_total":0,"lr_generated":0,"consignor_address":"Chennai","pickup_time":"01-03-2022 17:00:00"},"booking_package_text":"","insurance_edit":0,"pickup_address":"\nF-2,Survey No. 122/7c,122/2,122/1,118/1,118/7,131,Ayushi Spa\nMumbai -Nashik Highway , Post- Padgha,\nBhiwandi,MAHARASHTRA 421101","pod_text":"","show_bidding_content":0,"driver_seen_status":0,"discounts":[],"advance_payment":59796,"pod_type":null,"communication":{"communication_id":0,"type":0,"message":""},"booking_status_text":"NA","is_mobile":"2","all_communication":[],"customer_accepted":"0","barcode_enable":"0","coupon_value":50,"droparray_areaname":[{"dropoff_location_area_name":"Farukh Nagar","dropoff_location_id":"1130604"}],"payment_type":"1","price_group":36,"nearby_drivers_count":0,"recipient_name":"","coupon_type":"","recipient_phone":"","vehicle_name":"","driver_reject_event_id":0,"customer_type":"3","booking_feet":"","booking_id":"27403","base_fare_hour":null,"pickup_long":"73.1781311","vehicle_body_type":"1","pickup_lat":"19.3661934","reached_otp":"9550","driver_image":"","insurance_details":[],"is_contract":0,"payment_status":"0","length":"Length: 32 Feet","auto_accept":"1","bidding_increment_amount":100,"driver_name":"","vehicle_type_id":"0","booking_filter":[],"group_id":"36","override_amount":"0.00","invoice":"","insurance_chosen":false,"alarm_on":0},"message":"Successfully bidding has been updated!","notify_driver":false,"status":"1","notify_drivers":[]}}
status code :200
response body :{"response":{"notify_driver_id":0,"data":{"driver_id":"0","customer_min_bid_amount":"17000.00","pickup_array":"[\n    {\n        \"lat\": \"25.5629096\",\n        \"long\": \"84.9949101\",\n        \"contact_name\": \"\",\n        \"contact_phone\": \"\",\n        \"pickup_address\": \"\\nThana No-49 Khata No-139,142,143,144 Khasra No-1054,1079,108\\nDist- Patna, Bihar 801109\\nPatna,Bihar 801105\",\n        \"booking_status\": \"0\"\n    }\n]","price_id":null,"package_master_id":"0","is_bidding":"0","discount_percentage":null,"dropoff_address":"\nManoj Kumar keshan Gattani industries Mouza. Satgharia JL n\nHowrah,WEST BENGAL 712306","lr_show":0,"coupon_name":"","claimform":"https://admin-staging.wowtruck.in/webservice/claimform","driver_arrived_time":"5 Mins","max_bid_amount":30253,"coupon_id":"0","booking_tonnage":"","booking_creation_timestamp":"01-03-2022 17:30:00","total_booking_amount":17000,"dropcount":1,"earlyclose":0,"booking_notes_visible":1,"load_type":"2","driver_bidding":{"current_lowest_offer":0,"driver_bid_created_at":"","driver_id":0,"driver_seen":"0","customer_id":"45457","bid_count":"0","is_notify":0,"status":0},"payment_alert_text":"","base_hour":"Hrs -  KMs - ","booking_status":"11","driver_phone":"","pod_status":"","customer_wallet_amount":0,"withdraw_message":"","subtotal":"0.00","able_to_cancel":0,"additional_fare_hour":null,"booking_coupon_applied":false,"already_bid":1,"truck_reg_number":"","coupon_applied":false,"pod_pic":[],"amenities":[],"invoice_s3_url":null,"pod":"","created_at":"27-02-2022 13:46:02","min_bid_amount":6369,"droparray":"[\n    {\n        \"lat\": \"22.5453009\",\n        \"long\": \"88.1571935\",\n        \"dropaddrid\": 0,\n        \"recipient_name\": \"\",\n        \"recipient_phone\": \"\",\n        \"droppff_location_id\": \"1130605\",\n        \"dropoff_address\": \"\\nManoj Kumar keshan Gattani industries Mouza. Satgharia JL n\\nHowrah,WEST BENGAL 712306\",\n        \"booking_status\": \"0\"\n    }\n]","payment_type_txt":"Wallet","is_notify":1,"pod_download":[],"vehiclebody":"CLOSED","customer_max_bid_amount":47750,"advance_payment_mode":"1","driver_cancelled":0,"tonnage":" 15 Ton","is_withdraw":0,"booking_amount_total":"31845.00","pickup_count":1,"driver_booking_status_text":"","coupon_code":"","base_fare_upto":null,"base_fare":"31845.00","hourly_package_id":null,"discount_type":null,"bidding_max_amount":30253,"driver_current_location":"","base_suggested_price":28700,"truck_model":"","pod_track_url":"","wowcash":"","booking_package_overshooting_text":"","booking_type":2,"customer_id":"45457","pod_amount":0,"insurance":"0","booking_notes":"","discount_amount":null,"lr":{"insurance":"0","consignee_id":[],"invoice_details":[],"consigee_details":[],"lr_url":"","pickup_address":"\nThana No-49 Khata No-139,142,143,144 Khasra No-1054,1079,108\nDist- Patna, Bihar 801109\nPatna,Bihar 801105","consignor_details":[{"consignor_name":"Amazon","consignor_gst":"015753697452489","consignor_state":1,"consignor_address":"Chennai","id":""}],"dropoff_address":"\nManoj Kumar keshan Gattani industries Mouza. Satgharia JL n\nHowrah,WEST BENGAL 712306","lr_number":"27404","states":[{"state_name":"KERALA","id":"17"},{"state_name":"KARNATAKA","id":"18"},{"state_name":"Telangana","id":"36"},{"state_name":"TAMILNADU","id":"1"},{"state_name":"ANDHRA PRADESH","id":"2"}],"consignor_name":"Amazon","invoice_total":0,"lr_generated":0,"consignor_address":"Chennai","pickup_time":"01-03-2022 17:30:00"},"booking_package_text":"","insurance_edit":0,"pickup_address":"\nThana No-49 Khata No-139,142,143,144 Khasra No-1054,1079,108\nDist- Patna, Bihar 801109\nPatna,Bihar 801105","pod_text":"","show_bidding_content":0,"driver_seen_status":0,"discounts":[],"advance_payment":25476,"pod_type":null,"communication":{"communication_id":0,"type":0,"message":""},"booking_status_text":"NA","is_mobile":"2","all_communication":[],"customer_accepted":"0","barcode_enable":"0","coupon_value":50,"droparray_areaname":[{"dropoff_location_area_name":"Nalpur","dropoff_location_id":"1130605"}],"payment_type":"1","price_group":36,"nearby_drivers_count":0,"recipient_name":"","coupon_type":"","recipient_phone":"","vehicle_name":"","driver_reject_event_id":0,"customer_type":"3","booking_feet":"","booking_id":"27404","base_fare_hour":null,"pickup_long":"84.9949101","vehicle_body_type":"1","pickup_lat":"25.5629096","reached_otp":"9481","driver_image":"","insurance_details":[],"is_contract":0,"payment_status":"0","length":"Length: 32 Feet","auto_accept":"1","bidding_increment_amount":100,"driver_name":"","vehicle_type_id":"0","booking_filter":[],"group_id":"36","override_amount":"0.00","invoice":"","insurance_chosen":false,"alarm_on":0},"message":"Successfully bidding has been updated!","notify_driver":false,"status":"1","notify_drivers":[]}}
status code :200
response body :{"response":{"notify_driver_id":0,"data":{"driver_id":"0","customer_min_bid_amount":"6158.67","pickup_array":"[\n    {\n        \"lat\": \"18.6172727\",\n        \"long\": \"73.8503712\",\n        \"contact_name\": \"\",\n        \"contact_phone\": \"\",\n        \"pickup_address\": \"\\nBuilding No. B01, ESR Pune Estates Pvt Ltd\\nVillage Ambethan, Tal: Khed\\nPune,MAHARASHTRA 410501\",\n        \"booking_status\": \"0\"\n    }\n]","price_id":null,"package_master_id":"0","is_bidding":"0","discount_percentage":null,"dropoff_address":"\nLK spaces, Rajlaxmi textile Park,Pogaon\nBhiwandi\nMumbai,MAHARASHTRA 421302","lr_show":0,"coupon_name":"","claimform":"https://admin-staging.wowtruck.in/webservice/claimform","driver_arrived_time":"5 Mins","max_bid_amount":9144,"coupon_id":"0","booking_tonnage":"","booking_creation_timestamp":"01-03-2022 18:45:00","total_booking_amount":6159,"dropcount":1,"earlyclose":0,"booking_notes_visible":1,"load_type":"2","driver_bidding":{"current_lowest_offer":0,"driver_bid_created_at":"","driver_id":0,"driver_seen":"0","customer_id":"45457","bid_count":"0","is_notify":0,"status":0},"payment_alert_text":"","base_hour":"Hrs -  KMs - ","booking_status":"11","driver_phone":"","pod_status":"","customer_wallet_amount":0,"withdraw_message":"","subtotal":"0.00","able_to_cancel":0,"additional_fare_hour":null,"booking_coupon_applied":false,"already_bid":1,"truck_reg_number":"","coupon_applied":false,"pod_pic":[],"amenities":[],"invoice_s3_url":null,"pod":"","created_at":"27-02-2022 13:46:07","min_bid_amount":1925,"droparray":"[\n    {\n        \"lat\": \"19.3126114\",\n        \"long\": \"73.0878793\",\n        \"dropaddrid\": 0,\n        \"recipient_name\": \"\",\n        \"recipient_phone\": \"\",\n        \"droppff_location_id\": \"1130606\",\n        \"dropoff_address\": \"\\nLK spaces, Rajlaxmi textile Park,Pogaon\\nBhiwandi\\nMumbai,MAHARASHTRA 421302\",\n        \"booking_status\": \"0\"\n    }\n]","payment_type_txt":"Wallet","is_notify":1,"pod_download":[],"vehiclebody":"CLOSED","customer_max_bid_amount":14450,"advance_payment_mode":"1","driver_cancelled":0,"tonnage":" 15 Ton","is_withdraw":0,"booking_amount_total":"9625.00","pickup_count":1,"driver_booking_status_text":"","coupon_code":"","base_fare_upto":null,"base_fare":"9625.00","hourly_package_id":null,"discount_type":null,"bidding_max_amount":9144,"driver_current_location":"","base_suggested_price":8700,"truck_model":"","pod_track_url":"","wowcash":"","booking_package_overshooting_text":"","booking_type":2,"customer_id":"45457","pod_amount":0,"insurance":"0","booking_notes":"","discount_amount":null,"lr":{"insurance":"0","consignee_id":[],"invoice_details":[],"consigee_details":[],"lr_url":"","pickup_address":"\nBuilding No. B01, ESR Pune Estates Pvt Ltd\nVillage Ambethan, Tal: Khed\nPune,MAHARASHTRA 410501","consignor_details":[{"consignor_name":"Amazon","consignor_gst":"015753697452489","consignor_state":1,"consignor_address":"Chennai","id":""}],"dropoff_address":"\nLK spaces, Rajlaxmi textile Park,Pogaon\nBhiwandi\nMumbai,MAHARASHTRA 421302","lr_number":"27405","states":[{"state_name":"KERALA","id":"17"},{"state_name":"KARNATAKA","id":"18"},{"state_name":"Telangana","id":"36"},{"state_name":"TAMILNADU","id":"1"},{"state_name":"ANDHRA PRADESH","id":"2"}],"consignor_name":"Amazon","invoice_total":0,"lr_generated":0,"consignor_address":"Chennai","pickup_time":"01-03-2022 18:45:00"},"booking_package_text":"","insurance_edit":0,"pickup_address":"\nBuilding No. B01, ESR Pune Estates Pvt Ltd\nVillage Ambethan, Tal: Khed\nPune,MAHARASHTRA 410501","pod_text":"","show_bidding_content":0,"driver_seen_status":0,"discounts":[],"advance_payment":7700,"pod_type":null,"communication":{"communication_id":0,"type":0,"message":""},"booking_status_text":"NA","is_mobile":"2","all_communication":[],"customer_accepted":"0","barcode_enable":"0","coupon_value":50,"droparray_areaname":[{"dropoff_location_area_name":"Dongari Pada","dropoff_location_id":"1130606"}],"payment_type":"1","price_group":36,"nearby_drivers_count":0,"recipient_name":"","coupon_type":"","recipient_phone":"","vehicle_name":"","driver_reject_event_id":0,"customer_type":"3","booking_feet":"","booking_id":"27405","base_fare_hour":null,"pickup_long":"73.8503712","vehicle_body_type":"1","pickup_lat":"18.6172727","reached_otp":"5765","driver_image":"","insurance_details":[],"is_contract":0,"payment_status":"0","length":"Length: 32 Feet","auto_accept":"1","bidding_increment_amount":100,"driver_name":"","vehicle_type_id":"0","booking_filter":[],"group_id":"36","override_amount":"0.00","invoice":"","insurance_chosen":false,"alarm_on":0},"message":"Successfully bidding has been updated!","notify_driver":false,"status":"1","notify_drivers":[]}}
status code :200
response body :{"response":{"notify_driver_id":0,"data":{"driver_id":"0","customer_min_bid_amount":"24250.00","pickup_array":"[\n    {\n        \"lat\": \"13.2157604\",\n        \"long\": \"80.0450335\",\n        \"contact_name\": \"\",\n        \"contact_phone\": \"\",\n        \"pickup_address\": \"\\nSy No: 77-2A3, S. Murugan Industrial and Logistics Parks LLP\\nNear Magna Eng.College, Thamaraipakkam\\nThiruvallur,TAMIL NADU 601103\",\n        \"booking_status\": \"0\"\n    }\n]","price_id":null,"package_master_id":"0","is_bidding":"0","discount_percentage":null,"dropoff_address":"\nBROADVIEW CONSTRUCTIONS AND HOLDINGS PVT LTD.\nSurvey No.153-1 153-2226-2,229-2,230-2\nCoimbatore,TAMIL NADU 641201","lr_show":0,"coupon_name":"","claimform":"https://admin-staging.wowtruck.in/webservice/claimform","driver_arrived_time":"5 Mins","max_bid_amount":27745,"coupon_id":"0","booking_tonnage":"","booking_creation_timestamp":"01-03-2022 19:00:00","total_booking_amount":24250,"dropcount":1,"earlyclose":0,"booking_notes_visible":1,"load_type":"2","driver_bidding":{"current_lowest_offer":0,"driver_bid_created_at":"","driver_id":0,"driver_seen":"0","customer_id":"45457","bid_count":"0","is_notify":0,"status":0},"payment_alert_text":"","base_hour":"Hrs -  KMs - ","booking_status":"11","driver_phone":"","pod_status":"","customer_wallet_amount":0,"withdraw_message":"","subtotal":"0.00","able_to_cancel":0,"additional_fare_hour":null,"booking_coupon_applied":false,"already_bid":1,"truck_reg_number":"","coupon_applied":false,"pod_pic":[],"amenities":[],"invoice_s3_url":null,"pod":"","created_at":"27-02-2022 13:46:13","min_bid_amount":5841,"droparray":"[\n    {\n        \"lat\": \"10.9236538\",\n        \"long\": \"77.0526938\",\n        \"dropaddrid\": 0,\n        \"recipient_name\": \"\",\n        \"recipient_phone\": \"\",\n        \"droppff_location_id\": \"1130607\",\n        \"dropoff_address\": \"\\nBROADVIEW CONSTRUCTIONS AND HOLDINGS PVT LTD.\\nSurvey No.153-1 153-2226-2,229-2,230-2\\nCoimbatore,TAMIL NADU 641201\",\n        \"booking_status\": \"0\"\n    }\n]","payment_type_txt":"Wallet","is_notify":1,"pod_download":[],"vehiclebody":"CLOSED","customer_max_bid_amount":43800,"advance_payment_mode":"1","driver_cancelled":0,"tonnage":" 15 Ton","is_withdraw":0,"booking_amount_total":"29205.00","pickup_count":1,"driver_booking_status_text":"","coupon_code":"","base_fare_upto":null,"base_fare":"29205.00","hourly_package_id":null,"discount_type":null,"bidding_max_amount":27745,"driver_current_location":"","base_suggested_price":26300,"truck_model":"","pod_track_url":"","wowcash":"","booking_package_overshooting_text":"","booking_type":2,"customer_id":"45457","pod_amount":0,"insurance":"0","booking_notes":"","discount_amount":null,"lr":{"insurance":"0","consignee_id":[],"invoice_details":[],"consigee_details":[],"lr_url":"","pickup_address":"\nSy No: 77-2A3, S. Murugan Industrial and Logistics Parks LLP\nNear Magna Eng.College, Thamaraipakkam\nThiruvallur,TAMIL NADU 601103","consignor_details":[{"consignor_name":"Amazon","consignor_gst":"015753697452489","consignor_state":1,"consignor_address":"Chennai","id":""}],"dropoff_address":"\nBROADVIEW CONSTRUCTIONS AND HOLDINGS PVT LTD.\nSurvey No.153-1 153-2226-2,229-2,230-2\nCoimbatore,TAMIL NADU 641201","lr_number":"27406","states":[{"state_name":"KERALA","id":"17"},{"state_name":"KARNATAKA","id":"18"},{"state_name":"Telangana","id":"36"},{"state_name":"TAMILNADU","id":"1"},{"state_name":"ANDHRA PRADESH","id":"2"}],"consignor_name":"Amazon","invoice_total":0,"lr_generated":0,"consignor_address":"Chennai","pickup_time":"01-03-2022 19:00:00"},"booking_package_text":"","insurance_edit":0,"pickup_address":"\nSy No: 77-2A3, S. Murugan Industrial and Logistics Parks LLP\nNear Magna Eng.College, Thamaraipakkam\nThiruvallur,TAMIL NADU 601103","pod_text":"","show_bidding_content":0,"driver_seen_status":0,"discounts":[],"advance_payment":23364,"pod_type":null,"communication":{"communication_id":0,"type":0,"message":""},"booking_status_text":"NA","is_mobile":"2","all_communication":[],"customer_accepted":"0","barcode_enable":"0","coupon_value":50,"droparray_areaname":[{"dropoff_location_area_name":"Chettipalayam","dropoff_location_id":"1130607"}],"payment_type":"1","price_group":36,"nearby_drivers_count":0,"recipient_name":"","coupon_type":"","recipient_phone":"","vehicle_name":"","driver_reject_event_id":0,"customer_type":"3","booking_feet":"","booking_id":"27406","base_fare_hour":null,"pickup_long":"80.0450335","vehicle_body_type":"1","pickup_lat":"13.2157604","reached_otp":"2431","driver_image":"","insurance_details":[],"is_contract":0,"payment_status":"0","length":"Length: 32 Feet","auto_accept":"1","bidding_increment_amount":100,"driver_name":"","vehicle_type_id":"0","booking_filter":[],"group_id":"36","override_amount":"0.00","invoice":"","insurance_chosen":false,"alarm_on":0},"message":"Successfully bidding has been updated!","notify_driver":false,"status":"1","notify_drivers":[]}}
status code :200
response body :{"response":{"notify_driver_id":0,"data":{"driver_id":"0","customer_min_bid_amount":"40000.00","pickup_array":"[\n    {\n        \"lat\": \"13.2157604\",\n        \"long\": \"80.0450335\",\n        \"contact_name\": \"\",\n        \"contact_phone\": \"\",\n        \"pickup_address\": \"\\nSy No: 77-2A3, S. Murugan Industrial and Logistics Parks LLP\\nNear Magna Eng.College, Thamaraipakkam\\nThiruvallur,TAMIL NADU 601103\",\n        \"booking_status\": \"0\"\n    }\n]","price_id":null,"package_master_id":"0","is_bidding":"0","discount_percentage":null,"dropoff_address":"\nKhasra numbers:444-P,445-P,459-P, 460-474,475-P,476-482\n483-P,491,492,493-P, Village Bhaukapur,Tehsil-Sarojini Nagar\nLucknow,UTTAR PRADESH 226401","lr_show":0,"coupon_name":"","claimform":"https://admin-staging.wowtruck.in/webservice/claimform","driver_arrived_time":"5 Mins","max_bid_amount":99223,"coupon_id":"0","booking_tonnage":"","booking_creation_timestamp":"01-03-2022 20:00:00","total_booking_amount":40000,"dropcount":1,"earlyclose":0,"booking_notes_visible":1,"load_type":"2","driver_bidding":{"current_lowest_offer":0,"driver_bid_created_at":"","driver_id":0,"driver_seen":"0","customer_id":"45457","bid_count":"0","is_notify":0,"status":0},"payment_alert_text":"","base_hour":"Hrs -  KMs - ","booking_status":"11","driver_phone":"","pod_status":"","customer_wallet_amount":0,"withdraw_message":"","subtotal":"0.00","able_to_cancel":0,"additional_fare_hour":null,"booking_coupon_applied":false,"already_bid":1,"truck_reg_number":"","coupon_applied":false,"pod_pic":[],"amenities":[],"invoice_s3_url":null,"pod":"","created_at":"27-02-2022 13:46:18","min_bid_amount":20889,"droparray":"[\n    {\n        \"lat\": \"26.7480064\",\n        \"long\": \"80.8664685\",\n        \"dropaddrid\": 0,\n        \"recipient_name\": \"\",\n        \"recipient_phone\": \"\",\n        \"droppff_location_id\": \"1130608\",\n        \"dropoff_address\": \"\\nKhasra numbers:444-P,445-P,459-P, 460-474,475-P,476-482\\n483-P,491,492,493-P, Village Bhaukapur,Tehsil-Sarojini Nagar\\nLucknow,UTTAR PRADESH 226401\",\n        \"booking_status\": \"0\"\n    }\n]","payment_type_txt":"Wallet","is_notify":1,"pod_download":[],"vehiclebody":"CLOSED","customer_max_bid_amount":156650,"advance_payment_mode":"1","driver_cancelled":0,"tonnage":" 15 Ton","is_withdraw":0,"booking_amount_total":"104445.00","pickup_count":1,"driver_booking_status_text":"","coupon_code":"","base_fare_upto":null,"base_fare":"104445.00","hourly_package_id":null,"discount_type":null,"bidding_max_amount":99223,"driver_current_location":"","base_suggested_price":94050,"truck_model":"","pod_track_url":"","wowcash":"","booking_package_overshooting_text":"","booking_type":2,"customer_id":"45457","pod_amount":0,"insurance":"0","booking_notes":"","discount_amount":null,"lr":{"insurance":"0","consignee_id":[],"invoice_details":[],"consigee_details":[],"lr_url":"","pickup_address":"\nSy No: 77-2A3, S. Murugan Industrial and Logistics Parks LLP\nNear Magna Eng.College, Thamaraipakkam\nThiruvallur,TAMIL NADU 601103","consignor_details":[{"consignor_name":"Amazon","consignor_gst":"015753697452489","consignor_state":1,"consignor_address":"Chennai","id":""}],"dropoff_address":"\nKhasra numbers:444-P,445-P,459-P, 460-474,475-P,476-482\n483-P,491,492,493-P, Village Bhaukapur,Tehsil-Sarojini Nagar\nLucknow,UTTAR PRADESH 226401","lr_number":"27407","states":[{"state_name":"KERALA","id":"17"},{"state_name":"KARNATAKA","id":"18"},{"state_name":"Telangana","id":"36"},{"state_name":"TAMILNADU","id":"1"},{"state_name":"ANDHRA PRADESH","id":"2"}],"consignor_name":"Amazon","invoice_total":0,"lr_generated":0,"consignor_address":"Chennai","pickup_time":"01-03-2022 20:00:00"},"booking_package_text":"","insurance_edit":0,"pickup_address":"\nSy No: 77-2A3, S. Murugan Industrial and Logistics Parks LLP\nNear Magna Eng.College, Thamaraipakkam\nThiruvallur,TAMIL NADU 601103","pod_text":"","show_bidding_content":0,"driver_seen_status":0,"discounts":[],"advance_payment":83556,"pod_type":null,"communication":{"communication_id":0,"type":0,"message":""},"booking_status_text":"NA","is_mobile":"2","all_communication":[],"customer_accepted":"0","barcode_enable":"0","coupon_value":50,"droparray_areaname":[{"dropoff_location_area_name":"Sarojini Nagar","dropoff_location_id":"1130608"}],"payment_type":"1","price_group":36,"nearby_drivers_count":0,"recipient_name":"","coupon_type":"","recipient_phone":"","vehicle_name":"","driver_reject_event_id":0,"customer_type":"3","booking_feet":"","booking_id":"27407","base_fare_hour":null,"pickup_long":"80.0450335","vehicle_body_type":"1","pickup_lat":"13.2157604","reached_otp":"2248","driver_image":"","insurance_details":[],"is_contract":0,"payment_status":"0","length":"Length: 32 Feet","auto_accept":"1","bidding_increment_amount":100,"driver_name":"","vehicle_type_id":"0","booking_filter":[],"group_id":"36","override_amount":"0.00","invoice":"","insurance_chosen":false,"alarm_on":0},"message":"Successfully bidding has been updated!","notify_driver":false,"status":"1","notify_drivers":[]}}
status code :200
response body :{"response":{"notify_driver_id":0,"data":{"driver_id":"0","customer_min_bid_amount":"50000.00","pickup_array":"[\n    {\n        \"lat\": \"13.1507726\",\n        \"long\": \"77.7088114\",\n        \"contact_name\": \"\",\n        \"contact_phone\": \"\",\n        \"pickup_address\": \"\\nHitech, Defence and Aerospace Park, Devanahalli\\nBengaluru,KARNATAKA 562149\",\n        \"booking_status\": \"0\"\n    }\n]","price_id":null,"package_master_id":"0","is_bidding":"0","discount_percentage":null,"dropoff_address":"\nKhasra numbers:444-P,445-P,459-P, 460-474,475-P,476-482\n483-P,491,492,493-P, Village Bhaukapur,Tehsil-Sarojini Nagar\nLucknow,UTTAR PRADESH 226401","lr_show":0,"coupon_name":"","claimform":"https://admin-staging.wowtruck.in/webservice/claimform","driver_arrived_time":"5 Mins","max_bid_amount":97499,"coupon_id":"0","booking_tonnage":"","booking_creation_timestamp":"01-03-2022 20:00:00","total_booking_amount":50000,"dropcount":1,"earlyclose":0,"booking_notes_visible":1,"load_type":"2","driver_bidding":{"current_lowest_offer":0,"driver_bid_created_at":"","driver_id":0,"driver_seen":"0","customer_id":"45457","bid_count":"0","is_notify":0,"status":0},"payment_alert_text":"","base_hour":"Hrs -  KMs - ","booking_status":"11","driver_phone":"","pod_status":"","customer_wallet_amount":0,"withdraw_message":"","subtotal":"0.00","able_to_cancel":0,"additional_fare_hour":null,"booking_coupon_applied":false,"already_bid":1,"truck_reg_number":"","coupon_applied":false,"pod_pic":[],"amenities":[],"invoice_s3_url":null,"pod":"","created_at":"27-02-2022 13:46:23","min_bid_amount":20526,"droparray":"[\n    {\n        \"lat\": \"26.7480064\",\n        \"long\": \"80.8664685\",\n        \"dropaddrid\": 0,\n        \"recipient_name\": \"\",\n        \"recipient_phone\": \"\",\n        \"droppff_location_id\": \"1130609\",\n        \"dropoff_address\": \"\\nKhasra numbers:444-P,445-P,459-P, 460-474,475-P,476-482\\n483-P,491,492,493-P, Village Bhaukapur,Tehsil-Sarojini Nagar\\nLucknow,UTTAR PRADESH 226401\",\n        \"booking_status\": \"0\"\n    }\n]","payment_type_txt":"Wallet","is_notify":1,"pod_download":[],"vehiclebody":"CLOSED","customer_max_bid_amount":153950,"advance_payment_mode":"1","driver_cancelled":0,"tonnage":" 15 Ton","is_withdraw":0,"booking_amount_total":"102630.00","pickup_count":1,"driver_booking_status_text":"","coupon_code":"","base_fare_upto":null,"base_fare":"102630.00","hourly_package_id":null,"discount_type":null,"bidding_max_amount":97499,"driver_current_location":"","base_suggested_price":92400,"truck_model":"","pod_track_url":"","wowcash":"","booking_package_overshooting_text":"","booking_type":2,"customer_id":"45457","pod_amount":0,"insurance":"0","booking_notes":"","discount_amount":null,"lr":{"insurance":"0","consignee_id":[],"invoice_details":[],"consigee_details":[],"lr_url":"","pickup_address":"\nHitech, Defence and Aerospace Park, Devanahalli\nBengaluru,KARNATAKA 562149","consignor_details":[{"consignor_name":"Amazon","consignor_gst":"015753697452489","consignor_state":1,"consignor_address":"Chennai","id":""}],"dropoff_address":"\nKhasra numbers:444-P,445-P,459-P, 460-474,475-P,476-482\n483-P,491,492,493-P, Village Bhaukapur,Tehsil-Sarojini Nagar\nLucknow,UTTAR PRADESH 226401","lr_number":"27408","states":[{"state_name":"KERALA","id":"17"},{"state_name":"KARNATAKA","id":"18"},{"state_name":"Telangana","id":"36"},{"state_name":"TAMILNADU","id":"1"},{"state_name":"ANDHRA PRADESH","id":"2"}],"consignor_name":"Amazon","invoice_total":0,"lr_generated":0,"consignor_address":"Chennai","pickup_time":"01-03-2022 20:00:00"},"booking_package_text":"","insurance_edit":0,"pickup_address":"\nHitech, Defence and Aerospace Park, Devanahalli\nBengaluru,KARNATAKA 562149","pod_text":"","show_bidding_content":0,"driver_seen_status":0,"discounts":[],"advance_payment":82104,"pod_type":null,"communication":{"communication_id":0,"type":0,"message":""},"booking_status_text":"NA","is_mobile":"2","all_communication":[],"customer_accepted":"0","barcode_enable":"0","coupon_value":50,"droparray_areaname":[{"dropoff_location_area_name":"Sarojini Nagar","dropoff_location_id":"1130609"}],"payment_type":"1","price_group":36,"nearby_drivers_count":0,"recipient_name":"","coupon_type":"","recipient_phone":"","vehicle_name":"","driver_reject_event_id":0,"customer_type":"3","booking_feet":"","booking_id":"27408","base_fare_hour":null,"pickup_long":"77.7088114","vehicle_body_type":"1","pickup_lat":"13.1507726","reached_otp":"1323","driver_image":"","insurance_details":[],"is_contract":0,"payment_status":"0","length":"Length: 32 Feet","auto_accept":"1","bidding_increment_amount":100,"driver_name":"","vehicle_type_id":"0","booking_filter":[],"group_id":"36","override_amount":"0.00","invoice":"","insurance_chosen":false,"alarm_on":0},"message":"Successfully bidding has been updated!","notify_driver":false,"status":"1","notify_drivers":[]}}
status code :200
response body :{"response":{"notify_driver_id":0,"data":{"driver_id":"0","customer_min_bid_amount":"11000.00","pickup_array":"[\n    {\n        \"lat\": \"13.2157604\",\n        \"long\": \"80.0450335\",\n        \"contact_name\": \"\",\n        \"contact_phone\": \"\",\n        \"pickup_address\": \"\\nSy No: 77-2A3, S. Murugan Industrial and Logistics Parks LLP\\nNear Magna Eng.College, Thamaraipakkam\\nThiruvallur,TAMIL NADU 601103\",\n        \"booking_status\": \"0\"\n    }\n]","price_id":null,"package_master_id":"0","is_bidding":"0","discount_percentage":null,"dropoff_address":"\nPlot no 12 P2, Bangalore Hardware Park KIADB\nIndustrial Park North\nBangalore,Karnataka 562149","lr_show":0,"coupon_name":"","claimform":"https://admin-staging.wowtruck.in/webservice/claimform","driver_arrived_time":"5 Mins","max_bid_amount":15989,"coupon_id":"0","booking_tonnage":"","booking_creation_timestamp":"01-03-2022 20:00:00","total_booking_amount":11000,"dropcount":1,"earlyclose":0,"booking_notes_visible":1,"load_type":"2","driver_bidding":{"current_lowest_offer":0,"driver_bid_created_at":"","driver_id":0,"driver_seen":"0","customer_id":"45457","bid_count":"0","is_notify":0,"status":0},"payment_alert_text":"","base_hour":"Hrs -  KMs - ","booking_status":"11","driver_phone":"","pod_status":"","customer_wallet_amount":0,"withdraw_message":"","subtotal":"0.00","able_to_cancel":0,"additional_fare_hour":null,"booking_coupon_applied":false,"already_bid":1,"truck_reg_number":"","coupon_applied":false,"pod_pic":[],"amenities":[],"invoice_s3_url":null,"pod":"","created_at":"27-02-2022 13:46:28","min_bid_amount":3366,"droparray":"[\n    {\n        \"lat\": \"13.1558002\",\n        \"long\": \"77.6816778\",\n        \"dropaddrid\": 0,\n        \"recipient_name\": \"\",\n        \"recipient_phone\": \"\",\n        \"droppff_location_id\": \"1130610\",\n        \"dropoff_address\": \"\\nPlot no 12 P2, Bangalore Hardware Park KIADB\\nIndustrial Park North\\nBangalore,Karnataka 562149\",\n        \"booking_status\": \"0\"\n    }\n]","payment_type_txt":"Wallet","is_notify":1,"pod_download":[],"vehiclebody":"CLOSED","customer_max_bid_amount":25250,"advance_payment_mode":"1","driver_cancelled":0,"tonnage":" 15 Ton","is_withdraw":0,"booking_amount_total":"16830.00","pickup_count":1,"driver_booking_status_text":"","coupon_code":"","base_fare_upto":null,"base_fare":"16830.00","hourly_package_id":null,"discount_type":null,"bidding_max_amount":15989,"driver_current_location":"","base_suggested_price":15150,"truck_model":"","pod_track_url":"","wowcash":"","booking_package_overshooting_text":"","booking_type":2,"customer_id":"45457","pod_amount":0,"insurance":"0","booking_notes":"","discount_amount":null,"lr":{"insurance":"0","consignee_id":[],"invoice_details":[],"consigee_details":[],"lr_url":"","pickup_address":"\nSy No: 77-2A3, S. Murugan Industrial and Logistics Parks LLP\nNear Magna Eng.College, Thamaraipakkam\nThiruvallur,TAMIL NADU 601103","consignor_details":[{"consignor_name":"Amazon","consignor_gst":"015753697452489","consignor_state":1,"consignor_address":"Chennai","id":""}],"dropoff_address":"\nPlot no 12 P2, Bangalore Hardware Park KIADB\nIndustrial Park North\nBangalore,Karnataka 562149","lr_number":"27409","states":[{"state_name":"KERALA","id":"17"},{"state_name":"KARNATAKA","id":"18"},{"state_name":"Telangana","id":"36"},{"state_name":"TAMILNADU","id":"1"},{"state_name":"ANDHRA PRADESH","id":"2"}],"consignor_name":"Amazon","invoice_total":0,"lr_generated":0,"consignor_address":"Chennai","pickup_time":"01-03-2022 20:00:00"},"booking_package_text":"","insurance_edit":0,"pickup_address":"\nSy No: 77-2A3, S. Murugan Industrial and Logistics Parks LLP\nNear Magna Eng.College, Thamaraipakkam\nThiruvallur,TAMIL NADU 601103","pod_text":"","show_bidding_content":0,"driver_seen_status":0,"discounts":[],"advance_payment":13464,"pod_type":null,"communication":{"communication_id":0,"type":0,"message":""},"booking_status_text":"NA","is_mobile":"2","all_communication":[],"customer_accepted":"0","barcode_enable":"0","coupon_value":50,"droparray_areaname":[{"dropoff_location_area_name":"Huvinayakanahalli","dropoff_location_id":"1130610"}],"payment_type":"1","price_group":36,"nearby_drivers_count":0,"recipient_name":"","coupon_type":"","recipient_phone":"","vehicle_name":"","driver_reject_event_id":0,"customer_type":"3","booking_feet":"","booking_id":"27409","base_fare_hour":null,"pickup_long":"80.0450335","vehicle_body_type":"1","pickup_lat":"13.2157604","reached_otp":"3510","driver_image":"","insurance_details":[],"is_contract":0,"payment_status":"0","length":"Length: 32 Feet","auto_accept":"1","bidding_increment_amount":100,"driver_name":"","vehicle_type_id":"0","booking_filter":[],"group_id":"36","override_amount":"0.00","invoice":"","insurance_chosen":false,"alarm_on":0},"message":"Successfully bidding has been updated!","notify_driver":false,"status":"1","notify_drivers":[]}}
status code :200
response body :{"response":{"notify_driver_id":0,"data":{"driver_id":"0","customer_min_bid_amount":"41650.01","pickup_array":"[\n    {\n        \"lat\": \"13.2157604\",\n        \"long\": \"80.0450335\",\n        \"contact_name\": \"\",\n        \"contact_phone\": \"\",\n        \"pickup_address\": \"\\nSy No: 77-2A3, S. Murugan Industrial and Logistics Parks LLP\\nNear Magna Eng.College, Thamaraipakkam\\nThiruvallur,TAMIL NADU 601103\",\n        \"booking_status\": \"0\"\n    }\n]","price_id":null,"package_master_id":"0","is_bidding":"0","discount_percentage":null,"dropoff_address":"\nGanesh Complex, Rani Hati Amta Road\nPanchla,WEST BENGAL 711322","lr_show":0,"coupon_name":"","claimform":"https://admin-staging.wowtruck.in/webservice/claimform","driver_arrived_time":"5 Mins","max_bid_amount":85638,"coupon_id":"0","booking_tonnage":"","booking_creation_timestamp":"01-03-2022 20:00:00","total_booking_amount":41650,"dropcount":1,"earlyclose":0,"booking_notes_visible":1,"load_type":"2","driver_bidding":{"current_lowest_offer":0,"driver_bid_created_at":"","driver_id":0,"driver_seen":"0","customer_id":"45457","bid_count":"0","is_notify":0,"status":0},"payment_alert_text":"","base_hour":"Hrs -  KMs - ","booking_status":"11","driver_phone":"","pod_status":"","customer_wallet_amount":0,"withdraw_message":"","subtotal":"0.00","able_to_cancel":0,"additional_fare_hour":null,"booking_coupon_applied":false,"already_bid":1,"truck_reg_number":"","coupon_applied":false,"pod_pic":[],"amenities":[],"invoice_s3_url":null,"pod":"","created_at":"27-02-2022 13:46:33","min_bid_amount":18029,"droparray":"[\n    {\n        \"lat\": \"22.5665701\",\n        \"long\": \"88.1416583\",\n        \"dropaddrid\": 0,\n        \"recipient_name\": \"\",\n        \"recipient_phone\": \"\",\n        \"droppff_location_id\": \"1130611\",\n        \"dropoff_address\": \"\\nGanesh Complex, Rani Hati Amta Road\\nPanchla,WEST BENGAL 711322\",\n        \"booking_status\": \"0\"\n    }\n]","payment_type_txt":"Wallet","is_notify":1,"pod_download":[],"vehiclebody":"CLOSED","customer_max_bid_amount":135200,"advance_payment_mode":"1","driver_cancelled":0,"tonnage":" 15 Ton","is_withdraw":0,"booking_amount_total":"90145.00","pickup_count":1,"driver_booking_status_text":"","coupon_code":"","base_fare_upto":null,"base_fare":"90145.00","hourly_package_id":null,"discount_type":null,"bidding_max_amount":85638,"driver_current_location":"","base_suggested_price":81150,"truck_model":"","pod_track_url":"","wowcash":"","booking_package_overshooting_text":"","booking_type":2,"customer_id":"45457","pod_amount":0,"insurance":"0","booking_notes":"","discount_amount":null,"lr":{"insurance":"0","consignee_id":[],"invoice_details":[],"consigee_details":[],"lr_url":"","pickup_address":"\nSy No: 77-2A3, S. Murugan Industrial and Logistics Parks LLP\nNear Magna Eng.College, Thamaraipakkam\nThiruvallur,TAMIL NADU 601103","consignor_details":[{"consignor_name":"Amazon","consignor_gst":"015753697452489","consignor_state":1,"consignor_address":"Chennai","id":""}],"dropoff_address":"\nGanesh Complex, Rani Hati Amta Road\nPanchla,WEST BENGAL 711322","lr_number":"27410","states":[{"state_name":"KERALA","id":"17"},{"state_name":"KARNATAKA","id":"18"},{"state_name":"Telangana","id":"36"},{"state_name":"TAMILNADU","id":"1"},{"state_name":"ANDHRA PRADESH","id":"2"}],"consignor_name":"Amazon","invoice_total":0,"lr_generated":0,"consignor_address":"Chennai","pickup_time":"01-03-2022 20:00:00"},"booking_package_text":"","insurance_edit":0,"pickup_address":"\nSy No: 77-2A3, S. Murugan Industrial and Logistics Parks LLP\nNear Magna Eng.College, Thamaraipakkam\nThiruvallur,TAMIL NADU 601103","pod_text":"","show_bidding_content":0,"driver_seen_status":0,"discounts":[],"advance_payment":72116,"pod_type":null,"communication":{"communication_id":0,"type":0,"message":""},"booking_status_text":"NA","is_mobile":"2","all_communication":[],"customer_accepted":"0","barcode_enable":"0","coupon_value":50,"droparray_areaname":[{"dropoff_location_area_name":"Mallik Bagan","dropoff_location_id":"1130611"}],"payment_type":"1","price_group":36,"nearby_drivers_count":0,"recipient_name":"","coupon_type":"","recipient_phone":"","vehicle_name":"","driver_reject_event_id":0,"customer_type":"3","booking_feet":"","booking_id":"27410","base_fare_hour":null,"pickup_long":"80.0450335","vehicle_body_type":"1","pickup_lat":"13.2157604","reached_otp":"4463","driver_image":"","insurance_details":[],"is_contract":0,"payment_status":"0","length":"Length: 32 Feet","auto_accept":"1","bidding_increment_amount":100,"driver_name":"","vehicle_type_id":"0","booking_filter":[],"group_id":"36","override_amount":"0.00","invoice":"","insurance_chosen":false,"alarm_on":0},"message":"Successfully bidding has been updated!","notify_driver":false,"status":"1","notify_drivers":[]}}
status code :200
response body :{"response":{"notify_driver_id":0,"data":{"driver_id":"0","customer_min_bid_amount":"18504.00","pickup_array":"[\n    {\n        \"lat\": \"13.1507726\",\n        \"long\": \"77.7088114\",\n        \"contact_name\": \"\",\n        \"contact_phone\": \"\",\n        \"pickup_address\": \"\\nHitech, Defence and Aerospace Park, Devanahalli\\nBengaluru,KARNATAKA 562149\",\n        \"booking_status\": \"0\"\n    }\n]","price_id":null,"package_master_id":"0","is_bidding":"0","discount_percentage":null,"dropoff_address":"\nPlot no. 120 (X) and part portion of plot no. 119 (W2\nBavla,GUJARAT 382220","lr_show":0,"coupon_name":"","claimform":"https://admin-staging.wowtruck.in/webservice/claimform","driver_arrived_time":"5 Mins","max_bid_amount":81876,"coupon_id":"0","booking_tonnage":"","booking_creation_timestamp":"01-03-2022 20:00:00","total_booking_amount":18504,"dropcount":1,"earlyclose":0,"booking_notes_visible":1,"load_type":"2","driver_bidding":{"current_lowest_offer":0,"driver_bid_created_at":"","driver_id":0,"driver_seen":"0","customer_id":"45457","bid_count":"0","is_notify":0,"status":0},"payment_alert_text":"","base_hour":"Hrs -  KMs - ","booking_status":"11","driver_phone":"","pod_status":"","customer_wallet_amount":0,"withdraw_message":"","subtotal":"0.00","able_to_cancel":0,"additional_fare_hour":null,"booking_coupon_applied":false,"already_bid":1,"truck_reg_number":"","coupon_applied":false,"pod_pic":[],"amenities":[],"invoice_s3_url":null,"pod":"","created_at":"27-02-2022 13:46:39","min_bid_amount":17237,"droparray":"[\n    {\n        \"lat\": \"22.8365498\",\n        \"long\": \"72.3627976\",\n        \"dropaddrid\": 0,\n        \"recipient_name\": \"\",\n        \"recipient_phone\": \"\",\n        \"droppff_location_id\": \"1130612\",\n        \"dropoff_address\": \"\\nPlot no. 120 (X) and part portion of plot no. 119 (W2\\nBavla,GUJARAT 382220\",\n        \"booking_status\": \"0\"\n    }\n]","payment_type_txt":"Wallet","is_notify":1,"pod_download":[],"vehiclebody":"CLOSED","customer_max_bid_amount":129300,"advance_payment_mode":"1","driver_cancelled":0,"tonnage":" 15 Ton","is_withdraw":0,"booking_amount_total":"86185.00","pickup_count":1,"driver_booking_status_text":"","coupon_code":"","base_fare_upto":null,"base_fare":"86185.00","hourly_package_id":null,"discount_type":null,"bidding_max_amount":81876,"driver_current_location":"","base_suggested_price":77600,"truck_model":"","pod_track_url":"","wowcash":"","booking_package_overshooting_text":"","booking_type":2,"customer_id":"45457","pod_amount":0,"insurance":"0","booking_notes":"","discount_amount":null,"lr":{"insurance":"0","consignee_id":[],"invoice_details":[],"consigee_details":[],"lr_url":"","pickup_address":"\nHitech, Defence and Aerospace Park, Devanahalli\nBengaluru,KARNATAKA 562149","consignor_details":[{"consignor_name":"Amazon","consignor_gst":"015753697452489","consignor_state":1,"consignor_address":"Chennai","id":""}],"dropoff_address":"\nPlot no. 120 (X) and part portion of plot no. 119 (W2\nBavla,GUJARAT 382220","lr_number":"27411","states":[{"state_name":"KERALA","id":"17"},{"state_name":"KARNATAKA","id":"18"},{"state_name":"Telangana","id":"36"},{"state_name":"TAMILNADU","id":"1"},{"state_name":"ANDHRA PRADESH","id":"2"}],"consignor_name":"Amazon","invoice_total":0,"lr_generated":0,"consignor_address":"Chennai","pickup_time":"01-03-2022 20:00:00"},"booking_package_text":"","insurance_edit":0,"pickup_address":"\nHitech, Defence and Aerospace Park, Devanahalli\nBengaluru,KARNATAKA 562149","pod_text":"","show_bidding_content":0,"driver_seen_status":0,"discounts":[],"advance_payment":68948,"pod_type":null,"communication":{"communication_id":0,"type":0,"message":""},"booking_status_text":"NA","is_mobile":"2","all_communication":[],"customer_accepted":"0","barcode_enable":"0","coupon_value":50,"droparray_areaname":[{"dropoff_location_area_name":"Vallabh Nagar Society","dropoff_location_id":"1130612"}],"payment_type":"1","price_group":36,"nearby_drivers_count":0,"recipient_name":"","coupon_type":"","recipient_phone":"","vehicle_name":"","driver_reject_event_id":0,"customer_type":"3","booking_feet":"","booking_id":"27411","base_fare_hour":null,"pickup_long":"77.7088114","vehicle_body_type":"1","pickup_lat":"13.1507726","reached_otp":"3421","driver_image":"","insurance_details":[],"is_contract":0,"payment_status":"0","length":"Length: 32 Feet","auto_accept":"1","bidding_increment_amount":100,"driver_name":"","vehicle_type_id":"0","booking_filter":[],"group_id":"36","override_amount":"0.00","invoice":"","insurance_chosen":false,"alarm_on":0},"message":"Successfully bidding has been updated!","notify_driver":false,"status":"1","notify_drivers":[]}}
status code :200
response body :{"response":{"notify_driver_id":0,"data":{"driver_id":"0","customer_min_bid_amount":"35500.01","pickup_array":"[\n    {\n        \"lat\": \"22.4783904\",\n        \"long\": \"88.0399767\",\n        \"contact_name\": \"\",\n        \"contact_phone\": \"\",\n        \"pickup_address\": \"\\nBuilding No. CCU1, Mouza, Amraberia,\\nJ.L. No.8, Khatia No. 422, Ulberia Dist. Howrah\\nKolkata,WEST BENGAL 711315\",\n        \"booking_status\": \"0\"\n    }\n]","price_id":null,"package_master_id":"0","is_bidding":"0","discount_percentage":null,"dropoff_address":"\nBuilding No. B01\nESR Pune Estates Pvt Ltd\nChakan,MAHARASHTRA 410501","lr_show":0,"coupon_name":"","claimform":"https://admin-staging.wowtruck.in/webservice/claimform","driver_arrived_time":"5 Mins","max_bid_amount":93110,"coupon_id":"0","booking_tonnage":"","booking_creation_timestamp":"01-03-2022 22:30:00","total_booking_amount":35500,"dropcount":1,"earlyclose":0,"booking_notes_visible":1,"load_type":"2","driver_bidding":{"current_lowest_offer":0,"driver_bid_created_at":"","driver_id":0,"driver_seen":"0","customer_id":"45457","bid_count":"0","is_notify":0,"status":0},"payment_alert_text":"","base_hour":"Hrs -  KMs - ","booking_status":"11","driver_phone":"","pod_status":"","customer_wallet_amount":0,"withdraw_message":"","subtotal":"0.00","able_to_cancel":0,"additional_fare_hour":null,"booking_coupon_applied":false,"already_bid":1,"truck_reg_number":"","coupon_applied":false,"pod_pic":[],"amenities":[],"invoice_s3_url":null,"pod":"","created_at":"27-02-2022 13:46:45","min_bid_amount":19602,"droparray":"[\n    {\n        \"lat\": \"18.6172727\",\n        \"long\": \"73.8503712\",\n        \"dropaddrid\": 0,\n        \"recipient_name\": \"\",\n        \"recipient_phone\": \"\",\n        \"droppff_location_id\": \"1130613\",\n        \"dropoff_address\": \"\\nBuilding No. B01\\nESR Pune Estates Pvt Ltd\\nChakan,MAHARASHTRA 410501\",\n        \"booking_status\": \"0\"\n    }\n]","payment_type_txt":"Wallet","is_notify":1,"pod_download":[],"vehiclebody":"CLOSED","customer_max_bid_amount":147000,"advance_payment_mode":"1","driver_cancelled":0,"tonnage":" 15 Ton","is_withdraw":0,"booking_amount_total":"98010.00","pickup_count":1,"driver_booking_status_text":"","coupon_code":"","base_fare_upto":null,"base_fare":"98010.00","hourly_package_id":null,"discount_type":null,"bidding_max_amount":93110,"driver_current_location":"","base_suggested_price":88250,"truck_model":"","pod_track_url":"","wowcash":"","booking_package_overshooting_text":"","booking_type":2,"customer_id":"45457","pod_amount":0,"insurance":"0","booking_notes":"","discount_amount":null,"lr":{"insurance":"0","consignee_id":[],"invoice_details":[],"consigee_details":[],"lr_url":"","pickup_address":"\nBuilding No. CCU1, Mouza, Amraberia,\nJ.L. No.8, Khatia No. 422, Ulberia Dist. Howrah\nKolkata,WEST BENGAL 711315","consignor_details":[{"consignor_name":"Amazon","consignor_gst":"015753697452489","consignor_state":1,"consignor_address":"Chennai","id":""}],"dropoff_address":"\nBuilding No. B01\nESR Pune Estates Pvt Ltd\nChakan,MAHARASHTRA 410501","lr_number":"27412","states":[{"state_name":"KERALA","id":"17"},{"state_name":"KARNATAKA","id":"18"},{"state_name":"Telangana","id":"36"},{"state_name":"TAMILNADU","id":"1"},{"state_name":"ANDHRA PRADESH","id":"2"}],"consignor_name":"Amazon","invoice_total":0,"lr_generated":0,"consignor_address":"Chennai","pickup_time":"01-03-2022 22:30:00"},"booking_package_text":"","insurance_edit":0,"pickup_address":"\nBuilding No. CCU1, Mouza, Amraberia,\nJ.L. No.8, Khatia No. 422, Ulberia Dist. Howrah\nKolkata,WEST BENGAL 711315","pod_text":"","show_bidding_content":0,"driver_seen_status":0,"discounts":[],"advance_payment":78408,"pod_type":null,"communication":{"communication_id":0,"type":0,"message":""},"booking_status_text":"NA","is_mobile":"2","all_communication":[],"customer_accepted":"0","barcode_enable":"0","coupon_value":50,"droparray_areaname":[{"dropoff_location_area_name":"Bhosari","dropoff_location_id":"1130613"}],"payment_type":"1","price_group":36,"nearby_drivers_count":0,"recipient_name":"","coupon_type":"","recipient_phone":"","vehicle_name":"","driver_reject_event_id":0,"customer_type":"3","booking_feet":"","booking_id":"27412","base_fare_hour":null,"pickup_long":"88.0399767","vehicle_body_type":"1","pickup_lat":"22.4783904","reached_otp":"7852","driver_image":"","insurance_details":[],"is_contract":0,"payment_status":"0","length":"Length: 32 Feet","auto_accept":"1","bidding_increment_amount":100,"driver_name":"","vehicle_type_id":"0","booking_filter":[],"group_id":"36","override_amount":"0.00","invoice":"","insurance_chosen":false,"alarm_on":0},"message":"Successfully bidding has been updated!","notify_driver":false,"status":"1","notify_drivers":[]}}
status code :200
response body :{"response":{"data":{"message":"Convert as booking threshold days limit not matched!"},"status":"0"}}
status code :200
response body :{"response":{"data":{"message":"Convert as booking threshold days limit not matched!"},"status":"0"}}
status code :200
response body :{"response":{"data":{"message":"Convert as booking threshold days limit not matched!"},"status":"0"}}
status code :200
response body :{"response":{"data":{"message":"Convert as booking threshold days limit not matched!"},"status":"0"}}
status code :200
response body :{"response":{"data":{"message":"Convert as booking threshold days limit not matched!"},"status":"0"}}
status code :200
response body :{"response":{"data":{"message":"Convert as booking threshold days limit not matched!"},"status":"0"}}
status code :200
response body :{"response":{"data":{"message":"Convert as booking threshold days limit not matched!"},"status":"0"}}
status code :200
response body :{"response":{"data":{"message":"Convert as booking threshold days limit not matched!"},"status":"0"}}
status code :200
response body :{"response":{"data":{"message":"Convert as booking threshold days limit not matched!"},"status":"0"}}
status code :200
response body :{"response":{"data":{"message":"Convert as booking threshold days limit not matched!"},"status":"0"}}
status code :200
response body :{"response":{"data":{"message":"Convert as booking threshold days limit not matched!"},"status":"0"}}
status code :200
response body :{"response":{"data":{"message":"Convert as booking threshold days limit not matched!"},"status":"0"}}
status code :200
response body :{"response":{"data":{"message":"Convert as booking threshold days limit not matched!"},"status":"0"}}
status code :200
response body :{"response":{"data":{"message":"Convert as booking threshold days limit not matched!"},"status":"0"}}
status code :200
response body :{"response":{"data":{"message":"Convert as booking threshold days limit not matched!"},"status":"0"}}
status code :200
response body :{"response":{"data":{"message":"Convert as booking threshold days limit not matched!"},"status":"0"}}
status code :200
response body :{"response":{"data":{"message":"Convert as booking threshold days limit not matched!"},"status":"0"}}
status code :200
response body :{"response":{"data":{"message":"Convert as booking threshold days limit not matched!"},"status":"0"}}
status code :200
response body :{"response":{"data":{"message":"Convert as booking threshold days limit not matched!"},"status":"0"}}
status code :200
response body :{"response":{"data":{"message":"Convert as booking threshold days limit not matched!"},"status":"0"}}
status code :200
response body :{"response":{"data":{"message":"Convert as booking threshold days limit not matched!"},"status":"0"}}
status code :200
response body :{"response":{"data":{"message":"Convert as booking threshold days limit not matched!"},"status":"0"}}
status code :200
response body :{"response":{"data":{"message":"Convert as booking threshold days limit not matched!"},"status":"0"}}
status code :200
response body :{"response":{"data":{"message":"Convert as booking threshold days limit not matched!"},"status":"0"}}
status code :200
response body :{"response":{"data":{"message":"Convert as booking threshold days limit not matched!"},"status":"0"}}
status code :200
response body :{"response":{"data":{"message":"Convert as booking threshold days limit not matched!"},"status":"0"}}
status code :200
response body :{"response":{"data":{"message":"Convert as booking threshold days limit not matched!"},"status":"0"}}
status code :200
response body :{"response":{"data":{"message":"Convert as booking threshold days limit not matched!"},"status":"0"}}
status code :200
response body :{"response":{"data":{"message":"Convert as booking threshold days limit not matched!"},"status":"0"}}
Page :1 Clicked
All head Pickup ID Size : 96
All head Pickup ID Size : [1BLR418,000.00, 1BLR431,150.00, 1BLR440,000.00, 1MAA815,000.00, 1IXRU18,000.00, 1CCUY36,750.00, 1DELU51,000.00, 1LKUX31,000.00, 1CCUY17,809.00, 1EKA14,019.50, 1MJAX6,750.00, 1DEL230,500.00, 1MAA420,000.00, 1GAUZ40,000.00, 1SPNC23,000.00, 1SPNC18,750.00, 1UCCU15,250.00, 1DELU7,000.00, 1DELU6,250.00, 1UCCU14,250.00, 1UCCU17,000.00, 1SBOB24,250.00, 1BLR450,500.01, 1MAA822,750.00, 1BLR420,000.00, 1BLR440,000.00, 1MAA846,900.00, 1MAA840,075.00, 1CCU131,000.01, 1CCUY36,000.01, 1DEL215,250.00, 1IPCF6,000.00, 1LKUX30,000.00, 1MAA819,575.00, 1CCUY17,809.00, 1BLR748,809.38, 1SJAC6,421.89, 1LKO18,000.00, 1LKOO8,450.00, 1GAUZ40,000.00, 1SPNC14,500.00, 1LUHX6,000.00, 1SPNC24,000.00, 1SBOB29,999.99, 1UCCU14,750.00, 1DELU7,000.00, 1CJB15,830.00, 1MAA451,000.00, 1UCCU13,250.00, 1SBOB31,000.00, 1SBOB30,000.00, 1UCCU17,000.00, 1MBOX3,263.22, 1PUNY6,421.89, 1HSCK27,599.45, 1MAA817,000.00, 1MAA840,075.00, 1MAA88,000.00, 1BLR448,999.99, 1BLR419,499.99, 1CCU153,550.00, 1CCUY36,500.00, 1DELU55,750.00, 1MAA820,250.00, 1CCUY17,809.00, 1SPNC14,750.00, 1SBOB29,999.99, 1SPNC14,500.00, 1UCCU14,750.00, 1DELU6,750.00, 1UCCU13,250.00, 1UCCU17,250.00, 1BLR450,500.01, 1SBOB37,000.00, 1PUNY6,158.67, 1DEL210,000.00, 1DEL219,000.00, 1HSCK23,250.00, 1DEL215,250.00, 1HSCM29,999.99, 1SPNA3,000.00, 1DEL214,750.00, 1HSCK27,599.45, 1DEL216,750.00, 1DEL215,000.00, 1HSCK24,000.00, 1DEL215,000.00, 1HSCK27,599.45, 1HSCK27,599.45, 1HSCK24,000.00, 1SPNA3,000.00, 1HSCM29,999.99, 1HSCK24,000.00, 1HSCK27,599.45, 1HSCK27,599.45, 1SPNA3,263.22]
Pickup Id Size : 96
Pickup Id Size : [1BLR418,000.00, 1BLR431,150.00, 1BLR440,000.00, 1MAA815,000.00, 1IXRU18,000.00, 1CCUY36,750.00, 1DELU51,000.00, 1LKUX31,000.00, 1CCUY17,809.00, 1EKA14,019.50, 1MJAX6,750.00, 1DEL230,500.00, 1MAA420,000.00, 1GAUZ40,000.00, 1SPNC23,000.00, 1SPNC18,750.00, 1UCCU15,250.00, 1DELU7,000.00, 1DELU6,250.00, 1UCCU14,250.00, 1UCCU17,000.00, 1SBOB24,250.00, 1BLR450,500.01, 1MAA822,750.00, 1BLR420,000.00, 1BLR440,000.00, 1MAA846,900.00, 1MAA840,075.00, 1CCU131,000.01, 1CCUY36,000.01, 1DEL215,250.00, 1IPCF6,000.00, 1LKUX30,000.00, 1MAA819,575.00, 1CCUY17,809.00, 1BLR748,809.38, 1SJAC6,421.89, 1LKO18,000.00, 1LKOO8,450.00, 1GAUZ40,000.00, 1SPNC14,500.00, 1LUHX6,000.00, 1SPNC24,000.00, 1SBOB29,999.99, 1UCCU14,750.00, 1DELU7,000.00, 1CJB15,830.00, 1MAA451,000.00, 1UCCU13,250.00, 1SBOB31,000.00, 1SBOB30,000.00, 1UCCU17,000.00, 1MBOX3,263.22, 1PUNY6,421.89, 1HSCK27,599.45, 1MAA817,000.00, 1MAA840,075.00, 1MAA88,000.00, 1BLR448,999.99, 1BLR419,499.99, 1CCU153,550.00, 1CCUY36,500.00, 1DELU55,750.00, 1MAA820,250.00, 1CCUY17,809.00, 1SPNC14,750.00, 1SBOB29,999.99, 1SPNC14,500.00, 1UCCU14,750.00, 1DELU6,750.00, 1UCCU13,250.00, 1UCCU17,250.00, 1BLR450,500.01, 1SBOB37,000.00, 1PUNY6,158.67, 1DEL210,000.00, 1DEL219,000.00, 1HSCK23,250.00, 1DEL215,250.00, 1HSCM29,999.99, 1SPNA3,000.00, 1DEL214,750.00, 1HSCK27,599.45, 1DEL216,750.00, 1DEL215,000.00, 1HSCK24,000.00, 1DEL215,000.00, 1HSCK27,599.45, 1HSCK27,599.45, 1HSCK24,000.00, 1SPNA3,000.00, 1HSCM29,999.99, 1HSCK24,000.00, 1HSCK27,599.45, 1HSCK27,599.45, 1SPNA3,263.22]
Want to Click : []
Arrival pickup date Size : 96
Price all data Size : 96
Pickup Truck Size : 96
All TR ID Size : 96
Second Tr : [N/A, N/A, N/A, N/A, N/A, N/A, N/A, N/A, N/A, N/A, N/A, N/A, N/A, N/A, N/A, N/A, N/A, N/A, N/A, N/A, N/A, N/A, N/A, N/A, N/A, N/A, N/A, N/A, N/A, N/A, N/A, N/A, N/A, N/A, N/A, N/A, N/A, N/A, N/A, N/A, N/A, N/A, N/A, N/A, N/A, N/A, N/A, N/A, N/A, N/A, N/A, N/A, N/A, N/A, N/A, N/A, N/A, N/A, N/A, N/A, N/A, N/A, N/A, N/A, N/A, N/A, N/A, N/A, N/A, N/A, N/A, N/A, N/A, N/A, N/A, N/A, N/A, N/A, N/A, N/A, N/A, N/A, N/A, N/A, N/A, N/A, N/A, N/A, N/A, N/A, N/A, N/A, N/A, N/A, N/A, N/A]
Second Tr Size : 96
{"pick_timestamp":"2022\/03\/02 20:00","customer_price":"18000.00","pic_address":[{"pic_address":"\nHitech, Defence and Aerospace Park, Devanahalli\nBengaluru,KARNATAKA 562149"}],"drop_address":[{"drop_address":"\nPlot no. 120 (X) and part portion of plot no. 119 (W2\nBavla,GUJARAT 382220"}],"length":"32' Truck","tr_number":["AA0D70"]}
{"pick_timestamp":"2022\/03\/02 20:00","customer_price":"31150.00","pic_address":[{"pic_address":"\nHitech, Defence and Aerospace Park, Devanahalli\nBengaluru,KARNATAKA 562149"}],"drop_address":[{"drop_address":"\nKh No 554 to 558,560 to 583,600 to 606\nBagru Rawan,N.H.8,Tehsil Sanganer\nBagru,RAJASTHAN 303007"}],"length":"32' Truck","tr_number":["11C5F9"]}
{"pick_timestamp":"2022\/03\/02 20:00","customer_price":"40000.00","pic_address":[{"pic_address":"\nHitech, Defence and Aerospace Park, Devanahalli\nBengaluru,KARNATAKA 562149"}],"drop_address":[{"drop_address":"\nKhasra numbers:444-P,445-P,459-P, 460-474,475-P,476-482\n483-P,491,492,493-P, Village Bhaukapur,Tehsil-Sarojini Nagar\nLucknow,UTTAR PRADESH 226401"}],"length":"32' Truck","tr_number":["359AEB"]}
{"pick_timestamp":"2022\/03\/02 20:00","customer_price":"15000.00","pic_address":[{"pic_address":"\nSy No: 77-2A3, S. Murugan Industrial and Logistics Parks LLP\nNear Magna Eng.College, Thamaraipakkam\nThiruvallur,TAMIL NADU 601103"}],"drop_address":[{"drop_address":"\nPlot no 12 P2, Bangalore Hardware Park KIADB\nIndustrial Park North\nBangalore,Karnataka 562149"}],"length":"32' Truck","tr_number":["683D8D"]}
{"pick_timestamp":"2022\/03\/02 21:30","customer_price":"18000.00","pic_address":[{"pic_address":"\nNear to Kalawati Hospital research center, shirodi, Namkum\nRanchi,JHARKHAND 834001"}],"drop_address":[{"drop_address":"\nManoj Kumar keshan Gattani industries Mouza. Satgharia JL n\nHowrah,WEST BENGAL 712306"}],"length":"32' Truck","tr_number":["6E8A74"]}
{"pick_timestamp":"2022\/03\/03 02:00","customer_price":"36750.00","pic_address":[{"pic_address":"\nPlot 33 and 34, Arrjavv Industrial Warehouse Park,\nDankuni,WEST BENGAL 712310"}],"drop_address":[{"drop_address":"\nLK spaces, Rajlaxmi textile Park,Pogaon\nBhiwandi\nMumbai,MAHARASHTRA 421302"}],"length":"32' Truck","tr_number":["9C3A4A"]}
{"pick_timestamp":"2022\/03\/03 03:00","customer_price":"51000.00","pic_address":[{"pic_address":"\nMustkil No:51,kila No:1,2,3 village Bhangrola tehsil\nGurugram,HARYANA 122001"}],"drop_address":[{"drop_address":"\nCWC,Jatni,Near Centurion University, At-Sandhapur, P.O.Jatni\nBhubaneshwar,ORISSA 751010"}],"length":"32' Truck","tr_number":["432B7A"]}
{"pick_timestamp":"2022\/03\/03 07:00","customer_price":"31000.00","pic_address":[{"pic_address":"\nAMAZON FC: LKO1, Village - Bhaukapur\nTehsil - Sarojini Nagar, Mohan Road\nLucknow,UTTAR PRADESH 226401"}],"drop_address":[{"drop_address":"\nPlot 33 and 34, Arrjavv Industrial Warehouse Park,\nDankuni,WEST BENGAL 712310"}],"length":"32' Truck","tr_number":["45639F"]}
{"pick_timestamp":"2022\/03\/03 09:00","customer_price":"17809.00","pic_address":[{"pic_address":"\nPlot 33 and 34, Arrjavv Industrial Warehouse Park,\nDankuni,WEST BENGAL 712310"}],"drop_address":[{"drop_address":"\nBuilding Nos. 1 and 2, Agsons Global Logistics Park, Agsons\nSonipat,HARYANA 131021"}],"length":"32' Truck","tr_number":["7B5FAC"]}
{"pick_timestamp":"2022\/03\/03 09:30","customer_price":"4019.50","pic_address":[{"pic_address":"\nAmazon Seller Service Pvt Ltd, Yusen Logistics India Pvt Ltd\nNo. 97,5 , Koralur Village, Thirumalashettihally Cross,\nBengaluru,KARNATAKA 560067"}],"drop_address":[{"drop_address":"\nBROADVIEW CONSTRUCTIONS AND HOLDINGS PVT LTD.\nSurvey No.153-1 153-2226-2,229-2,230-2\nCoimbatore,TAMIL NADU 641201"}],"length":"20' Truck","tr_number":["7A1FD5"]}
{"pick_timestamp":"2022\/03\/03 09:30","customer_price":"6750.00","pic_address":[{"pic_address":"\nAmazon Transportation Services Private Limited\nDTA-01-01A, Mahindra World City, Domestic Tariff Area Ph-II,\nJaipur,RAJASTHAN 302037"}],"drop_address":[{"drop_address":"\nBuilding Nos. 1 and 2, Agsons Global Logistics Park, Agsons\nSonipat,HARYANA 131021"}],"length":"32' Truck","tr_number":["C56FC7"]}
{"pick_timestamp":"2022\/03\/03 10:00","customer_price":"30500.00","pic_address":[{"pic_address":"\nGokaldas warehousing corporation, Village Taoru, Tehsil Taor\nGurgaon,HARYANA 122105"}],"drop_address":[{"drop_address":"\nGMR Airport City Survey No. 99\/1, Mamidipally Village\nShamshabad, Hyderabad,Telangana 500108"}],"length":"32' Truck","tr_number":["3E986C"]}
{"pick_timestamp":"2022\/03\/03 11:00","customer_price":"20000.00","pic_address":[{"pic_address":"\nNo. 1\/B, IndoSpace Logistics Park, Puduvoyal, Durainallur Vi\nPonneri,TAMIL NADU 601206"}],"drop_address":[{"drop_address":"\nGMR Airport City Survey No. 99\/1, Mamidipally Village\nShamshabad, Hyderabad,Telangana 500108"}],"length":"32' Truck","tr_number":["618BE6"]}
{"pick_timestamp":"2022\/03\/03 12:00","customer_price":"40000.00","pic_address":[{"pic_address":"\nMahindra Logistics Limited, Bhagya Kalita Complex,\nNear:Kahikuch Gram Panchayat,\nGuwahati,ASSAM 781132"}],"drop_address":[{"drop_address":"\nLandmark - Diakkawn Presbyterian Church,Diakkawm.\nKolasib,MIZORAM 796081"},{"drop_address":"\nBrigade Road, Bangkawn, MizoramMizoram\nAizawl,MIZORAM 796014"},{"drop_address":"\nC\/o Mr. Lalropuia,Edenthar, Sairang road\nAizawl,MIZORAM 796014"}],"length":"22' Truck","tr_number":["F68EB4"]}
{"pick_timestamp":"2022\/03\/03 12:00","customer_price":"23000.00","pic_address":[{"pic_address":"\nWadhu Chonde Warehouse,Vadu Village, Alandi Rd,Lonikand\nPune,MAHARASHTRA 412216"}],"drop_address":[{"drop_address":"\nPudur Village,Medchal Mandal,Hyderabad\nTurkapally,TELANGANA 501401"}],"length":"32' Truck","tr_number":["57FDEE"]}
{"pick_timestamp":"2022\/03\/03 12:00","customer_price":"18750.00","pic_address":[{"pic_address":"\nWadhu Chonde Warehouse,Vadu Village, Alandi Rd,Lonikand\nPune,MAHARASHTRA 412216"}],"drop_address":[{"drop_address":"\nPudur Village,Medchal Mandal,Hyderabad\nTurkapally,TELANGANA 501401"}],"length":"32' Truck","tr_number":["A9897C"]}
{"pick_timestamp":"2022\/03\/03 12:30","customer_price":"15250.00","pic_address":[{"pic_address":"\nBuilding No. CCU1, Mouza, Amraberia,\nJ.L. No.8, Khatia No. 422, Ulberia Dist. Howrah\nKolkata,WEST BENGAL 711315"}],"drop_address":[{"drop_address":"\nThana No-49 Khata No-139,142,143,144 Khasra No-1054,1079,108\nDist- Patna, Bihar 801109\nPatna,Bihar 801105"}],"length":"32' Truck","tr_number":["0ADDD7"]}
{"pick_timestamp":"2022\/03\/03 14:00","customer_price":"7000.00","pic_address":[{"pic_address":"\nMustkil No:51,kila No:1,2,3 village Bhangrola tehsil\nGurugram,HARYANA 122001"}],"drop_address":[{"drop_address":"\nVillage Dugri, (H.B.No. 220),Tehsil Payal District,\nLudhiana,PUNJAB 141113"}],"length":"32' Truck","tr_number":["DED96F"]}
{"pick_timestamp":"2022\/03\/03 14:00","customer_price":"6250.00","pic_address":[{"pic_address":"\nMustkil No:51,kila No:1,2,3 village Bhangrola tehsil\nGurugram,HARYANA 122001"}],"drop_address":[{"drop_address":"\nKhasra No. 511,512,518,519,520,522\nVillage Bajehra, Tehsil Hasanganj\nUnnao,UTTAR PRADESH 209801"}],"length":"24\u2019 Truck","tr_number":["D1C48F"]}
{"pick_timestamp":"2022\/03\/03 15:30","customer_price":"14250.00","pic_address":[{"pic_address":"\nBuilding No. CCU1, Mouza, Amraberia,\nJ.L. No.8, Khatia No. 422, Ulberia Dist. Howrah\nKolkata,WEST BENGAL 711315"}],"drop_address":[{"drop_address":"\nNear to Kalawati Hospital research center, shirodi, Namkum\nRanchi,JHARKHAND 834001"}],"length":"32' Truck","tr_number":["722F82"]}
{"pick_timestamp":"2022\/03\/03 17:00","customer_price":"17000.00","pic_address":[{"pic_address":"\nBuilding No. CCU1, Mouza, Amraberia,\nJ.L. No.8, Khatia No. 422, Ulberia Dist. Howrah\nKolkata,WEST BENGAL 711315"}],"drop_address":[{"drop_address":"\nCWC,Jatni,Near Centurion University, At-Sandhapur, P.O.Jatni\nBhubaneshwar,ORISSA 751010"}],"length":"32' Truck","tr_number":["4EC1D6"]}
{"pick_timestamp":"2022\/03\/03 17:00","customer_price":"24250.00","pic_address":[{"pic_address":"\nF-2,Survey No. 122\/7c,122\/2,122\/1,118\/1,118\/7,131,Ayushi Spa\nMumbai -Nashik Highway , Post- Padgha,\nBhiwandi,MAHARASHTRA 421101"}],"drop_address":[{"drop_address":"\nPudur Village,Medchal Mandal,Hyderabad\nTurkapally,TELANGANA 501401"}],"length":"32' Truck","tr_number":["8CC01D"]}
{"pick_timestamp":"2022\/03\/03 17:00","customer_price":"50500.01","pic_address":[{"pic_address":"\nHitech, Defence and Aerospace Park, Devanahalli\nBengaluru,KARNATAKA 562149"}],"drop_address":[{"drop_address":"\nBuilding No. CCU1, Mouza, Amraberia,\nJ.L. No.8, Khatia No. 422, Ulberia Dist. Howrah\nKolkata,WEST BENGAL 711315"}],"length":"32' Truck","tr_number":["255A77"]}
{"pick_timestamp":"2022\/03\/03 19:00","customer_price":"22750.00","pic_address":[{"pic_address":"\nSy No: 77-2A3, S. Murugan Industrial and Logistics Parks LLP\nNear Magna Eng.College, Thamaraipakkam\nThiruvallur,TAMIL NADU 601103"}],"drop_address":[{"drop_address":"\nBROADVIEW CONSTRUCTIONS AND HOLDINGS PVT LTD.\nSurvey No.153-1 153-2226-2,229-2,230-2\nCoimbatore,TAMIL NADU 641201"}],"length":"32' Truck","tr_number":["D541E3"]}
{"pick_timestamp":"2022\/03\/03 20:00","customer_price":"20000.00","pic_address":[{"pic_address":"\nHitech, Defence and Aerospace Park, Devanahalli\nBengaluru,KARNATAKA 562149"}],"drop_address":[{"drop_address":"\nPlot no. 120 (X) and part portion of plot no. 119 (W2\nBavla,GUJARAT 382220"}],"length":"32' Truck","tr_number":["F965FE"]}
{"pick_timestamp":"2022\/03\/03 20:00","customer_price":"40000.00","pic_address":[{"pic_address":"\nHitech, Defence and Aerospace Park, Devanahalli\nBengaluru,KARNATAKA 562149"}],"drop_address":[{"drop_address":"\nKhasra numbers:444-P,445-P,459-P, 460-474,475-P,476-482\n483-P,491,492,493-P, Village Bhaukapur,Tehsil-Sarojini Nagar\nLucknow,UTTAR PRADESH 226401"}],"length":"32' Truck","tr_number":["935078"]}
{"pick_timestamp":"2022\/03\/03 20:00","customer_price":"46900.00","pic_address":[{"pic_address":"\nSy No: 77-2A3, S. Murugan Industrial and Logistics Parks LLP\nNear Magna Eng.College, Thamaraipakkam\nThiruvallur,TAMIL NADU 601103"}],"drop_address":[{"drop_address":"\nGanesh Complex, Rani Hati Amta Road\nPanchla,WEST BENGAL 711322"}],"length":"32' Truck","tr_number":["56E47A"]}
{"pick_timestamp":"2022\/03\/03 20:00","customer_price":"40075.00","pic_address":[{"pic_address":"\nSy No: 77-2A3, S. Murugan Industrial and Logistics Parks LLP\nNear Magna Eng.College, Thamaraipakkam\nThiruvallur,TAMIL NADU 601103"}],"drop_address":[{"drop_address":"\nKhasra numbers:444-P,445-P,459-P, 460-474,475-P,476-482\n483-P,491,492,493-P, Village Bhaukapur,Tehsil-Sarojini Nagar\nLucknow,UTTAR PRADESH 226401"}],"length":"32' Truck","tr_number":["C4212D"]}
{"pick_timestamp":"2022\/03\/03 22:30","customer_price":"31000.01","pic_address":[{"pic_address":"\nBuilding No. CCU1, Mouza, Amraberia,\nJ.L. No.8, Khatia No. 422, Ulberia Dist. Howrah\nKolkata,WEST BENGAL 711315"}],"drop_address":[{"drop_address":"\nPlot no 12 P2, Bangalore Hardware Park KIADB\nIndustrial Park North\nBangalore,Karnataka 562149"}],"length":"32' Truck","tr_number":["90F754"]}
{"pick_timestamp":"2022\/03\/04 02:00","customer_price":"36000.01","pic_address":[{"pic_address":"\nPlot 33 and 34, Arrjavv Industrial Warehouse Park,\nDankuni,WEST BENGAL 712310"}],"drop_address":[{"drop_address":"\nLK spaces, Rajlaxmi textile Park,Pogaon\nBhiwandi\nMumbai,MAHARASHTRA 421302"}],"length":"32' Truck","tr_number":["13FF79"]}
{"pick_timestamp":"2022\/03\/04 06:00","customer_price":"15250.00","pic_address":[{"pic_address":"\nGokaldas warehousing corporation, Village Taoru, Tehsil Taor\nGurgaon,HARYANA 122105"}],"drop_address":[{"drop_address":"\nPlot no. 120 (X) and part portion of plot no. 119 (W2\nBavla,GUJARAT 382220"}],"length":"32' Truck","tr_number":["510429"]}
{"pick_timestamp":"2022\/03\/04 07:00","customer_price":"6000.00","pic_address":[{"pic_address":"\nLall Kalan, Behind Katani City, Near Meelon Bridge,\nLudhiana-Chandigarh Road, Village Katani Kalan,\nLudhiana,PUNJAB 141113"}],"drop_address":[{"drop_address":"\nC\/o M\/s SYNDICATE GODOWN CORPORATION\nKhasra no. 6\/19\/2, 20,21,22,23\/2, 24\/1\nManesar,HARYANA 123413"}],"length":"32' Truck","tr_number":["C9C719"]}
{"pick_timestamp":"2022\/03\/04 07:00","customer_price":"30000.00","pic_address":[{"pic_address":"\nAMAZON FC: LKO1, Village - Bhaukapur\nTehsil - Sarojini Nagar, Mohan Road\nLucknow,UTTAR PRADESH 226401"}],"drop_address":[{"drop_address":"\nPlot 33 and 34, Arrjavv Industrial Warehouse Park,\nDankuni,WEST BENGAL 712310"}],"length":"32' Truck","tr_number":["47C8A0"]}
{"pick_timestamp":"2022\/03\/04 08:00","customer_price":"19575.00","pic_address":[{"pic_address":"\nSy No: 77-2A3, S. Murugan Industrial and Logistics Parks LLP\nNear Magna Eng.College, Thamaraipakkam\nThiruvallur,TAMIL NADU 601103"}],"drop_address":[{"drop_address":"\nBuilding No. B01\nESR Pune Estates Pvt Ltd\nChakan,MAHARASHTRA 410501"}],"length":"32' Truck","tr_number":["B8E568"]}
{"pick_timestamp":"2022\/03\/04 09:00","customer_price":"17809.00","pic_address":[{"pic_address":"\nPlot 33 and 34, Arrjavv Industrial Warehouse Park,\nDankuni,WEST BENGAL 712310"}],"drop_address":[{"drop_address":"\nBuilding Nos. 1 and 2, Agsons Global Logistics Park, Agsons\nSonipat,HARYANA 131021"}],"length":"32' Truck","tr_number":["D71A59"]}
{"pick_timestamp":"2022\/03\/04 09:30","customer_price":"48809.38","pic_address":[{"pic_address":"\nKasaba Hobli Anekal Taluk\nBangalore,Karnataka 562107"}],"drop_address":[{"drop_address":"\n38\/8\/2, Adjacent to Starex School, Village Binola,Tehsil\nManesar Gurgaon,HARYANA 122413"}],"length":"32' Truck","tr_number":["021382"]}
{"pick_timestamp":"2022\/03\/04 10:00","customer_price":"6421.89","pic_address":[{"pic_address":"\nKh No 554 to 558,560 to 583,600 to 606\nBagru Rawan,N.H.8,Tehsil Sanganer\nBagru,RAJASTHAN 303007"}],"drop_address":[{"drop_address":"\nC\/o M\/s SYNDICATE GODOWN CORPORATION\nKhasra no. 6\/19\/2, 20,21,22,23\/2, 24\/1\nManesar,HARYANA 123413"}],"length":"32' Truck","tr_number":["54D8F5"]}
{"pick_timestamp":"2022\/03\/04 11:00","customer_price":"8000.00","pic_address":[{"pic_address":"\nKhasra numbers:444-P,445-P,459-P, 460-474,475-P,476-482\n483-P,491,492,493-P, Village Bhaukapur,Tehsil-Sarojini Nagar\nLucknow,UTTAR PRADESH 226401"}],"drop_address":[{"drop_address":"\nC\/o M\/s SYNDICATE GODOWN CORPORATION\nKhasra no. 6\/19\/2, 20,21,22,23\/2, 24\/1\nManesar,HARYANA 123413"}],"length":"32' Truck","tr_number":["6261B4"]}
{"pick_timestamp":"2022\/03\/04 11:00","customer_price":"8450.00","pic_address":[{"pic_address":"\nKhasra No. 511,512,518,519,520,522\nVillage Bajehra, Tehsil Hasanganj\nUnnao,UTTAR PRADESH 209801"}],"drop_address":[{"drop_address":"\nBuilding Nos. 1 and 2, Agsons Global Logistics Park, Agsons\nSonipat,HARYANA 131021"}],"length":"32' Truck","tr_number":["E5A581"]}
{"pick_timestamp":"2022\/03\/04 12:00","customer_price":"40000.00","pic_address":[{"pic_address":"\nMahindra Logistics Limited, Bhagya Kalita Complex,\nNear:Kahikuch Gram Panchayat,\nGuwahati,ASSAM 781132"}],"drop_address":[{"drop_address":"\nLandmark - Diakkawn Presbyterian Church,Diakkawm.\nKolasib,MIZORAM 796081"},{"drop_address":"\nBrigade Road, Bangkawn, MizoramMizoram\nAizawl,MIZORAM 796014"},{"drop_address":"\nC\/o Mr. Lalropuia,Edenthar, Sairang road\nAizawl,MIZORAM 796014"}],"length":"22' Truck","tr_number":["E44BE9"]}
{"pick_timestamp":"2022\/03\/04 12:00","customer_price":"14500.00","pic_address":[{"pic_address":"\nWadhu Chonde Warehouse,Vadu Village, Alandi Rd,Lonikand\nPune,MAHARASHTRA 412216"}],"drop_address":[{"drop_address":"\nPudur Village,Medchal Mandal,Hyderabad\nTurkapally,TELANGANA 501401"}],"length":"32' Truck","tr_number":["065472"]}
{"pick_timestamp":"2022\/03\/04 12:00","customer_price":"6000.00","pic_address":[{"pic_address":"\nVillage Dugri, (H.B.No. 220),Tehsil Payal District,\nLudhiana,PUNJAB 141113"}],"drop_address":[{"drop_address":"\nC\/o M\/s SYNDICATE GODOWN CORPORATION\nKhasra no. 6\/19\/2, 20,21,22,23\/2, 24\/1\nManesar,HARYANA 123413"}],"length":"32' Truck","tr_number":["389525"]}
{"pick_timestamp":"2022\/03\/04 12:00","customer_price":"24000.00","pic_address":[{"pic_address":"\nWadhu Chonde Warehouse,Vadu Village, Alandi Rd,Lonikand\nPune,MAHARASHTRA 412216"}],"drop_address":[{"drop_address":"\nPudur Village,Medchal Mandal,Hyderabad\nTurkapally,TELANGANA 501401"}],"length":"32' Truck","tr_number":["BEC75F"]}
{"pick_timestamp":"2022\/03\/04 12:00","customer_price":"29999.99","pic_address":[{"pic_address":"\nF-2,Survey No. 122\/7c,122\/2,122\/1,118\/1,118\/7,131,Ayushi Spa\nMumbai -Nashik Highway , Post- Padgha,\nBhiwandi,MAHARASHTRA 421101"}],"drop_address":[{"drop_address":"\nMalur Whitefield Rd, Madanahalli\nMalur Industrial Area,KARNATAKA 563160"}],"length":"32' Truck","tr_number":["57BF30"]}
{"pick_timestamp":"2022\/03\/04 12:30","customer_price":"14750.00","pic_address":[{"pic_address":"\nBuilding No. CCU1, Mouza, Amraberia,\nJ.L. No.8, Khatia No. 422, Ulberia Dist. Howrah\nKolkata,WEST BENGAL 711315"}],"drop_address":[{"drop_address":"\nThana No-49 Khata No-139,142,143,144 Khasra No-1054,1079,108\nDist- Patna, Bihar 801109\nPatna,Bihar 801105"}],"length":"32' Truck","tr_number":["EDC8E9"]}
{"pick_timestamp":"2022\/03\/04 14:00","customer_price":"7000.00","pic_address":[{"pic_address":"\nMustkil No:51,kila No:1,2,3 village Bhangrola tehsil\nGurugram,HARYANA 122001"}],"drop_address":[{"drop_address":"\nVillage Dugri, (H.B.No. 220),Tehsil Payal District,\nLudhiana,PUNJAB 141113"}],"length":"32' Truck","tr_number":["2BBA5E"]}
{"pick_timestamp":"2022\/03\/04 15:00","customer_price":"5830.00","pic_address":[{"pic_address":"\nBROADVIEW CONSTRUCTIONS AND HOLDINGS PVT LTD.\nSurvey No.153-1 153-2226-2,229-2,230-2\nCoimbatore,TAMIL NADU 641201"}],"drop_address":[{"drop_address":"\nNo. 1\/B, IndoSpace Logistics Park, Puduvoyal, Durainallur Vi\nPonneri,TAMIL NADU 601206"}],"length":"32' Truck","tr_number":["8DF95C"]}
{"pick_timestamp":"2022\/03\/04 15:00","customer_price":"51000.00","pic_address":[{"pic_address":"\nNo. 1\/B, IndoSpace Logistics Park, Puduvoyal, Durainallur Vi\nPonneri,TAMIL NADU 601206"}],"drop_address":[{"drop_address":"\nBuilding No. CCU1, Mouza, Amraberia,\nJ.L. No.8, Khatia No. 422, Ulberia Dist. Howrah\nKolkata,WEST BENGAL 711315"}],"length":"32' Truck","tr_number":["B9579A"]}
{"pick_timestamp":"2022\/03\/04 15:30","customer_price":"13250.00","pic_address":[{"pic_address":"\nBuilding No. CCU1, Mouza, Amraberia,\nJ.L. No.8, Khatia No. 422, Ulberia Dist. Howrah\nKolkata,WEST BENGAL 711315"}],"drop_address":[{"drop_address":"\nNear to Kalawati Hospital research center, shirodi, Namkum\nRanchi,JHARKHAND 834001"}],"length":"32' Truck","tr_number":["8D9983"]}
{"pick_timestamp":"2022\/03\/04 17:00","customer_price":"31000.00","pic_address":[{"pic_address":"\nF-2,Survey No. 122\/7c,122\/2,122\/1,118\/1,118\/7,131,Ayushi Spa\nMumbai -Nashik Highway , Post- Padgha,\nBhiwandi,MAHARASHTRA 421101"}],"drop_address":[{"drop_address":"\nPudur Village,Medchal Mandal,Hyderabad\nTurkapally,TELANGANA 501401"}],"length":"32' Truck","tr_number":["F75991"]}
{"pick_timestamp":"2022\/03\/04 17:00","customer_price":"30000.00","pic_address":[{"pic_address":"\nF-2,Survey No. 122\/7c,122\/2,122\/1,118\/1,118\/7,131,Ayushi Spa\nMumbai -Nashik Highway , Post- Padgha,\nBhiwandi,MAHARASHTRA 421101"}],"drop_address":[{"drop_address":"\nFarrukhnagar Logistic Park LLP,Farrukhnagar\nGurugram,HARYANA 122001"}],"length":"32' Truck","tr_number":["4383FF"]}
{"pick_timestamp":"2022\/03\/04 17:00","customer_price":"17000.00","pic_address":[{"pic_address":"\nBuilding No. CCU1, Mouza, Amraberia,\nJ.L. No.8, Khatia No. 422, Ulberia Dist. Howrah\nKolkata,WEST BENGAL 711315"}],"drop_address":[{"drop_address":"\nCWC,Jatni,Near Centurion University, At-Sandhapur, P.O.Jatni\nBhubaneshwar,ORISSA 751010"}],"length":"32' Truck","tr_number":["261C5D"]}
{"pick_timestamp":"2022\/03\/04 18:00","customer_price":"3263.22","pic_address":[{"pic_address":"\nLK spaces, Rajlaxmi textile Park,Pogaon\nBhiwandi\nMumbai,MAHARASHTRA 421302"}],"drop_address":[{"drop_address":"\nPlot No1,MIDC CWC Telco Road, Pimpri Pune, PCMC Ward Non 21\nPimpri Chinchwad,MAHARASHTRA 411018"}],"length":"32' HQ Truck","tr_number":["85F12C"]}
{"pick_timestamp":"2022\/03\/04 18:45","customer_price":"6421.89","pic_address":[{"pic_address":"\nBuilding No. B01, ESR Pune Estates Pvt Ltd\nVillage Ambethan, Tal: Khed\nPune,MAHARASHTRA 410501"}],"drop_address":[{"drop_address":"\nLK spaces, Rajlaxmi textile Park,Pogaon\nBhiwandi\nMumbai,MAHARASHTRA 421302"}],"length":"32' HQ Truck","tr_number":["51C0BC"]}
{"pick_timestamp":"2022\/03\/04 19:00","customer_price":"27599.45","pic_address":[{"pic_address":"\nAmta Industrial Park, Amta\nMouza, Majukhetra\nKolkata,WEST BENGAL 711401"}],"drop_address":[{"drop_address":"\nAmta Industrial Park\nAmta,WEST BENGAL 711401"},{"drop_address":"\nNear Amazon\/TCI Express W\/h\nVillage - Kanchanbari, PO -Fulbari Hat\nJalpaiguri,West Bengal 734015"}],"length":"20' Truck","tr_number":["BEBA14"]}
{"pick_timestamp":"2022\/03\/04 19:00","customer_price":"17000.00","pic_address":[{"pic_address":"\nSy No: 77-2A3, S. Murugan Industrial and Logistics Parks LLP\nNear Magna Eng.College, Thamaraipakkam\nThiruvallur,TAMIL NADU 601103"}],"drop_address":[{"drop_address":"\nBROADVIEW CONSTRUCTIONS AND HOLDINGS PVT LTD.\nSurvey No.153-1 153-2226-2,229-2,230-2\nCoimbatore,TAMIL NADU 641201"}],"length":"32' Truck","tr_number":["5D71CC"]}
{"pick_timestamp":"2022\/03\/04 20:00","customer_price":"40075.00","pic_address":[{"pic_address":"\nSy No: 77-2A3, S. Murugan Industrial and Logistics Parks LLP\nNear Magna Eng.College, Thamaraipakkam\nThiruvallur,TAMIL NADU 601103"}],"drop_address":[{"drop_address":"\nKhasra numbers:444-P,445-P,459-P, 460-474,475-P,476-482\n483-P,491,492,493-P, Village Bhaukapur,Tehsil-Sarojini Nagar\nLucknow,UTTAR PRADESH 226401"}],"length":"32' Truck","tr_number":["356E29"]}
{"pick_timestamp":"2022\/03\/04 20:00","customer_price":"8000.00","pic_address":[{"pic_address":"\nSy No: 77-2A3, S. Murugan Industrial and Logistics Parks LLP\nNear Magna Eng.College, Thamaraipakkam\nThiruvallur,TAMIL NADU 601103"}],"drop_address":[{"drop_address":"\nPlot no 12 P2, Bangalore Hardware Park KIADB\nIndustrial Park North\nBangalore,Karnataka 562149"}],"length":"32' Truck","tr_number":["FC6924"]}
{"pick_timestamp":"2022\/03\/04 20:00","customer_price":"48999.99","pic_address":[{"pic_address":"\nHitech, Defence and Aerospace Park, Devanahalli\nBengaluru,KARNATAKA 562149"}],"drop_address":[{"drop_address":"\nKhasra numbers:444-P,445-P,459-P, 460-474,475-P,476-482\n483-P,491,492,493-P, Village Bhaukapur,Tehsil-Sarojini Nagar\nLucknow,UTTAR PRADESH 226401"}],"length":"32' Truck","tr_number":["0680B1"]}
{"pick_timestamp":"2022\/03\/04 20:00","customer_price":"19499.99","pic_address":[{"pic_address":"\nHitech, Defence and Aerospace Park, Devanahalli\nBengaluru,KARNATAKA 562149"}],"drop_address":[{"drop_address":"\nPlot no. 120 (X) and part portion of plot no. 119 (W2\nBavla,GUJARAT 382220"}],"length":"32' Truck","tr_number":["AEE529"]}
{"pick_timestamp":"2022\/03\/04 22:30","customer_price":"53550.00","pic_address":[{"pic_address":"\nBuilding No. CCU1, Mouza, Amraberia,\nJ.L. No.8, Khatia No. 422, Ulberia Dist. Howrah\nKolkata,WEST BENGAL 711315"}],"drop_address":[{"drop_address":"\nM\/s Suburb Residency Private Limited\nDahali,ASSAM 781132"}],"length":"32' Truck","tr_number":["3D9B71"]}
{"pick_timestamp":"2022\/03\/05 02:00","customer_price":"36500.00","pic_address":[{"pic_address":"\nPlot 33 and 34, Arrjavv Industrial Warehouse Park,\nDankuni,WEST BENGAL 712310"}],"drop_address":[{"drop_address":"\nLK spaces, Rajlaxmi textile Park,Pogaon\nBhiwandi\nMumbai,MAHARASHTRA 421302"}],"length":"32' Truck","tr_number":["625A08"]}
{"pick_timestamp":"2022\/03\/05 03:00","customer_price":"55750.00","pic_address":[{"pic_address":"\nMustkil No:51,kila No:1,2,3 village Bhangrola tehsil\nGurugram,HARYANA 122001"}],"drop_address":[{"drop_address":"\nCWC,Jatni,Near Centurion University, At-Sandhapur, P.O.Jatni\nBhubaneshwar,ORISSA 751010"}],"length":"32' Truck","tr_number":["7A3BF0"]}
{"pick_timestamp":"2022\/03\/05 08:00","customer_price":"20250.00","pic_address":[{"pic_address":"\nSy No: 77-2A3, S. Murugan Industrial and Logistics Parks LLP\nNear Magna Eng.College, Thamaraipakkam\nThiruvallur,TAMIL NADU 601103"}],"drop_address":[{"drop_address":"\nBROADVIEW CONSTRUCTIONS AND HOLDINGS PVT LTD.\nSurvey No.153-1 153-2226-2,229-2,230-2\nCoimbatore,TAMIL NADU 641201"}],"length":"32' Truck","tr_number":["9FB3D1"]}
{"pick_timestamp":"2022\/03\/05 09:00","customer_price":"17809.00","pic_address":[{"pic_address":"\nPlot 33 and 34, Arrjavv Industrial Warehouse Park,\nDankuni,WEST BENGAL 712310"}],"drop_address":[{"drop_address":"\nBuilding Nos. 1 and 2, Agsons Global Logistics Park, Agsons\nSonipat,HARYANA 131021"}],"length":"32' Truck","tr_number":["E18112"]}
{"pick_timestamp":"2022\/03\/05 12:00","customer_price":"14750.00","pic_address":[{"pic_address":"\nWadhu Chonde Warehouse,Vadu Village, Alandi Rd,Lonikand\nPune,MAHARASHTRA 412216"}],"drop_address":[{"drop_address":"\nPudur Village,Medchal Mandal,Hyderabad\nTurkapally,TELANGANA 501401"}],"length":"32' Truck","tr_number":["2D1585"]}
{"pick_timestamp":"2022\/03\/05 12:00","customer_price":"29999.99","pic_address":[{"pic_address":"\nF-2,Survey No. 122\/7c,122\/2,122\/1,118\/1,118\/7,131,Ayushi Spa\nMumbai -Nashik Highway , Post- Padgha,\nBhiwandi,MAHARASHTRA 421101"}],"drop_address":[{"drop_address":"\nMalur Whitefield Rd, Madanahalli\nMalur Industrial Area,KARNATAKA 563160"}],"length":"32' Truck","tr_number":["263F8C"]}
{"pick_timestamp":"2022\/03\/05 12:00","customer_price":"14500.00","pic_address":[{"pic_address":"\nWadhu Chonde Warehouse,Vadu Village, Alandi Rd,Lonikand\nPune,MAHARASHTRA 412216"}],"drop_address":[{"drop_address":"\nPudur Village,Medchal Mandal,Hyderabad\nTurkapally,TELANGANA 501401"}],"length":"32' Truck","tr_number":["623C92"]}
{"pick_timestamp":"2022\/03\/05 12:30","customer_price":"14750.00","pic_address":[{"pic_address":"\nBuilding No. CCU1, Mouza, Amraberia,\nJ.L. No.8, Khatia No. 422, Ulberia Dist. Howrah\nKolkata,WEST BENGAL 711315"}],"drop_address":[{"drop_address":"\nThana No-49 Khata No-139,142,143,144 Khasra No-1054,1079,108\nDist- Patna, Bihar 801109\nPatna,Bihar 801105"}],"length":"32' Truck","tr_number":["41E269"]}
{"pick_timestamp":"2022\/03\/05 14:00","customer_price":"6750.00","pic_address":[{"pic_address":"\nMustkil No:51,kila No:1,2,3 village Bhangrola tehsil\nGurugram,HARYANA 122001"}],"drop_address":[{"drop_address":"\nVillage Dugri, (H.B.No. 220),Tehsil Payal District,\nLudhiana,PUNJAB 141113"}],"length":"32' Truck","tr_number":["CD4E23"]}
{"pick_timestamp":"2022\/03\/05 15:30","customer_price":"13250.00","pic_address":[{"pic_address":"\nBuilding No. CCU1, Mouza, Amraberia,\nJ.L. No.8, Khatia No. 422, Ulberia Dist. Howrah\nKolkata,WEST BENGAL 711315"}],"drop_address":[{"drop_address":"\nNear to Kalawati Hospital research center, shirodi, Namkum\nRanchi,JHARKHAND 834001"}],"length":"32' Truck","tr_number":["1B0B50"]}
{"pick_timestamp":"2022\/03\/05 17:00","customer_price":"17250.00","pic_address":[{"pic_address":"\nBuilding No. CCU1, Mouza, Amraberia,\nJ.L. No.8, Khatia No. 422, Ulberia Dist. Howrah\nKolkata,WEST BENGAL 711315"}],"drop_address":[{"drop_address":"\nCWC,Jatni,Near Centurion University, At-Sandhapur, P.O.Jatni\nBhubaneshwar,ORISSA 751010"}],"length":"32' Truck","tr_number":["DDA0D2"]}
{"pick_timestamp":"2022\/03\/05 17:00","customer_price":"50500.01","pic_address":[{"pic_address":"\nHitech, Defence and Aerospace Park, Devanahalli\nBengaluru,KARNATAKA 562149"}],"drop_address":[{"drop_address":"\nBuilding No. CCU1, Mouza, Amraberia,\nJ.L. No.8, Khatia No. 422, Ulberia Dist. Howrah\nKolkata,WEST BENGAL 711315"}],"length":"32' Truck","tr_number":["1F82CF"]}
{"pick_timestamp":"2022\/03\/05 17:00","customer_price":"37000.00","pic_address":[{"pic_address":"\nF-2,Survey No. 122\/7c,122\/2,122\/1,118\/1,118\/7,131,Ayushi Spa\nMumbai -Nashik Highway , Post- Padgha,\nBhiwandi,MAHARASHTRA 421101"}],"drop_address":[{"drop_address":"\nPudur Village,Medchal Mandal,Hyderabad\nTurkapally,TELANGANA 501401"}],"length":"32' Truck","tr_number":["9119EA"]}
{"pick_timestamp":"2022\/03\/05 18:45","customer_price":"6158.67","pic_address":[{"pic_address":"\nBuilding No. B01, ESR Pune Estates Pvt Ltd\nVillage Ambethan, Tal: Khed\nPune,MAHARASHTRA 410501"}],"drop_address":[{"drop_address":"\nLK spaces, Rajlaxmi textile Park,Pogaon\nBhiwandi\nMumbai,MAHARASHTRA 421302"}],"length":"32' HQ Truck","tr_number":["947683"]}
{"pick_timestamp":"2022\/03\/06 16:00","customer_price":"10000.00","pic_address":[{"pic_address":"\nGokaldas warehousing corporation, Village Taoru, Tehsil Taor\nGurgaon,HARYANA 122105"}],"drop_address":[{"drop_address":"\nKhasra numbers:444-P,445-P,459-P, 460-474,475-P,476-482\n483-P,491,492,493-P, Village Bhaukapur,Tehsil-Sarojini Nagar\nLucknow,UTTAR PRADESH 226401"}],"length":"32' Truck","tr_number":["2500A8"]}
{"pick_timestamp":"2022\/03\/07 06:00","customer_price":"19000.00","pic_address":[{"pic_address":"\nGokaldas warehousing corporation, Village Taoru, Tehsil Taor\nGurgaon,HARYANA 122105"}],"drop_address":[{"drop_address":"\nPlot no. 120 (X) and part portion of plot no. 119 (W2\nBavla,GUJARAT 382220"}],"length":"32' Truck","tr_number":["F6E693"]}
{"pick_timestamp":"2022\/03\/07 19:00","customer_price":"23250.00","pic_address":[{"pic_address":"\nAmta Industrial Park, Amta\nMouza, Majukhetra\nKolkata,WEST BENGAL 711401"}],"drop_address":[{"drop_address":"\nAmta Industrial Park\nAmta,WEST BENGAL 711401"},{"drop_address":"\nNear Amazon\/TCI Express W\/h\nVillage - Kanchanbari, PO -Fulbari Hat\nJalpaiguri,West Bengal 734015"}],"length":"20' Truck","tr_number":["D9301D"]}
{"pick_timestamp":"2022\/03\/08 16:00","customer_price":"15250.00","pic_address":[{"pic_address":"\nGokaldas warehousing corporation, Village Taoru, Tehsil Taor\nGurgaon,HARYANA 122105"}],"drop_address":[{"drop_address":"\nKhasra numbers:444-P,445-P,459-P, 460-474,475-P,476-482\n483-P,491,492,493-P, Village Bhaukapur,Tehsil-Sarojini Nagar\nLucknow,UTTAR PRADESH 226401"}],"length":"32' Truck","tr_number":["FCD3B1"]}
{"pick_timestamp":"2022\/03\/09 18:00","customer_price":"29999.99","pic_address":[{"pic_address":"\nWarehouse C F, Sai Dham Logistics Park\nVillage Dohale, Post Padgha, Taluka Bhiwandi\nPadagha,MAHARASHTRA 421101"}],"drop_address":[{"drop_address":"\nMahindra Logistics, Shop No 1,2 and 3\nopp Ganesh Nagar, Piplaj Pirana Road\nAhmedabad,GUJARAT 382405"},{"drop_address":"\n24byA, Jhotwara Industrial Area\nAnand Chowk, Near Lafarge\nJaipur,RAJASTHAN 302012"}],"length":"20' Truck","tr_number":["ED74C4"]}
{"pick_timestamp":"2022\/03\/10 11:00","customer_price":"3000.00","pic_address":[{"pic_address":"\nBearing No.5 IndoSpace Industrial Park Chakan-II,Taluka-Khed\nPune,MAHARASHTRA 410501"}],"drop_address":[{"drop_address":"\nno5 BGR Logistics park Near Shiv Sagar Hotel , Village Vahul\nBhiwandi,MAHARASHTRA 421302"}],"length":"20' Truck","tr_number":["5F80DD"]}
{"pick_timestamp":"2022\/03\/11 06:00","customer_price":"14750.00","pic_address":[{"pic_address":"\nGokaldas warehousing corporation, Village Taoru, Tehsil Taor\nGurgaon,HARYANA 122105"}],"drop_address":[{"drop_address":"\nPlot no. 120 (X) and part portion of plot no. 119 (W2\nBavla,GUJARAT 382220"}],"length":"32' Truck","tr_number":["AD7B34"]}
{"pick_timestamp":"2022\/03\/11 19:00","customer_price":"27599.45","pic_address":[{"pic_address":"\nAmta Industrial Park, Amta\nMouza, Majukhetra\nKolkata,WEST BENGAL 711401"}],"drop_address":[{"drop_address":"\nAmta Industrial Park\nAmta,WEST BENGAL 711401"},{"drop_address":"\nNear Amazon\/TCI Express W\/h\nVillage - Kanchanbari, PO -Fulbari Hat\nJalpaiguri,West Bengal 734015"}],"length":"20' Truck","tr_number":["BBC899"]}
{"pick_timestamp":"2022\/03\/13 16:00","customer_price":"16750.00","pic_address":[{"pic_address":"\nGokaldas warehousing corporation, Village Taoru, Tehsil Taor\nGurgaon,HARYANA 122105"}],"drop_address":[{"drop_address":"\nKhasra numbers:444-P,445-P,459-P, 460-474,475-P,476-482\n483-P,491,492,493-P, Village Bhaukapur,Tehsil-Sarojini Nagar\nLucknow,UTTAR PRADESH 226401"}],"length":"32' Truck","tr_number":["6DB944"]}
{"pick_timestamp":"2022\/03\/14 06:00","customer_price":"15000.00","pic_address":[{"pic_address":"\nGokaldas warehousing corporation, Village Taoru, Tehsil Taor\nGurgaon,HARYANA 122105"}],"drop_address":[{"drop_address":"\nPlot no. 120 (X) and part portion of plot no. 119 (W2\nBavla,GUJARAT 382220"}],"length":"32' Truck","tr_number":["160B0E"]}
{"pick_timestamp":"2022\/03\/14 19:00","customer_price":"24000.00","pic_address":[{"pic_address":"\nAmta Industrial Park, Amta\nMouza, Majukhetra\nKolkata,WEST BENGAL 711401"}],"drop_address":[{"drop_address":"\nAmta Industrial Park\nAmta,WEST BENGAL 711401"},{"drop_address":"\nNear Amazon\/TCI Express W\/h\nVillage - Kanchanbari, PO -Fulbari Hat\nJalpaiguri,West Bengal 734015"}],"length":"20' Truck","tr_number":["F09D2F"]}
{"pick_timestamp":"2022\/03\/16 06:00","customer_price":"15000.00","pic_address":[{"pic_address":"\nGokaldas warehousing corporation, Village Taoru, Tehsil Taor\nGurgaon,HARYANA 122105"}],"drop_address":[{"drop_address":"\nPlot no. 120 (X) and part portion of plot no. 119 (W2\nBavla,GUJARAT 382220"}],"length":"32' Truck","tr_number":["725DA7"]}
{"pick_timestamp":"2022\/03\/18 19:00","customer_price":"27599.45","pic_address":[{"pic_address":"\nAmta Industrial Park, Amta\nMouza, Majukhetra\nKolkata,WEST BENGAL 711401"}],"drop_address":[{"drop_address":"\nAmta Industrial Park\nAmta,WEST BENGAL 711401"},{"drop_address":"\nNear Amazon\/TCI Express W\/h\nVillage - Kanchanbari, PO -Fulbari Hat\nJalpaiguri,West Bengal 734015"}],"length":"20' Truck","tr_number":["7C38C6"]}
{"pick_timestamp":"2022\/03\/21 19:00","customer_price":"27599.45","pic_address":[{"pic_address":"\nAmta Industrial Park, Amta\nMouza, Majukhetra\nKolkata,WEST BENGAL 711401"}],"drop_address":[{"drop_address":"\nAmta Industrial Park\nAmta,WEST BENGAL 711401"},{"drop_address":"\nNear Amazon\/TCI Express W\/h\nVillage - Kanchanbari, PO -Fulbari Hat\nJalpaiguri,West Bengal 734015"}],"length":"20' Truck","tr_number":["E329A3"]}
{"pick_timestamp":"2022\/03\/23 19:00","customer_price":"24000.00","pic_address":[{"pic_address":"\nAmta Industrial Park, Amta\nMouza, Majukhetra\nKolkata,WEST BENGAL 711401"}],"drop_address":[{"drop_address":"\nAmta Industrial Park\nAmta,WEST BENGAL 711401"},{"drop_address":"\nNear Amazon\/TCI Express W\/h\nVillage - Kanchanbari, PO -Fulbari Hat\nJalpaiguri,West Bengal 734015"}],"length":"20' Truck","tr_number":["3E961D"]}
{"pick_timestamp":"2022\/03\/24 11:00","customer_price":"3000.00","pic_address":[{"pic_address":"\nBearing No.5 IndoSpace Industrial Park Chakan-II,Taluka-Khed\nPune,MAHARASHTRA 410501"}],"drop_address":[{"drop_address":"\nno5 BGR Logistics park Near Shiv Sagar Hotel , Village Vahul\nBhiwandi,MAHARASHTRA 421302"}],"length":"20' Truck","tr_number":["668701"]}
{"pick_timestamp":"2022\/03\/25 18:00","customer_price":"29999.99","pic_address":[{"pic_address":"\nWarehouse C F, Sai Dham Logistics Park\nVillage Dohale, Post Padgha, Taluka Bhiwandi\nPadagha,MAHARASHTRA 421101"}],"drop_address":[{"drop_address":"\nMahindra Logistics, Shop No 1,2 and 3\nopp Ganesh Nagar, Piplaj Pirana Road\nAhmedabad,GUJARAT 382405"},{"drop_address":"\n24byA, Jhotwara Industrial Area\nAnand Chowk, Near Lafarge\nJaipur,RAJASTHAN 302012"}],"length":"20' Truck","tr_number":["7A6C3A"]}
{"pick_timestamp":"2022\/03\/25 19:00","customer_price":"24000.00","pic_address":[{"pic_address":"\nAmta Industrial Park, Amta\nMouza, Majukhetra\nKolkata,WEST BENGAL 711401"}],"drop_address":[{"drop_address":"\nAmta Industrial Park\nAmta,WEST BENGAL 711401"},{"drop_address":"\nNear Amazon\/TCI Express W\/h\nVillage - Kanchanbari, PO -Fulbari Hat\nJalpaiguri,West Bengal 734015"}],"length":"20' Truck","tr_number":["EAB1F3"]}
{"pick_timestamp":"2022\/03\/28 19:00","customer_price":"27599.45","pic_address":[{"pic_address":"\nAmta Industrial Park, Amta\nMouza, Majukhetra\nKolkata,WEST BENGAL 711401"}],"drop_address":[{"drop_address":"\nAmta Industrial Park\nAmta,WEST BENGAL 711401"},{"drop_address":"\nNear Amazon\/TCI Express W\/h\nVillage - Kanchanbari, PO -Fulbari Hat\nJalpaiguri,West Bengal 734015"}],"length":"20' Truck","tr_number":["63C48D"]}
{"pick_timestamp":"2022\/03\/30 19:00","customer_price":"27599.45","pic_address":[{"pic_address":"\nAmta Industrial Park, Amta\nMouza, Majukhetra\nKolkata,WEST BENGAL 711401"}],"drop_address":[{"drop_address":"\nAmta Industrial Park\nAmta,WEST BENGAL 711401"},{"drop_address":"\nNear Amazon\/TCI Express W\/h\nVillage - Kanchanbari, PO -Fulbari Hat\nJalpaiguri,West Bengal 734015"}],"length":"20' Truck","tr_number":["422FF4"]}
{"pick_timestamp":"2022\/03\/31 11:00","customer_price":"3263.22","pic_address":[{"pic_address":"\nBearing No.5 IndoSpace Industrial Park Chakan-II,Taluka-Khed\nPune,MAHARASHTRA 410501"}],"drop_address":[{"drop_address":"\nno5 BGR Logistics park Near Shiv Sagar Hotel , Village Vahul\nBhiwandi,MAHARASHTRA 421302"}],"length":"20' Truck","tr_number":["56C688"]}
Json all Data Size : 96
status code :200
response body :{"response":{"data":{"message":"Convert as booking threshold days limit not matched!"},"status":"0"}}
status code :200
response body :{"response":{"data":{"message":"Convert as booking threshold days limit not matched!"},"status":"0"}}
status code :200
response body :{"response":{"data":{"message":"Convert as booking threshold days limit not matched!"},"status":"0"}}
status code :200
response body :{"response":{"data":{"message":"Convert as booking threshold days limit not matched!"},"status":"0"}}
status code :200
response body :{"response":{"data":{"message":"Convert as booking threshold days limit not matched!"},"status":"0"}}
status code :200
response body :{"response":{"data":{"message":"Convert as booking threshold days limit not matched!"},"status":"0"}}
status code :200
response body :{"response":{"data":{"message":"Convert as booking threshold days limit not matched!"},"status":"0"}}
status code :200
response body :{"response":{"data":{"message":"Convert as booking threshold days limit not matched!"},"status":"0"}}
status code :200
response body :{"response":{"data":{"message":"Convert as booking threshold days limit not matched!"},"status":"0"}}
status code :200
response body :{"response":{"data":{"message":"Convert as booking threshold days limit not matched!"},"status":"0"}}
status code :200
response body :{"response":{"data":{"message":"Convert as booking threshold days limit not matched!"},"status":"0"}}
status code :200
response body :{"response":{"data":{"message":"Convert as booking threshold days limit not matched!"},"status":"0"}}
status code :200
response body :{"response":{"data":{"message":"Convert as booking threshold days limit not matched!"},"status":"0"}}
status code :200
response body :{"response":{"data":{"message":"Convert as booking threshold days limit not matched!"},"status":"0"}}
status code :200
response body :{"response":{"data":{"message":"Convert as booking threshold days limit not matched!"},"status":"0"}}
status code :200
response body :{"response":{"data":{"message":"Convert as booking threshold days limit not matched!"},"status":"0"}}
status code :200
response body :{"response":{"data":{"message":"Convert as booking threshold days limit not matched!"},"status":"0"}}
status code :200
response body :{"response":{"data":{"message":"Convert as booking threshold days limit not matched!"},"status":"0"}}
status code :200
response body :{"response":{"data":{"message":"Convert as booking threshold days limit not matched!"},"status":"0"}}
status code :200
response body :{"response":{"data":{"message":"Convert as booking threshold days limit not matched!"},"status":"0"}}
status code :200
response body :{"response":{"data":{"message":"Convert as booking threshold days limit not matched!"},"status":"0"}}
status code :200
response body :{"response":{"data":{"message":"Convert as booking threshold days limit not matched!"},"status":"0"}}
status code :200
response body :{"response":{"data":{"message":"Convert as booking threshold days limit not matched!"},"status":"0"}}
status code :200
response body :{"response":{"data":{"message":"Convert as booking threshold days limit not matched!"},"status":"0"}}
status code :200
response body :{"response":{"data":{"message":"Convert as booking threshold days limit not matched!"},"status":"0"}}
status code :200
response body :{"response":{"data":{"message":"Convert as booking threshold days limit not matched!"},"status":"0"}}
status code :200
response body :{"response":{"data":{"message":"Convert as booking threshold days limit not matched!"},"status":"0"}}
status code :200
response body :{"response":{"data":{"message":"Convert as booking threshold days limit not matched!"},"status":"0"}}
status code :200
response body :{"response":{"data":{"message":"Convert as booking threshold days limit not matched!"},"status":"0"}}
status code :200
response body :{"response":{"data":{"message":"Convert as booking threshold days limit not matched!"},"status":"0"}}
status code :200
response body :{"response":{"data":{"message":"Convert as booking threshold days limit not matched!"},"status":"0"}}
status code :200
response body :{"response":{"data":{"message":"Convert as booking threshold days limit not matched!"},"status":"0"}}
status code :200
response body :{"response":{"data":{"message":"Convert as booking threshold days limit not matched!"},"status":"0"}}
status code :200
response body :{"response":{"data":{"message":"Convert as booking threshold days limit not matched!"},"status":"0"}}
status code :200
response body :{"response":{"data":{"message":"Convert as booking threshold days limit not matched!"},"status":"0"}}
status code :200
response body :{"response":{"data":{"message":"Convert as booking threshold days limit not matched!"},"status":"0"}}
status code :200
response body :{"response":{"data":{"message":"Convert as booking threshold days limit not matched!"},"status":"0"}}
status code :200
response body :{"response":{"data":{"message":"Convert as booking threshold days limit not matched!"},"status":"0"}}
status code :200
response body :{"response":{"data":{"message":"Convert as booking threshold days limit not matched!"},"status":"0"}}
status code :200
response body :{"response":{"data":{"message":"Convert as booking threshold days limit not matched!"},"status":"0"}}
status code :200
response body :{"response":{"data":{"message":"Convert as booking threshold days limit not matched!"},"status":"0"}}
status code :200
response body :{"response":{"data":{"message":"Convert as booking threshold days limit not matched!"},"status":"0"}}
status code :200
response body :{"response":{"data":{"message":"Convert as booking threshold days limit not matched!"},"status":"0"}}
status code :200
response body :{"response":{"data":{"message":"Convert as booking threshold days limit not matched!"},"status":"0"}}
status code :200
response body :{"response":{"data":{"message":"Convert as booking threshold days limit not matched!"},"status":"0"}}
status code :200
response body :{"response":{"data":{"message":"Convert as booking threshold days limit not matched!"},"status":"0"}}
status code :200
response body :{"response":{"data":{"message":"Convert as booking threshold days limit not matched!"},"status":"0"}}
status code :200
response body :{"response":{"data":{"message":"Convert as booking threshold days limit not matched!"},"status":"0"}}
status code :200
response body :{"response":{"data":{"message":"Convert as booking threshold days limit not matched!"},"status":"0"}}
status code :200
response body :{"response":{"data":{"message":"Convert as booking threshold days limit not matched!"},"status":"0"}}
status code :200
response body :{"response":{"data":{"message":"Convert as booking threshold days limit not matched!"},"status":"0"}}
status code :200
response body :{"response":{"data":{"message":"Convert as booking threshold days limit not matched!"},"status":"0"}}
status code :200
response body :{"response":{"data":{"message":"Convert as booking threshold days limit not matched!"},"status":"0"}}
status code :200
response body :{"response":{"data":{"message":"Convert as booking threshold days limit not matched!"},"status":"0"}}
status code :200
response body :{"response":{"data":{"message":"Convert as booking threshold days limit not matched!"},"status":"0"}}
status code :200
response body :{"response":{"data":{"message":"Convert as booking threshold days limit not matched!"},"status":"0"}}
status code :200
response body :{"response":{"data":{"message":"Convert as booking threshold days limit not matched!"},"status":"0"}}
status code :200
response body :{"response":{"data":{"message":"Convert as booking threshold days limit not matched!"},"status":"0"}}
status code :200
response body :{"response":{"data":{"message":"Convert as booking threshold days limit not matched!"},"status":"0"}}
status code :200
response body :{"response":{"data":{"message":"Convert as booking threshold days limit not matched!"},"status":"0"}}
status code :200
response body :{"response":{"data":{"message":"Convert as booking threshold days limit not matched!"},"status":"0"}}
status code :200
response body :{"response":{"data":{"message":"Convert as booking threshold days limit not matched!"},"status":"0"}}
status code :200
response body :{"response":{"data":{"message":"Convert as booking threshold days limit not matched!"},"status":"0"}}
status code :200
response body :{"response":{"data":{"message":"Convert as booking threshold days limit not matched!"},"status":"0"}}
status code :200
response body :{"response":{"data":{"message":"Convert as booking threshold days limit not matched!"},"status":"0"}}
status code :200
response body :{"response":{"data":{"message":"Convert as booking threshold days limit not matched!"},"status":"0"}}
status code :200
response body :{"response":{"data":{"message":"Convert as booking threshold days limit not matched!"},"status":"0"}}
status code :200
response body :{"response":{"data":{"message":"Convert as booking threshold days limit not matched!"},"status":"0"}}
status code :200
response body :{"response":{"data":{"message":"Convert as booking threshold days limit not matched!"},"status":"0"}}
status code :200
response body :{"response":{"data":{"message":"Convert as booking threshold days limit not matched!"},"status":"0"}}
status code :200
response body :{"response":{"data":{"message":"Convert as booking threshold days limit not matched!"},"status":"0"}}
status code :200
response body :{"response":{"data":{"message":"Convert as booking threshold days limit not matched!"},"status":"0"}}
status code :200
response body :{"response":{"data":{"message":"Convert as booking threshold days limit not matched!"},"status":"0"}}
status code :200
response body :{"response":{"data":{"message":"Convert as booking threshold days limit not matched!"},"status":"0"}}
status code :200
response body :{"response":{"data":{"message":"Convert as booking threshold days limit not matched!"},"status":"0"}}
status code :200
response body :{"response":{"data":{"message":"Convert as booking threshold days limit not matched!"},"status":"0"}}
status code :200
response body :{"response":{"data":{"message":"Convert as booking threshold days limit not matched!"},"status":"0"}}
status code :200
response body :{"response":{"data":{"message":"Convert as booking threshold days limit not matched!"},"status":"0"}}
status code :200
response body :{"response":{"data":{"message":"Successfully Updated the Booking amount"},"status":"1"}}
status code :200
response body :{"response":{"data":{"message":"Convert as booking threshold days limit not matched!"},"status":"0"}}
status code :200
response body :{"response":{"data":{"message":"Convert as booking threshold days limit not matched!"},"status":"0"}}
status code :200
response body :{"response":{"data":{"message":"Convert as booking threshold days limit not matched!"},"status":"0"}}
status code :200
response body :{"response":{"data":{"message":"Convert as booking threshold days limit not matched!"},"status":"0"}}
status code :200
response body :{"response":{"data":{"message":"Convert as booking threshold days limit not matched!"},"status":"0"}}
status code :200
response body :{"response":{"data":{"message":"Convert as booking threshold days limit not matched!"},"status":"0"}}
status code :200
response body :{"response":{"data":{"message":"Convert as booking threshold days limit not matched!"},"status":"0"}}
status code :200
response body :{"response":{"data":{"message":"Convert as booking threshold days limit not matched!"},"status":"0"}}
status code :200
response body :{"response":{"data":{"message":"Convert as booking threshold days limit not matched!"},"status":"0"}}
status code :200
response body :{"response":{"data":{"message":"Convert as booking threshold days limit not matched!"},"status":"0"}}
status code :200
response body :{"response":{"data":{"message":"Convert as booking threshold days limit not matched!"},"status":"0"}}
status code :200
response body :{"response":{"data":{"message":"Convert as booking threshold days limit not matched!"},"status":"0"}}
status code :200
response body :{"response":{"data":{"message":"Convert as booking threshold days limit not matched!"},"status":"0"}}
status code :200
response body :{"response":{"data":{"message":"Convert as booking threshold days limit not matched!"},"status":"0"}}
status code :200
response body :{"response":{"data":{"message":"Convert as booking threshold days limit not matched!"},"status":"0"}}
status code :200
response body :{"response":{"data":{"message":"Convert as booking threshold days limit not matched!"},"status":"0"}}
status code :200
response body :{"response":{"data":{"message":"Convert as booking threshold days limit not matched!"},"status":"0"}}
]]></system-out>
    <system-err><![CDATA[SLF4J: Failed to load class "org.slf4j.impl.StaticLoggerBinder".
SLF4J: Defaulting to no-operation (NOP) logger implementation
SLF4J: See http://www.slf4j.org/codes.html#StaticLoggerBinder for further details.
Starting ChromeDriver 98.0.4758.102 (273bf7ac8c909cde36982d27f66f3c70846a3718-refs/branch-heads/4758@{#1151}) on port 4040
Only local connections are allowed.
Please see https://chromedriver.chromium.org/security-considerations for suggestions on keeping ChromeDriver safe.
ChromeDriver was started successfully.
Feb 27, 2022 1:40:00 PM org.openqa.selenium.remote.ProtocolHandshake createSession
INFO: Detected dialect: W3C
]]></system-err>
  </testcase>
</testsuite>