<?xml version="1.0" encoding="UTF-8"?>
<!-- Generated by org.testng.reporters.JUnitReportReporter -->
<testsuite skipped="0" hostname="DESKTOP-A6KN624" name="amazon.ExecuteClass" tests="1" failures="0" timestamp="27 Feb 2022 08:22:51 GMT" time="775.398" errors="0">
  <testcase name="amazon_relay" time="775.398" classname="amazon.ExecuteClass"/>
</testsuite> <!-- amazon.ExecuteClass -->
